2026-03-24 16:01:24 [INFO]: 🚀 Server running on port 3000 
2026-03-24 16:01:25 [INFO]: ✅ Connected to MongoDB 
2026-03-24 16:01:25 [INFO]: 🔥  Forced seeding of Exam Database enabled. 
2026-03-24 16:01:25 [INFO]: ⚠ Clearing old Questions... 
2026-03-24 16:01:27 [INFO]: ⚠ Clearing old Topics... 
2026-03-24 16:01:28 [INFO]: ⚠ Clearing old Units... 
2026-03-24 16:01:28 [INFO]: ⚠ Clearing old Subjects... 
2026-03-24 16:01:28 [INFO]: ⚠ Clearing old Exams... 
2026-03-24 16:01:28 [INFO]: ⚠ Clearing old Payments... 
2026-03-24 16:01:28 [INFO]: ⚡ Seeding Exam database... 
2026-03-24 16:01:28 [INFO]: 🔥 Exam seeded: 4 successfully! 
2026-03-24 16:01:28 [INFO]: 🔥 Subject seeded: 4 successfully! 
2026-03-24 16:01:29 [INFO]: 🔥 Unit seeded: 11 successfully! 
2026-03-24 16:01:29 [INFO]: 🔥 Topics seeded: 49 successfully! 
2026-03-24 16:01:29 [INFO]: 🔥 Questions seeded: 460 successfully! 
2026-03-24 16:01:29 [INFO]: ✅ All Exam database seeded successfully! 
2026-03-24 16:01:29 [INFO]: 🔥  Forced seeding of UserRoles Database enabled. 
2026-03-24 16:01:29 [INFO]: ⚠ Clearing old Users... 
2026-03-24 16:01:29 [INFO]: ⚠ Clearing old Roles... 
2026-03-24 16:01:29 [INFO]: ⚡ Seeding UserRoles Database ... 
2026-03-24 16:01:29 [INFO]: 🔥 Roles seeded: 5 successfully! 
2026-03-24 16:01:29 [INFO]: 🔥 Users seeded: 1 successfully! 
2026-03-24 16:01:29 [INFO]: ✅ All UserRole Database seeded successfully! 
2026-03-24 16:18:04 [INFO]: 🚀 Server running on port 3000 
2026-03-24 16:18:04 [INFO]: ✅ Connected to MongoDB 
2026-03-24 16:18:04 [INFO]: 🔥  Forced seeding of Exam Database enabled. 
2026-03-24 16:18:04 [INFO]: ⚠ Clearing old Questions... 
2026-03-24 16:18:04 [INFO]: ⚠ Clearing old Topics... 
2026-03-24 16:18:05 [INFO]: ⚠ Clearing old Units... 
2026-03-24 16:18:05 [INFO]: ⚠ Clearing old Subjects... 
2026-03-24 16:18:05 [INFO]: ⚠ Clearing old Exams... 
2026-03-24 16:18:05 [INFO]: ⚠ Clearing old Payments... 
2026-03-24 16:18:05 [INFO]: ⚡ Seeding Exam database... 
2026-03-24 16:18:06 [INFO]: 🔥 Exam seeded: 4 successfully! 
2026-03-24 16:18:06 [INFO]: 🔥 Subject seeded: 4 successfully! 
2026-03-24 16:18:06 [INFO]: 🔥 Unit seeded: 11 successfully! 
2026-03-24 16:18:06 [INFO]: 🔥 Topics seeded: 49 successfully! 
2026-03-24 16:18:06 [INFO]: 🔥 Questions seeded: 460 successfully! 
2026-03-24 16:18:06 [INFO]: ✅ All Exam database seeded successfully! 
2026-03-24 16:18:06 [INFO]: 🔥  Forced seeding of UserRoles Database enabled. 
2026-03-24 16:18:06 [INFO]: ⚠ Clearing old Users... 
2026-03-24 16:18:06 [INFO]: ⚠ Clearing old Roles... 
2026-03-24 16:18:06 [INFO]: ⚡ Seeding UserRoles Database ... 
2026-03-24 16:18:06 [INFO]: 🔥 Roles seeded: 5 successfully! 
2026-03-24 16:18:06 [INFO]: 🔥 Users seeded: 1 successfully! 
2026-03-24 16:18:06 [INFO]: ✅ All UserRole Database seeded successfully! 
2026-03-24 16:18:13 [INFO]: GET / ::1 
2026-03-24 16:18:13 [INFO]: GET /css/desktopStyle.css ::1 
2026-03-24 16:18:13 [INFO]: GET /images/biobrain-logo1.png ::1 
2026-03-24 16:18:13 [INFO]: GET /js/navibar.js ::1 
2026-03-24 16:18:13 [INFO]: GET /images/dna-pattern.png ::1 
2026-03-24 16:18:13 [INFO]: GET /images/molucule-structure.png ::1 
2026-03-24 16:18:13 [INFO]: GET /favicon.ico ::1 
2026-03-24 16:18:19 [INFO]: GET /login ::1 
2026-03-24 16:18:19 [INFO]: GET /css/desktopStyle.css ::1 
2026-03-24 16:18:19 [INFO]: GET /images/biobrain-logo1.png ::1 
2026-03-24 16:18:19 [INFO]: GET /js/navibar.js ::1 
2026-03-24 16:18:34 [INFO]: POST /login ::1 
2026-03-24 16:18:34 [INFO]: GET / ::1 
2026-03-24 16:18:34 [INFO]: GET /css/desktopStyle.css ::1 
2026-03-24 16:18:34 [INFO]: GET /images/biobrain-logo1.png ::1 
2026-03-24 16:18:34 [INFO]: GET /js/navibar.js ::1 
2026-03-24 16:18:36 [INFO]: GET /mocktest/init/E4/S1 ::1 
2026-03-24 16:18:37 [INFO]: GET /css/desktopStyle.css ::1 
2026-03-24 16:18:37 [INFO]: GET /images/biobrain-logo1.png ::1 
2026-03-24 16:18:37 [INFO]: GET /js/navibar.js ::1 
2026-03-24 16:18:37 [INFO]: GET /units/E4/S1 ::1 
2026-03-24 16:18:40 [INFO]: GET /topics/E4/S1/U1 ::1 
2026-03-24 16:18:43 [INFO]: POST /mocktest/createorder ::1 
2026-03-24 16:18:44 [INFO]: GET /css/desktopStyle.css ::1 
2026-03-24 16:18:45 [INFO]: POST /mocktest/submit ::1 
2026-03-24 16:18:51 [INFO]: GET / ::1 
2026-03-24 16:18:51 [INFO]: GET /css/desktopStyle.css ::1 
2026-03-24 16:18:51 [INFO]: GET /images/biobrain-logo1.png ::1 
2026-03-24 16:18:51 [INFO]: GET /js/navibar.js ::1 
2026-03-24 16:19:07 [INFO]: GET / ::1 
2026-03-24 16:19:07 [INFO]: GET /css/desktopStyle.css ::1 
2026-03-24 16:19:07 [INFO]: GET /images/biobrain-logo1.png ::1 
2026-03-24 16:19:07 [INFO]: GET /js/navibar.js ::1 
2026-03-24 16:19:09 [INFO]: GET /admin ::1 
2026-03-24 16:19:10 [INFO]: GET /css/adminStyle.css ::1 
2026-03-24 16:19:10 [INFO]: GET /js/admin.js ::1 
2026-03-24 16:19:22 [INFO]: GET / ::1 
2026-03-24 16:19:22 [INFO]: GET /css/desktopStyle.css ::1 
2026-03-24 16:19:22 [INFO]: GET /images/biobrain-logo1.png ::1 
2026-03-24 16:19:22 [INFO]: GET /js/navibar.js ::1 
2026-03-24 16:19:24 [INFO]: GET /admin ::1 
2026-03-24 16:19:24 [INFO]: GET /css/adminStyle.css ::1 
2026-03-24 16:19:24 [INFO]: GET /js/admin.js ::1 
2026-03-24 16:19:27 [INFO]: GET /admin/userroles ::1 
2026-03-24 16:19:27 [INFO]: GET /css/adminStyle.css ::1 
2026-03-24 16:34:14 [INFO]: GET / ::1 
2026-03-24 16:34:14 [INFO]: GET /js/navibar.js ::1 
2026-03-24 16:34:14 [INFO]: GET /css/desktopStyle.css ::1 
2026-03-24 16:34:14 [INFO]: GET /images/biobrain-logo1.png ::1 
2026-03-24 16:34:14 [INFO]: GET /images/dna-pattern.png ::1 
2026-03-24 16:34:14 [INFO]: GET /images/molucule-structure.png ::1 
2026-03-24 16:34:17 [INFO]: GET / ::1 
2026-03-24 16:34:17 [INFO]: GET /css/desktopStyle.css ::1 
2026-03-24 16:34:17 [INFO]: GET /images/biobrain-logo1.png ::1 
2026-03-24 16:34:17 [INFO]: GET /js/navibar.js ::1 
2026-03-24 16:34:17 [INFO]: GET /images/dna-pattern.png ::1 
2026-03-24 16:34:17 [INFO]: GET /images/molucule-structure.png ::1 
2026-03-24 16:34:29 [INFO]: GET / ::1 
2026-03-24 16:34:30 [INFO]: GET /css/desktopStyle.css ::1 
2026-03-24 16:34:30 [INFO]: GET /images/biobrain-logo1.png ::1 
2026-03-24 16:34:30 [INFO]: GET /js/navibar.js ::1 
2026-03-24 16:34:30 [INFO]: GET /images/dna-pattern.png ::1 
2026-03-24 16:34:30 [INFO]: GET /images/molucule-structure.png ::1 
2026-03-24 16:34:31 [INFO]: GET /login ::1 
2026-03-24 16:34:31 [INFO]: GET /css/desktopStyle.css ::1 
2026-03-24 16:34:31 [INFO]: GET /images/biobrain-logo1.png ::1 
2026-03-24 16:34:31 [INFO]: GET /js/navibar.js ::1 
2026-03-24 16:34:41 [INFO]: POST /login ::1 
2026-03-24 16:34:44 [INFO]: GET /register ::1 
2026-03-24 16:34:44 [INFO]: GET /css/desktopStyle.css ::1 
2026-03-24 16:34:44 [INFO]: GET /images/biobrain-logo1.png ::1 
2026-03-24 16:34:44 [INFO]: GET /js/navibar.js ::1 
2026-03-24 16:35:02 [INFO]: POST /register ::1 
2026-03-24 16:35:04 [INFO]: GET /login ::1 
2026-03-24 16:35:05 [INFO]: GET /css/desktopStyle.css ::1 
2026-03-24 16:35:05 [INFO]: GET /images/biobrain-logo1.png ::1 
2026-03-24 16:35:05 [INFO]: GET /js/navibar.js ::1 
2026-03-24 16:35:15 [INFO]: POST /login ::1 
2026-03-24 16:35:15 [INFO]: GET / ::1 
2026-03-24 16:35:15 [INFO]: GET /css/desktopStyle.css ::1 
2026-03-24 16:35:15 [INFO]: GET /images/biobrain-logo1.png ::1 
2026-03-24 16:35:15 [INFO]: GET /js/navibar.js ::1 
2026-03-24 16:35:31 [INFO]: GET /admin ::1 
2026-03-24 16:35:38 [INFO]: GET /admin ::1 
2026-03-24 16:35:39 [INFO]: GET /css/adminStyle.css ::1 
2026-03-24 16:35:39 [INFO]: GET /js/admin.js ::1 
2026-03-24 16:35:40 [INFO]: GET /admin/userroles ::1 
2026-03-24 16:35:40 [INFO]: GET /css/adminStyle.css ::1 
2026-03-24 16:35:42 [INFO]: GET /admin/userroles ::1 
2026-03-24 16:35:42 [INFO]: GET /css/adminStyle.css ::1 
2026-03-24 16:35:43 [INFO]: GET /admin/userroles ::1 
2026-03-24 16:35:43 [INFO]: GET /css/adminStyle.css ::1 
2026-03-24 16:35:44 [INFO]: GET /admin/userroles ::1 
2026-03-24 16:35:44 [INFO]: GET /css/adminStyle.css ::1 
2026-03-24 16:36:59 [INFO]: GET /admin/units ::1 
2026-03-24 16:36:59 [INFO]: GET /css/adminStyle.css ::1 
2026-03-24 16:36:59 [INFO]: GET /admin/exams ::1 
2026-03-24 16:37:00 [INFO]: GET /css/adminStyle.css ::1 
2026-03-24 16:37:00 [INFO]: GET /admin/questions ::1 
2026-03-24 16:37:01 [INFO]: GET /admin/userroles ::1 
2026-03-24 16:37:02 [INFO]: GET /css/adminStyle.css ::1 
2026-03-24 16:37:02 [INFO]: GET /admin/userroles ::1 
2026-03-24 16:37:03 [INFO]: GET /css/adminStyle.css ::1 
2026-03-24 16:38:32 [INFO]: GET /profile ::1 
2026-03-24 16:38:32 [INFO]: GET /dashboard ::1 
2026-03-24 16:38:34 [INFO]: GET / ::1 
2026-03-24 16:38:34 [INFO]: GET /css/desktopStyle.css ::1 
2026-03-24 16:38:34 [INFO]: GET /images/biobrain-logo1.png ::1 
2026-03-24 16:38:34 [INFO]: GET /js/navibar.js ::1 
2026-03-24 16:38:34 [INFO]: GET /images/dna-pattern.png ::1 
2026-03-24 16:38:34 [INFO]: GET /images/molucule-structure.png ::1 
2026-03-24 16:38:39 [INFO]: GET /logout ::1 
2026-03-24 16:38:39 [INFO]: GET / ::1 
2026-03-24 16:38:39 [INFO]: GET /css/desktopStyle.css ::1 
2026-03-24 16:38:39 [INFO]: GET /images/biobrain-logo1.png ::1 
2026-03-24 16:38:39 [INFO]: GET /js/navibar.js ::1 
2026-03-24 16:38:41 [INFO]: GET /login ::1 
2026-03-24 16:38:41 [INFO]: GET /css/desktopStyle.css ::1 
2026-03-24 16:38:41 [INFO]: GET /images/biobrain-logo1.png ::1 
2026-03-24 16:38:41 [INFO]: GET /js/navibar.js ::1 
2026-03-24 16:38:52 [INFO]: POST /login ::1 
2026-03-24 16:38:56 [INFO]: GET /register ::1 
2026-03-24 16:38:56 [INFO]: GET /css/desktopStyle.css ::1 
2026-03-24 16:38:56 [INFO]: GET /images/biobrain-logo1.png ::1 
2026-03-24 16:38:56 [INFO]: GET /js/navibar.js ::1 
2026-03-24 16:39:11 [INFO]: POST /register ::1 
2026-03-24 16:39:13 [INFO]: GET /login ::1 
2026-03-24 16:39:13 [INFO]: GET /css/desktopStyle.css ::1 
2026-03-24 16:39:13 [INFO]: GET /images/biobrain-logo1.png ::1 
2026-03-24 16:39:13 [INFO]: GET /js/navibar.js ::1 
2026-03-24 16:39:35 [INFO]: GET /admin/userroles ::1 
2026-03-24 16:39:35 [INFO]: GET /css/adminStyle.css ::1 
2026-03-24 16:40:16 [INFO]: POST /login ::1 
2026-03-24 16:40:16 [INFO]: GET / ::1 
2026-03-24 16:40:16 [INFO]: GET /css/desktopStyle.css ::1 
2026-03-24 16:40:16 [INFO]: GET /images/biobrain-logo1.png ::1 
2026-03-24 16:40:16 [INFO]: GET /js/navibar.js ::1 
2026-03-24 16:40:16 [INFO]: GET /images/dna-pattern.png ::1 
2026-03-24 16:40:16 [INFO]: GET /images/molucule-structure.png ::1 
2026-03-24 16:40:18 [INFO]: GET /admin ::1 
2026-03-24 16:40:23 [INFO]: POST /admin/users/add-role ::1 
2026-03-24 16:40:26 [INFO]: GET / ::1 
2026-03-24 16:40:26 [INFO]: GET /css/desktopStyle.css ::1 
2026-03-24 16:40:26 [INFO]: GET /images/biobrain-logo1.png ::1 
2026-03-24 16:40:26 [INFO]: GET /js/navibar.js ::1 
2026-03-24 16:40:29 [INFO]: POST /admin/users/add-role ::1 
2026-03-24 16:40:34 [INFO]: GET /admin ::1 
2026-03-24 16:40:37 [INFO]: GET / ::1 
2026-03-24 16:40:37 [INFO]: GET /css/desktopStyle.css ::1 
2026-03-24 16:40:37 [INFO]: GET /images/biobrain-logo1.png ::1 
2026-03-24 16:40:37 [INFO]: GET /js/navibar.js ::1 
2026-03-24 16:40:37 [INFO]: GET /images/dna-pattern.png ::1 
2026-03-24 16:40:37 [INFO]: GET /images/molucule-structure.png ::1 
2026-03-24 16:40:38 [INFO]: GET /admin ::1 
2026-03-24 16:40:46 [INFO]: GET / ::1 
2026-03-24 16:40:46 [INFO]: GET /css/desktopStyle.css ::1 
2026-03-24 16:40:46 [INFO]: GET /images/biobrain-logo1.png ::1 
2026-03-24 16:40:46 [INFO]: GET /js/navibar.js ::1 
2026-03-24 16:40:52 [INFO]: GET /admin ::1 
2026-03-24 16:41:01 [INFO]: GET / ::1 
2026-03-24 16:41:01 [INFO]: GET /css/desktopStyle.css ::1 
2026-03-24 16:41:01 [INFO]: GET /images/biobrain-logo1.png ::1 
2026-03-24 16:41:01 [INFO]: GET /js/navibar.js ::1 
2026-03-24 16:41:40 [INFO]: 🚀 Server running on port 3000 
2026-03-24 16:41:41 [INFO]: ✅ Connected to MongoDB 
2026-03-24 16:41:41 [INFO]: 🔥  Forced seeding of Exam Database enabled. 
2026-03-24 16:41:41 [INFO]: ⚠ Clearing old Questions... 
2026-03-24 16:41:41 [INFO]: ⚠ Clearing old Topics... 
2026-03-24 16:41:42 [INFO]: ⚠ Clearing old Units... 
2026-03-24 16:41:42 [INFO]: ⚠ Clearing old Subjects... 
2026-03-24 16:41:42 [INFO]: ⚠ Clearing old Exams... 
2026-03-24 16:41:43 [INFO]: ⚠ Clearing old Payments... 
2026-03-24 16:41:43 [INFO]: ⚡ Seeding Exam database... 
2026-03-24 16:41:43 [INFO]: 🔥 Exam seeded: 4 successfully! 
2026-03-24 16:41:43 [INFO]: 🔥 Subject seeded: 4 successfully! 
2026-03-24 16:41:43 [INFO]: 🔥 Unit seeded: 11 successfully! 
2026-03-24 16:41:43 [INFO]: 🔥 Topics seeded: 49 successfully! 
2026-03-24 16:41:43 [INFO]: 🔥 Questions seeded: 460 successfully! 
2026-03-24 16:41:43 [INFO]: ✅ All Exam database seeded successfully! 
2026-03-24 16:41:43 [INFO]: ✅ Forced seeding of UserRoles Database disabled. Skipping... 
2026-03-24 16:41:55 [INFO]: GET /admin/userroles ::1 
2026-03-24 16:41:55 [INFO]: GET /login ::1 
2026-03-24 16:41:55 [INFO]: GET /css/desktopStyle.css ::1 
2026-03-24 16:41:55 [INFO]: GET /images/biobrain-logo1.png ::1 
2026-03-24 16:41:55 [INFO]: GET /js/navibar.js ::1 
2026-03-24 16:42:06 [INFO]: POST /login ::1 
2026-03-24 16:42:06 [INFO]: GET / ::1 
2026-03-24 16:42:07 [INFO]: GET /css/desktopStyle.css ::1 
2026-03-24 16:42:07 [INFO]: GET /images/biobrain-logo1.png ::1 
2026-03-24 16:42:07 [INFO]: GET /js/navibar.js ::1 
2026-03-24 16:42:07 [INFO]: GET /images/dna-pattern.png ::1 
2026-03-24 16:42:07 [INFO]: GET /images/molucule-structure.png ::1 
2026-03-24 16:42:08 [INFO]: GET /admin ::1 
2026-03-24 16:42:08 [INFO]: GET /login ::1 
2026-03-24 16:42:08 [INFO]: GET /css/desktopStyle.css ::1 
2026-03-24 16:42:08 [INFO]: GET /images/biobrain-logo1.png ::1 
2026-03-24 16:42:08 [INFO]: GET /js/navibar.js ::1 
2026-03-24 16:42:10 [INFO]: GET /admin ::1 
2026-03-24 16:42:10 [INFO]: GET /login ::1 
2026-03-24 16:42:10 [INFO]: GET /css/desktopStyle.css ::1 
2026-03-24 16:42:10 [INFO]: GET /images/biobrain-logo1.png ::1 
2026-03-24 16:42:10 [INFO]: GET /js/navibar.js ::1 
2026-03-24 16:42:30 [INFO]: POST /login ::1 
2026-03-24 16:42:30 [INFO]: GET / ::1 
2026-03-24 16:42:30 [INFO]: GET /css/desktopStyle.css ::1 
2026-03-24 16:42:30 [INFO]: GET /images/biobrain-logo1.png ::1 
2026-03-24 16:42:30 [INFO]: GET /js/navibar.js ::1 
2026-03-24 16:42:33 [INFO]: GET /mocktest/init/E4/S1 ::1 
2026-03-24 16:42:33 [INFO]: GET /css/desktopStyle.css ::1 
2026-03-24 16:42:33 [INFO]: GET /images/biobrain-logo1.png ::1 
2026-03-24 16:42:33 [INFO]: GET /js/navibar.js ::1 
2026-03-24 16:42:33 [INFO]: GET /units/E4/S1 ::1 
2026-03-24 16:42:34 [INFO]: GET /admin ::1 
2026-03-24 16:42:34 [INFO]: GET /login ::1 
2026-03-24 16:42:34 [INFO]: GET /css/desktopStyle.css ::1 
2026-03-24 16:42:34 [INFO]: GET /images/biobrain-logo1.png ::1 
2026-03-24 16:42:34 [INFO]: GET /js/navibar.js ::1 
2026-03-24 16:43:16 [INFO]: 🚀 Server running on port 3000 
2026-03-24 16:43:16 [INFO]: ✅ Connected to MongoDB 
2026-03-24 16:43:16 [INFO]: 🔥  Forced seeding of Exam Database enabled. 
2026-03-24 16:43:16 [INFO]: ⚠ Clearing old Questions... 
2026-03-24 16:43:17 [INFO]: ⚠ Clearing old Topics... 
2026-03-24 16:43:17 [INFO]: ⚠ Clearing old Units... 
2026-03-24 16:43:17 [INFO]: ⚠ Clearing old Subjects... 
2026-03-24 16:43:17 [INFO]: ⚠ Clearing old Exams... 
2026-03-24 16:43:18 [INFO]: ⚠ Clearing old Payments... 
2026-03-24 16:43:18 [INFO]: ⚡ Seeding Exam database... 
2026-03-24 16:43:18 [INFO]: 🔥 Exam seeded: 4 successfully! 
2026-03-24 16:43:18 [INFO]: 🔥 Subject seeded: 4 successfully! 
2026-03-24 16:43:18 [INFO]: 🔥 Unit seeded: 11 successfully! 
2026-03-24 16:43:18 [INFO]: 🔥 Topics seeded: 49 successfully! 
2026-03-24 16:43:18 [INFO]: 🔥 Questions seeded: 460 successfully! 
2026-03-24 16:43:18 [INFO]: ✅ All Exam database seeded successfully! 
2026-03-24 16:43:18 [INFO]: ✅ Forced seeding of UserRoles Database disabled. Skipping... 
2026-03-24 16:43:20 [INFO]: GET /admin ::1 
2026-03-24 16:43:21 [INFO]: GET /login ::1 
2026-03-24 16:43:25 [INFO]: GET /login ::1 
2026-03-24 16:43:25 [INFO]: GET /css/desktopStyle.css ::1 
2026-03-24 16:43:25 [INFO]: GET /images/biobrain-logo1.png ::1 
2026-03-24 16:43:25 [INFO]: GET /js/navibar.js ::1 
2026-03-24 16:43:39 [INFO]: POST /login ::1 
2026-03-24 16:43:39 [INFO]: GET / ::1 
2026-03-24 16:43:39 [INFO]: GET /css/desktopStyle.css ::1 
2026-03-24 16:43:39 [INFO]: GET /images/biobrain-logo1.png ::1 
2026-03-24 16:43:39 [INFO]: GET /js/navibar.js ::1 
2026-03-24 16:43:39 [INFO]: GET /images/dna-pattern.png ::1 
2026-03-24 16:43:39 [INFO]: GET /images/molucule-structure.png ::1 
2026-03-24 16:43:42 [INFO]: GET /admin ::1 
2026-03-24 16:43:48 [INFO]: GET /admin ::1 
2026-03-24 16:43:57 [INFO]: GET / ::1 
2026-03-24 16:43:57 [INFO]: GET /css/desktopStyle.css ::1 
2026-03-24 16:43:57 [INFO]: GET /images/biobrain-logo1.png ::1 
2026-03-24 16:43:57 [INFO]: GET /js/navibar.js ::1 
2026-03-24 16:45:07 [INFO]: 🚀 Server running on port 3000 
2026-03-24 16:45:10 [INFO]: GET /admin ::1 
2026-03-24 16:45:13 [INFO]: GET / ::1 
2026-03-24 16:45:15 [INFO]: GET / ::1 
2026-03-24 16:45:18 [INFO]: GET /logout ::1 
2026-03-24 16:45:23 [INFO]: GET /logout ::1 
2026-03-24 16:45:27 [INFO]: GET / ::1 
2026-03-24 16:45:29 [INFO]: ✅ Connected to MongoDB 
2026-03-24 16:45:29 [INFO]: 🔥  Forced seeding of Exam Database enabled. 
2026-03-24 16:45:29 [INFO]: ⚠ Clearing old Questions... 
2026-03-24 16:45:30 [INFO]: GET /css/desktopStyle.css ::1 
2026-03-24 16:45:30 [INFO]: GET /images/biobrain-logo1.png ::1 
2026-03-24 16:45:30 [INFO]: GET /js/navibar.js ::1 
2026-03-24 16:45:30 [ERROR]: Error: Unable to find the session to touch
    at D:\Projects\BioBrainMdb\node_modules\connect-mongo\dist\index.cjs:385:194
    at process.processTicksAndRejections (node:internal/process/task_queues:103:5) {"user":"Guest","ip":"::1"}
2026-03-24 16:45:30 [INFO]: ⚠ Clearing old Topics... 
2026-03-24 16:45:30 [ERROR]: Error: Unable to find the session to touch
    at D:\Projects\BioBrainMdb\node_modules\connect-mongo\dist\index.cjs:385:194
    at process.processTicksAndRejections (node:internal/process/task_queues:103:5) {"user":"Guest","ip":"::1"}
2026-03-24 16:45:30 [INFO]: ⚠ Clearing old Units... 
2026-03-24 16:45:30 [INFO]: ⚠ Clearing old Subjects... 
2026-03-24 16:45:30 [INFO]: ⚠ Clearing old Exams... 
2026-03-24 16:45:30 [INFO]: ⚠ Clearing old Payments... 
2026-03-24 16:45:30 [INFO]: ⚡ Seeding Exam database... 
2026-03-24 16:45:30 [INFO]: 🔥 Exam seeded: 4 successfully! 
2026-03-24 16:45:31 [INFO]: 🔥 Subject seeded: 4 successfully! 
2026-03-24 16:45:31 [INFO]: 🔥 Unit seeded: 11 successfully! 
2026-03-24 16:45:31 [INFO]: 🔥 Topics seeded: 49 successfully! 
2026-03-24 16:45:32 [INFO]: 🔥 Questions seeded: 460 successfully! 
2026-03-24 16:45:32 [INFO]: ✅ All Exam database seeded successfully! 
2026-03-24 16:45:32 [INFO]: ✅ Forced seeding of UserRoles Database disabled. Skipping... 
2026-03-24 16:45:48 [INFO]: GET /admin ::1 
2026-03-24 16:45:48 [INFO]: GET /login ::1 
2026-03-24 16:45:48 [INFO]: GET /css/desktopStyle.css ::1 
2026-03-24 16:45:48 [INFO]: GET /images/biobrain-logo1.png ::1 
2026-03-24 16:45:48 [INFO]: GET /js/navibar.js ::1 
2026-03-24 16:45:59 [INFO]: POST /login ::1 
2026-03-24 16:45:59 [INFO]: GET /admin ::1 
2026-03-24 16:46:02 [INFO]: GET /keep-session-alive ::1 
2026-03-24 16:46:08 [INFO]: GET / ::1 
2026-03-24 16:46:08 [INFO]: GET /css/desktopStyle.css ::1 
2026-03-24 16:46:08 [INFO]: GET /js/navibar.js ::1 
2026-03-24 16:46:08 [INFO]: GET /images/biobrain-logo1.png ::1 
2026-03-24 16:48:39 [INFO]: 🚀 Server running on port 3000 
2026-03-24 16:48:39 [INFO]: GET /admin ::1 
2026-03-24 16:48:39 [INFO]: ✅ Connected to MongoDB 
2026-03-24 16:48:39 [INFO]: 🔥  Forced seeding of Exam Database enabled. 
2026-03-24 16:48:39 [INFO]: ⚠ Clearing old Questions... 
2026-03-24 16:48:40 [INFO]: ⚠ Clearing old Topics... 
2026-03-24 16:48:40 [INFO]: ⚠ Clearing old Units... 
2026-03-24 16:48:40 [INFO]: ⚠ Clearing old Subjects... 
2026-03-24 16:48:40 [INFO]: ⚠ Clearing old Exams... 
2026-03-24 16:48:40 [INFO]: ⚠ Clearing old Payments... 
2026-03-24 16:48:40 [INFO]: ⚡ Seeding Exam database... 
2026-03-24 16:48:41 [INFO]: GET / ::1 
2026-03-24 16:48:41 [INFO]: 🔥 Exam seeded: 4 successfully! 
2026-03-24 16:48:41 [INFO]: 🔥 Subject seeded: 4 successfully! 
2026-03-24 16:48:41 [INFO]: 🔥 Unit seeded: 11 successfully! 
2026-03-24 16:48:41 [INFO]: 🔥 Topics seeded: 49 successfully! 
2026-03-24 16:48:42 [INFO]: 🔥 Questions seeded: 460 successfully! 
2026-03-24 16:48:42 [INFO]: ✅ All Exam database seeded successfully! 
2026-03-24 16:48:42 [INFO]: ✅ Forced seeding of UserRoles Database disabled. Skipping... 
2026-03-24 16:48:44 [INFO]: GET / ::1 
2026-03-24 16:48:44 [INFO]: GET /css/desktopStyle.css ::1 
2026-03-24 16:48:44 [INFO]: GET /images/biobrain-logo1.png ::1 
2026-03-24 16:48:44 [INFO]: GET /js/navibar.js ::1 
2026-03-24 16:48:46 [INFO]: GET /admin ::1 
2026-03-24 16:48:55 [INFO]: GET / ::1 
2026-03-24 16:48:55 [INFO]: GET /css/desktopStyle.css ::1 
2026-03-24 16:48:55 [INFO]: GET /images/biobrain-logo1.png ::1 
2026-03-24 16:48:55 [INFO]: GET /js/navibar.js ::1 
2026-03-24 16:51:02 [INFO]: GET /keep-session-alive ::1 
2026-03-24 16:52:17 [INFO]: 🚀 Server running on port 3000 
2026-03-24 16:52:17 [INFO]: ✅ Connected to MongoDB 
2026-03-24 16:52:17 [INFO]: 🔥  Forced seeding of Exam Database enabled. 
2026-03-24 16:52:17 [INFO]: ⚠ Clearing old Questions... 
2026-03-24 16:52:18 [INFO]: ⚠ Clearing old Topics... 
2026-03-24 16:52:18 [INFO]: ⚠ Clearing old Units... 
2026-03-24 16:52:18 [INFO]: ⚠ Clearing old Subjects... 
2026-03-24 16:52:18 [INFO]: ⚠ Clearing old Exams... 
2026-03-24 16:52:18 [INFO]: ⚠ Clearing old Payments... 
2026-03-24 16:52:19 [INFO]: ⚡ Seeding Exam database... 
2026-03-24 16:52:19 [INFO]: 🔥 Exam seeded: 4 successfully! 
2026-03-24 16:52:19 [INFO]: 🔥 Subject seeded: 4 successfully! 
2026-03-24 16:52:19 [INFO]: 🔥 Unit seeded: 11 successfully! 
2026-03-24 16:52:19 [INFO]: 🔥 Topics seeded: 49 successfully! 
2026-03-24 16:52:20 [INFO]: 🔥 Questions seeded: 460 successfully! 
2026-03-24 16:52:20 [INFO]: ✅ All Exam database seeded successfully! 
2026-03-24 16:52:20 [INFO]: ✅ Forced seeding of UserRoles Database disabled. Skipping... 
2026-03-24 16:52:23 [INFO]: GET /admin ::1 
2026-03-24 16:52:23 [INFO]: GET /css/adminStyle.css ::1 
2026-03-24 16:52:23 [INFO]: GET /js/admin.js ::1 
2026-03-24 16:52:26 [INFO]: GET /admin/userroles ::1 
2026-03-24 16:52:26 [INFO]: GET /css/adminStyle.css ::1 
2026-03-24 16:52:28 [INFO]: POST /admin/users/remove-role ::1 
2026-03-24 16:52:29 [INFO]: POST /admin/users/remove-role ::1 
2026-03-24 16:52:32 [INFO]: GET /admin ::1 
2026-03-24 16:52:36 [INFO]: GET / ::1 
2026-03-24 16:52:45 [INFO]: POST /admin/users/add-role ::1 
2026-03-24 16:52:48 [INFO]: GET /admin ::1 
2026-03-24 16:52:48 [INFO]: GET /css/adminStyle.css ::1 
2026-03-24 16:52:48 [INFO]: GET /js/admin.js ::1 
2026-03-24 16:52:58 [INFO]: POST /admin/users/remove-role ::1 
2026-03-24 16:53:00 [INFO]: GET /admin/subjects ::1 
2026-03-24 16:53:04 [INFO]: GET /admin/units ::1 
2026-03-24 16:53:12 [INFO]: GET / ::1 
2026-03-24 16:53:12 [INFO]: GET /css/desktopStyle.css ::1 
2026-03-24 16:53:12 [INFO]: GET /images/biobrain-logo1.png ::1 
2026-03-24 16:53:12 [INFO]: GET /js/navibar.js ::1 
2026-03-24 16:53:12 [INFO]: GET /images/dna-pattern.png ::1 
2026-03-24 16:53:12 [INFO]: GET /images/molucule-structure.png ::1 
2026-03-24 16:53:14 [INFO]: GET /admin ::1 
2026-03-24 16:56:36 [INFO]: 🚀 Server running on port 3000 
2026-03-24 16:56:37 [INFO]: ✅ Connected to MongoDB 
2026-03-24 16:56:37 [INFO]: 🔥  Forced seeding of Exam Database enabled. 
2026-03-24 16:56:37 [INFO]: ⚠ Clearing old Questions... 
2026-03-24 16:56:37 [INFO]: ⚠ Clearing old Topics... 
2026-03-24 16:56:37 [INFO]: ⚠ Clearing old Units... 
2026-03-24 16:56:37 [INFO]: ⚠ Clearing old Subjects... 
2026-03-24 16:56:37 [INFO]: ⚠ Clearing old Exams... 
2026-03-24 16:56:38 [INFO]: ⚠ Clearing old Payments... 
2026-03-24 16:56:38 [INFO]: ⚡ Seeding Exam database... 
2026-03-24 16:56:39 [INFO]: 🔥 Exam seeded: 4 successfully! 
2026-03-24 16:56:39 [INFO]: 🔥 Subject seeded: 4 successfully! 
2026-03-24 16:56:39 [INFO]: 🔥 Unit seeded: 11 successfully! 
2026-03-24 16:56:39 [INFO]: 🔥 Topics seeded: 49 successfully! 
2026-03-24 16:56:39 [INFO]: 🔥 Questions seeded: 460 successfully! 
2026-03-24 16:56:39 [INFO]: ✅ All Exam database seeded successfully! 
2026-03-24 16:56:39 [INFO]: ✅ Forced seeding of UserRoles Database disabled. Skipping... 
2026-03-24 16:56:43 [INFO]: GET /admin ::1 
2026-03-24 16:56:48 [INFO]: POST /admin/users/add-role ::1 
2026-03-24 16:56:51 [INFO]: GET / ::1 
2026-03-24 16:56:52 [INFO]: GET /css/desktopStyle.css ::1 
2026-03-24 16:56:52 [INFO]: GET /images/biobrain-logo1.png ::1 
2026-03-24 16:56:52 [INFO]: GET /js/navibar.js ::1 
2026-03-24 16:56:52 [INFO]: GET /images/dna-pattern.png ::1 
2026-03-24 16:56:52 [INFO]: GET /images/molucule-structure.png ::1 
2026-03-24 16:56:53 [INFO]: GET /admin ::1 
2026-03-24 16:56:53 [INFO]: GET /css/adminStyle.css ::1 
2026-03-24 16:56:53 [INFO]: GET /js/admin.js ::1 
2026-03-24 16:56:55 [INFO]: GET /admin/userroles ::1 
2026-03-24 16:56:55 [INFO]: GET /css/adminStyle.css ::1 
2026-03-24 16:56:56 [INFO]: GET /admin/questions ::1 
2026-03-24 16:56:57 [INFO]: GET /css/adminStyle.css ::1 
2026-03-24 16:56:58 [INFO]: GET /admin/userroles ::1 
2026-03-24 16:56:58 [INFO]: GET /css/adminStyle.css ::1 
2026-03-24 16:57:00 [INFO]: POST /admin/users/remove-role ::1 
2026-03-24 16:57:02 [INFO]: GET /admin ::1 
2026-03-24 16:57:04 [INFO]: GET / ::1 
2026-03-24 16:57:04 [INFO]: GET /css/desktopStyle.css ::1 
2026-03-24 16:57:04 [INFO]: GET /images/biobrain-logo1.png ::1 
2026-03-24 16:57:04 [INFO]: GET /js/navibar.js ::1 
2026-03-24 16:57:05 [INFO]: GET /admin ::1 
2026-03-24 16:57:14 [INFO]: GET / ::1 
2026-03-24 16:57:14 [INFO]: GET /css/desktopStyle.css ::1 
2026-03-24 16:57:14 [INFO]: GET /js/navibar.js ::1 
2026-03-24 16:57:14 [INFO]: GET /images/biobrain-logo1.png ::1 
2026-03-24 16:57:14 [INFO]: GET /images/dna-pattern.png ::1 
2026-03-24 16:57:14 [INFO]: GET /images/molucule-structure.png ::1 
2026-03-24 16:57:59 [INFO]: GET /admin/exams ::1 
2026-03-24 16:58:00 [INFO]: GET /css/adminStyle.css ::1 
2026-03-24 16:58:01 [INFO]: GET /admin/userroles ::1 
2026-03-24 16:58:02 [INFO]: GET /css/adminStyle.css ::1 
2026-03-24 17:07:37 [INFO]: 🚀 Server running on port 3000 
2026-03-24 17:07:37 [INFO]: GET /admin ::1 
2026-03-24 17:07:37 [INFO]: ✅ Connected to MongoDB 
2026-03-24 17:07:37 [INFO]: 🔥  Forced seeding of Exam Database enabled. 
2026-03-24 17:07:37 [INFO]: ⚠ Clearing old Questions... 
2026-03-24 17:07:37 [INFO]: ⚠ Clearing old Topics... 
2026-03-24 17:07:38 [INFO]: ⚠ Clearing old Units... 
2026-03-24 17:07:39 [INFO]: GET /logout ::1 
2026-03-24 17:07:39 [INFO]: GET / ::1 
2026-03-24 17:07:39 [INFO]: GET /css/desktopStyle.css ::1 
2026-03-24 17:07:39 [INFO]: GET /images/biobrain-logo1.png ::1 
2026-03-24 17:07:39 [INFO]: GET /js/navibar.js ::1 
2026-03-24 17:07:39 [INFO]: ⚠ Clearing old Subjects... 
2026-03-24 17:07:39 [INFO]: GET /images/dna-pattern.png ::1 
2026-03-24 17:07:39 [INFO]: GET /images/molucule-structure.png ::1 
2026-03-24 17:07:39 [INFO]: ⚠ Clearing old Exams... 
2026-03-24 17:07:39 [INFO]: ⚠ Clearing old Payments... 
2026-03-24 17:07:39 [INFO]: ⚡ Seeding Exam database... 
2026-03-24 17:07:39 [INFO]: 🔥 Exam seeded: 4 successfully! 
2026-03-24 17:07:39 [INFO]: 🔥 Subject seeded: 4 successfully! 
2026-03-24 17:07:39 [INFO]: 🔥 Unit seeded: 11 successfully! 
2026-03-24 17:07:39 [INFO]: 🔥 Topics seeded: 49 successfully! 
2026-03-24 17:07:40 [INFO]: 🔥 Questions seeded: 460 successfully! 
2026-03-24 17:07:40 [INFO]: ✅ All Exam database seeded successfully! 
2026-03-24 17:07:40 [INFO]: 🔥  Forced seeding of UserRoles Database enabled. 
2026-03-24 17:07:40 [INFO]: ⚠ Clearing old Users... 
2026-03-24 17:07:40 [INFO]: ⚠ Clearing old Roles... 
2026-03-24 17:07:40 [INFO]: ⚡ Seeding UserRoles Database ... 
2026-03-24 17:07:40 [INFO]: 🔥 Roles seeded: 5 successfully! 
2026-03-24 17:07:40 [INFO]: 🔥 Users seeded: 1 successfully! 
2026-03-24 17:07:40 [INFO]: ✅ All UserRole Database seeded successfully! 
2026-03-24 17:07:41 [INFO]: GET /admin ::1 
2026-03-24 17:07:41 [INFO]: GET /login ::1 
2026-03-24 17:07:41 [INFO]: GET /css/desktopStyle.css ::1 
2026-03-24 17:07:41 [INFO]: GET /images/biobrain-logo1.png ::1 
2026-03-24 17:07:41 [INFO]: GET /js/navibar.js ::1 
2026-03-24 17:07:47 [INFO]: GET / ::ffff:127.0.0.1 
2026-03-24 17:07:47 [INFO]: GET /css/desktopStyle.css ::1 
2026-03-24 17:07:47 [INFO]: GET /images/biobrain-logo1.png ::1 
2026-03-24 17:07:47 [INFO]: GET /js/navibar.js ::1 
2026-03-24 17:07:47 [INFO]: GET /images/dna-pattern.png ::ffff:127.0.0.1 
2026-03-24 17:07:47 [INFO]: GET /images/molucule-structure.png ::1 
2026-03-24 17:07:53 [INFO]: POST /login ::1 
2026-03-24 17:08:05 [INFO]: 🚀 Server running on port 3000 
2026-03-24 17:08:06 [INFO]: ✅ Connected to MongoDB 
2026-03-24 17:08:06 [INFO]: 🔥  Forced seeding of Exam Database enabled. 
2026-03-24 17:08:06 [INFO]: ⚠ Clearing old Questions... 
2026-03-24 17:08:06 [INFO]: ⚠ Clearing old Topics... 
2026-03-24 17:08:07 [INFO]: ⚠ Clearing old Units... 
2026-03-24 17:08:08 [INFO]: ⚠ Clearing old Subjects... 
2026-03-24 17:08:08 [INFO]: ⚠ Clearing old Exams... 
2026-03-24 17:08:08 [INFO]: ⚠ Clearing old Payments... 
2026-03-24 17:08:08 [INFO]: ⚡ Seeding Exam database... 
2026-03-24 17:08:08 [INFO]: 🔥 Exam seeded: 4 successfully! 
2026-03-24 17:08:08 [INFO]: 🔥 Subject seeded: 4 successfully! 
2026-03-24 17:08:08 [INFO]: 🔥 Unit seeded: 11 successfully! 
2026-03-24 17:08:08 [INFO]: 🔥 Topics seeded: 49 successfully! 
2026-03-24 17:08:08 [INFO]: 🔥 Questions seeded: 460 successfully! 
2026-03-24 17:08:08 [INFO]: ✅ All Exam database seeded successfully! 
2026-03-24 17:08:08 [INFO]: ✅ Forced seeding of UserRoles Database disabled. Skipping... 
2026-03-24 17:08:09 [INFO]: GET /register ::1 
2026-03-24 17:08:09 [INFO]: GET /css/desktopStyle.css ::1 
2026-03-24 17:08:09 [INFO]: GET /images/biobrain-logo1.png ::1 
2026-03-24 17:08:09 [INFO]: GET /js/navibar.js ::1 
2026-03-24 17:11:26 [INFO]: 🚀 Server running on port 3000 
2026-03-24 17:11:26 [INFO]: ✅ Connected to MongoDB 
2026-03-24 17:11:26 [INFO]: 🔥  Forced seeding of Exam Database enabled. 
2026-03-24 17:11:26 [INFO]: ⚠ Clearing old Questions... 
2026-03-24 17:11:27 [INFO]: ⚠ Clearing old Topics... 
2026-03-24 17:11:27 [INFO]: ⚠ Clearing old Units... 
2026-03-24 17:11:27 [INFO]: ⚠ Clearing old Subjects... 
2026-03-24 17:11:28 [INFO]: ⚠ Clearing old Exams... 
2026-03-24 17:11:28 [INFO]: ⚠ Clearing old Payments... 
2026-03-24 17:11:28 [INFO]: ⚡ Seeding Exam database... 
2026-03-24 17:11:28 [INFO]: 🔥 Exam seeded: 4 successfully! 
2026-03-24 17:11:28 [INFO]: 🔥 Subject seeded: 4 successfully! 
2026-03-24 17:11:28 [INFO]: 🔥 Unit seeded: 11 successfully! 
2026-03-24 17:11:28 [INFO]: 🔥 Topics seeded: 49 successfully! 
2026-03-24 17:11:28 [INFO]: 🔥 Questions seeded: 460 successfully! 
2026-03-24 17:11:28 [INFO]: ✅ All Exam database seeded successfully! 
2026-03-24 17:11:28 [INFO]: 🔥  Forced seeding of UserRoles Database enabled. 
2026-03-24 17:11:28 [INFO]: ⚠ Clearing old Users... 
2026-03-24 17:11:28 [INFO]: ⚠ Clearing old Roles... 
2026-03-24 17:11:29 [INFO]: ⚡ Seeding UserRoles Database ... 
2026-03-24 17:11:29 [INFO]: 🔥 Roles seeded: 5 successfully! 
2026-03-24 17:11:29 [INFO]: 🔥 Users seeded: 2 successfully! 
2026-03-24 17:11:29 [INFO]: ✅ All UserRole Database seeded successfully! 
2026-03-24 17:11:34 [INFO]: GET / ::1 
2026-03-24 17:11:35 [INFO]: GET /css/desktopStyle.css ::1 
2026-03-24 17:11:35 [INFO]: GET /images/biobrain-logo1.png ::1 
2026-03-24 17:11:35 [INFO]: GET /js/navibar.js ::1 
2026-03-24 17:11:36 [INFO]: GET /admin ::1 
2026-03-24 17:11:36 [INFO]: GET /login ::1 
2026-03-24 17:11:37 [INFO]: GET /css/desktopStyle.css ::1 
2026-03-24 17:11:37 [INFO]: GET /images/biobrain-logo1.png ::1 
2026-03-24 17:11:37 [INFO]: GET /js/navibar.js ::1 
2026-03-24 17:11:46 [INFO]: POST /login ::1 
2026-03-24 17:11:46 [INFO]: GET /admin ::1 
2026-03-24 17:11:48 [INFO]: GET /login ::1 
2026-03-24 17:11:50 [INFO]: GET / ::1 
2026-03-24 17:11:50 [INFO]: GET /css/desktopStyle.css ::1 
2026-03-24 17:11:50 [INFO]: GET /images/biobrain-logo1.png ::1 
2026-03-24 17:11:50 [INFO]: GET /js/navibar.js ::1 
2026-03-24 17:11:51 [INFO]: GET /admin ::1 
2026-03-24 17:11:59 [INFO]: GET / ::1 
2026-03-24 17:11:59 [INFO]: GET /css/desktopStyle.css ::1 
2026-03-24 17:11:59 [INFO]: GET /images/biobrain-logo1.png ::1 
2026-03-24 17:11:59 [INFO]: GET /js/navibar.js ::1 
2026-03-24 17:12:00 [INFO]: GET /admin ::1 
2026-03-24 17:12:00 [INFO]: GET /login ::1 
2026-03-24 17:12:00 [INFO]: GET /css/desktopStyle.css ::1 
2026-03-24 17:12:00 [INFO]: GET /images/biobrain-logo1.png ::1 
2026-03-24 17:12:00 [INFO]: GET /js/navibar.js ::1 
2026-03-24 17:12:04 [INFO]: GET /admin ::1 
2026-03-24 17:12:04 [INFO]: GET /login ::1 
2026-03-24 17:12:04 [INFO]: GET /css/desktopStyle.css ::1 
2026-03-24 17:12:04 [INFO]: GET /images/biobrain-logo1.png ::1 
2026-03-24 17:12:04 [INFO]: GET /js/navibar.js ::1 
2026-03-24 17:12:07 [INFO]: GET / ::1 
2026-03-24 17:12:07 [INFO]: GET /css/desktopStyle.css ::1 
2026-03-24 17:12:07 [INFO]: GET /images/biobrain-logo1.png ::1 
2026-03-24 17:12:07 [INFO]: GET /js/navibar.js ::1 
2026-03-24 17:12:09 [INFO]: GET /about ::1 
2026-03-24 17:12:09 [INFO]: GET /css/desktopStyle.css ::1 
2026-03-24 17:12:09 [INFO]: GET /images/biobrain-logo1.png ::1 
2026-03-24 17:12:09 [INFO]: GET /js/navibar.js ::1 
2026-03-24 17:12:09 [INFO]: GET /images/dna-pattern.png ::1 
2026-03-24 17:12:09 [INFO]: GET /images/molucule-structure.png ::1 
2026-03-24 17:12:10 [INFO]: GET /admin ::1 
2026-03-24 17:12:10 [INFO]: GET /login ::1 
2026-03-24 17:12:11 [INFO]: GET /css/desktopStyle.css ::1 
2026-03-24 17:12:11 [INFO]: GET /images/biobrain-logo1.png ::1 
2026-03-24 17:12:11 [INFO]: GET /js/navibar.js ::1 
2026-03-24 17:12:16 [INFO]: GET /profile ::1 
2026-03-24 17:12:16 [INFO]: GET /css/desktopStyle.css ::1 
2026-03-24 17:12:16 [INFO]: GET /images/biobrain-logo1.png ::1 
2026-03-24 17:12:16 [INFO]: GET /js/navibar.js ::1 
2026-03-24 17:12:20 [INFO]: GET /profile ::1 
2026-03-24 17:12:20 [INFO]: GET /css/desktopStyle.css ::1 
2026-03-24 17:12:20 [INFO]: GET /images/biobrain-logo1.png ::1 
2026-03-24 17:12:20 [INFO]: GET /js/navibar.js ::1 
2026-03-24 17:12:21 [INFO]: GET /admin ::1 
2026-03-24 17:12:21 [INFO]: GET /login ::1 
2026-03-24 17:12:21 [INFO]: GET /css/desktopStyle.css ::1 
2026-03-24 17:12:21 [INFO]: GET /images/biobrain-logo1.png ::1 
2026-03-24 17:12:21 [INFO]: GET /js/navibar.js ::1 
2026-03-24 17:12:35 [INFO]: GET /logout ::1 
2026-03-24 17:12:35 [INFO]: GET / ::1 
2026-03-24 17:12:35 [INFO]: GET /css/desktopStyle.css ::1 
2026-03-24 17:12:35 [INFO]: GET /js/navibar.js ::1 
2026-03-24 17:12:35 [INFO]: GET /images/biobrain-logo1.png ::1 
2026-03-24 17:12:37 [INFO]: GET /admin ::1 
2026-03-24 17:12:37 [INFO]: GET /login ::1 
2026-03-24 17:12:37 [INFO]: GET /css/desktopStyle.css ::1 
2026-03-24 17:12:37 [INFO]: GET /images/biobrain-logo1.png ::1 
2026-03-24 17:12:37 [INFO]: GET /js/navibar.js ::1 
2026-03-24 17:12:47 [INFO]: POST /login ::1 
2026-03-24 17:12:48 [INFO]: GET /admin ::1 
2026-03-24 17:12:52 [INFO]: GET /logout ::1 
2026-03-24 17:12:52 [INFO]: GET / ::1 
2026-03-24 17:12:52 [INFO]: GET /css/desktopStyle.css ::1 
2026-03-24 17:12:52 [INFO]: GET /images/biobrain-logo1.png ::1 
2026-03-24 17:12:52 [INFO]: GET /js/navibar.js ::1 
2026-03-24 17:12:54 [INFO]: GET /mocktest/init/E4/S1 ::1 
2026-03-24 17:12:54 [INFO]: GET /login ::1 
2026-03-24 17:12:54 [INFO]: GET /css/desktopStyle.css ::1 
2026-03-24 17:12:54 [INFO]: GET /images/biobrain-logo1.png ::1 
2026-03-24 17:12:54 [INFO]: GET /js/navibar.js ::1 
2026-03-24 17:12:57 [INFO]: GET / ::1 
2026-03-24 17:12:57 [INFO]: GET /css/desktopStyle.css ::1 
2026-03-24 17:12:57 [INFO]: GET /images/biobrain-logo1.png ::1 
2026-03-24 17:12:57 [INFO]: GET /js/navibar.js ::1 
2026-03-24 17:13:04 [INFO]: POST /login ::1 
2026-03-24 17:13:05 [INFO]: GET /mocktest/init/E4/S1 ::1 
2026-03-24 17:13:05 [INFO]: GET /css/desktopStyle.css ::1 
2026-03-24 17:13:05 [INFO]: GET /images/biobrain-logo1.png ::1 
2026-03-24 17:13:05 [INFO]: GET /js/navibar.js ::1 
2026-03-24 17:13:05 [INFO]: GET /units/E4/S1 ::1 
2026-03-24 17:13:07 [INFO]: GET /admin ::1 
2026-03-24 17:13:07 [INFO]: GET /css/adminStyle.css ::1 
2026-03-24 17:13:07 [INFO]: GET /js/admin.js ::1 
2026-03-24 17:14:07 [INFO]: GET /admin/userroles ::1 
2026-03-24 17:14:07 [INFO]: GET /css/adminStyle.css ::1 
2026-03-24 17:14:10 [INFO]: POST /admin/users/add-role ::1 
2026-03-24 17:14:14 [INFO]: GET /admin ::1 
2026-03-24 17:14:22 [INFO]: GET /css/adminStyle.css ::1 
2026-03-24 17:14:22 [INFO]: GET /js/admin.js ::1 
2026-03-24 17:14:26 [INFO]: GET /admin/exams ::1 
2026-03-24 17:14:26 [INFO]: GET /css/adminStyle.css ::1 
2026-03-24 17:14:28 [INFO]: GET / ::1 
2026-03-24 17:14:28 [INFO]: GET /css/desktopStyle.css ::1 
2026-03-24 17:14:28 [INFO]: GET /images/biobrain-logo1.png ::1 
2026-03-24 17:14:28 [INFO]: GET /js/navibar.js ::1 
2026-03-24 17:14:30 [INFO]: GET /admin ::1 
2026-03-24 17:14:30 [INFO]: GET /css/adminStyle.css ::1 
2026-03-24 17:14:30 [INFO]: GET /js/admin.js ::1 
2026-03-24 17:14:32 [INFO]: GET /admin/topics ::1 
2026-03-24 17:14:32 [INFO]: GET /css/adminStyle.css ::1 
2026-03-24 17:14:33 [INFO]: GET /admin/exams ::1 
2026-03-24 17:14:33 [INFO]: GET /css/adminStyle.css ::1 
2026-03-24 17:14:34 [INFO]: GET /admin ::1 
2026-03-24 17:14:34 [INFO]: GET /css/adminStyle.css ::1 
2026-03-24 17:14:34 [INFO]: GET /js/admin.js ::1 
2026-03-24 17:14:35 [INFO]: GET /admin/userroles ::1 
2026-03-24 17:14:35 [INFO]: GET /css/adminStyle.css ::1 
2026-03-24 17:14:36 [INFO]: GET /admin/topics ::1 
2026-03-24 17:14:37 [INFO]: GET /css/adminStyle.css ::1 
2026-03-24 17:14:37 [INFO]: GET /admin/units ::1 
2026-03-24 17:14:37 [INFO]: GET /css/adminStyle.css ::1 
2026-03-24 17:14:38 [INFO]: GET /admin/exams ::1 
2026-03-24 17:14:38 [INFO]: GET /css/adminStyle.css ::1 
2026-03-24 17:15:27 [INFO]: GET /admin/subjects ::1 
2026-03-24 17:15:27 [INFO]: GET /css/adminStyle.css ::1 
2026-03-24 17:15:30 [INFO]: GET /admin/units ::1 
2026-03-24 17:15:30 [INFO]: GET /css/adminStyle.css ::1 
2026-03-24 17:15:39 [INFO]: POST /admin/users/remove-role ::1 
2026-03-24 17:15:43 [INFO]: GET /admin/exams ::1 
2026-03-24 17:15:44 [INFO]: GET / ::1 
2026-03-24 17:15:44 [INFO]: GET /css/desktopStyle.css ::1 
2026-03-24 17:15:44 [INFO]: GET /images/biobrain-logo1.png ::1 
2026-03-24 17:15:44 [INFO]: GET /js/navibar.js ::1 
2026-03-24 17:20:45 [INFO]: GET /keep-session-alive ::1 
2026-03-24 17:21:04 [INFO]: GET / ::1 
2026-03-24 17:21:04 [INFO]: GET /css/desktopStyle.css ::1 
2026-03-24 17:21:04 [INFO]: GET /images/biobrain-logo1.png ::1 
2026-03-24 17:21:04 [INFO]: GET /js/navibar.js ::1 
2026-03-24 17:21:06 [INFO]: GET /admin ::1 
2026-03-24 17:21:06 [INFO]: GET /css/adminStyle.css ::1 
2026-03-24 17:21:06 [INFO]: GET /js/admin.js ::1 
2026-03-24 17:25:45 [INFO]: GET /keep-session-alive ::1 
2026-03-24 17:30:46 [INFO]: GET /keep-session-alive ::1 
2026-03-24 17:32:46 [INFO]: ✅ Connected to MongoDB 
2026-03-24 17:32:46 [INFO]: 🔥  Forced seeding of Exam Database enabled. 
2026-03-24 17:32:46 [INFO]: ⚠ Clearing old Questions... 
2026-03-24 17:32:47 [INFO]: ⚠ Clearing old Topics... 
2026-03-24 17:32:47 [INFO]: ⚠ Clearing old Units... 
2026-03-24 17:32:47 [INFO]: ⚠ Clearing old Subjects... 
2026-03-24 17:32:47 [INFO]: ⚠ Clearing old Exams... 
2026-03-24 17:32:47 [INFO]: ⚠ Clearing old Payments... 
2026-03-24 17:32:47 [INFO]: ⚡ Seeding Exam database... 
2026-03-24 17:32:47 [INFO]: 🔥 Exam seeded: 4 successfully! 
2026-03-24 17:32:47 [INFO]: 🔥 Subject seeded: 4 successfully! 
2026-03-24 17:32:48 [INFO]: 🔥 Unit seeded: 11 successfully! 
2026-03-24 17:32:48 [INFO]: 🔥 Topics seeded: 49 successfully! 
2026-03-24 17:32:49 [INFO]: 🔥 Questions seeded: 460 successfully! 
2026-03-24 17:32:49 [INFO]: ✅ All Exam database seeded successfully! 
2026-03-24 17:32:49 [INFO]: 🔥  Forced seeding of UserRoles Database enabled. 
2026-03-24 17:32:49 [INFO]: ⚠ Clearing old Users... 
2026-03-24 17:32:49 [INFO]: ⚠ Clearing old Roles... 
2026-03-24 17:32:49 [INFO]: ⚡ Seeding UserRoles Database ... 
2026-03-24 17:32:49 [INFO]: 🔥 Roles seeded: 5 successfully! 
2026-03-24 17:32:49 [INFO]: 🔥 Users seeded: 2 successfully! 
2026-03-24 17:32:49 [INFO]: ✅ All UserRole Database seeded successfully! 
2026-03-24 17:34:13 [INFO]: ✅ Connected to MongoDB 
2026-03-24 17:34:13 [INFO]: 🔥  Forced seeding of Exam Database enabled. 
2026-03-24 17:34:13 [INFO]: ⚠ Clearing old Questions... 
2026-03-24 17:34:14 [INFO]: ⚠ Clearing old Topics... 
2026-03-24 17:34:14 [INFO]: ⚠ Clearing old Units... 
2026-03-24 17:34:14 [INFO]: ⚠ Clearing old Subjects... 
2026-03-24 17:34:15 [INFO]: ⚠ Clearing old Exams... 
2026-03-24 17:34:15 [INFO]: ⚠ Clearing old Payments... 
2026-03-24 17:34:15 [INFO]: ⚡ Seeding Exam database... 
2026-03-24 17:34:15 [INFO]: 🔥 Exam seeded: 4 successfully! 
2026-03-24 17:34:15 [INFO]: 🔥 Subject seeded: 4 successfully! 
2026-03-24 17:34:15 [INFO]: 🔥 Unit seeded: 11 successfully! 
2026-03-24 17:34:15 [INFO]: 🔥 Topics seeded: 49 successfully! 
2026-03-24 17:34:16 [INFO]: 🔥 Questions seeded: 460 successfully! 
2026-03-24 17:34:16 [INFO]: ✅ All Exam database seeded successfully! 
2026-03-24 17:34:16 [INFO]: 🔥  Forced seeding of UserRoles Database enabled. 
2026-03-24 17:34:16 [INFO]: ⚠ Clearing old Users... 
2026-03-24 17:34:16 [INFO]: ⚠ Clearing old Roles... 
2026-03-24 17:34:16 [INFO]: ⚡ Seeding UserRoles Database ... 
2026-03-24 17:34:16 [INFO]: 🔥 Roles seeded: 5 successfully! 
2026-03-24 17:34:16 [INFO]: 🔥 Users seeded: 2 successfully! 
2026-03-24 17:34:16 [INFO]: ✅ All UserRole Database seeded successfully! 
2026-03-24 17:34:44 [INFO]: ✅ Connected to MongoDB 
2026-03-24 17:34:44 [INFO]: 🔥  Forced seeding of Exam Database enabled. 
2026-03-24 17:34:44 [INFO]: ⚠ Clearing old Questions... 
2026-03-24 17:34:44 [INFO]: ⚠ Clearing old Topics... 
2026-03-24 17:34:44 [INFO]: ⚠ Clearing old Units... 
2026-03-24 17:34:46 [INFO]: ⚠ Clearing old Subjects... 
2026-03-24 17:34:46 [INFO]: ⚠ Clearing old Exams... 
2026-03-24 17:34:46 [INFO]: ⚠ Clearing old Payments... 
2026-03-24 17:34:46 [INFO]: ⚡ Seeding Exam database... 
2026-03-24 17:34:46 [INFO]: 🔥 Exam seeded: 4 successfully! 
2026-03-24 17:34:46 [INFO]: 🔥 Subject seeded: 4 successfully! 
2026-03-24 17:34:46 [INFO]: 🔥 Unit seeded: 11 successfully! 
2026-03-24 17:34:46 [INFO]: 🔥 Topics seeded: 49 successfully! 
2026-03-24 17:34:47 [INFO]: 🔥 Questions seeded: 460 successfully! 
2026-03-24 17:34:47 [INFO]: ✅ All Exam database seeded successfully! 
2026-03-24 17:34:47 [INFO]: 🔥  Forced seeding of UserRoles Database enabled. 
2026-03-24 17:34:47 [INFO]: ⚠ Clearing old Users... 
2026-03-24 17:34:47 [INFO]: ⚠ Clearing old Roles... 
2026-03-24 17:34:47 [INFO]: ⚡ Seeding UserRoles Database ... 
2026-03-24 17:34:47 [INFO]: 🔥 Roles seeded: 5 successfully! 
2026-03-24 17:34:47 [INFO]: 🔥 Users seeded: 2 successfully! 
2026-03-24 17:34:47 [INFO]: ✅ All UserRole Database seeded successfully! 
2026-03-24 17:35:49 [INFO]: 🚀 Server running on port 3000 
2026-03-24 17:35:50 [INFO]: ✅ Connected to MongoDB 
2026-03-24 17:35:50 [INFO]: 🔥  Forced seeding of Exam Database enabled. 
2026-03-24 17:35:50 [INFO]: ⚠ Clearing old Questions... 
2026-03-24 17:35:50 [INFO]: ⚠ Clearing old Topics... 
2026-03-24 17:35:50 [INFO]: ⚠ Clearing old Units... 
2026-03-24 17:35:50 [INFO]: ⚠ Clearing old Subjects... 
2026-03-24 17:35:50 [INFO]: ⚠ Clearing old Exams... 
2026-03-24 17:35:50 [INFO]: ⚠ Clearing old Payments... 
2026-03-24 17:35:50 [INFO]: ⚡ Seeding Exam database... 
2026-03-24 17:35:51 [INFO]: 🔥 Exam seeded: 4 successfully! 
2026-03-24 17:35:51 [INFO]: 🔥 Subject seeded: 4 successfully! 
2026-03-24 17:35:51 [INFO]: 🔥 Unit seeded: 11 successfully! 
2026-03-24 17:35:51 [INFO]: 🔥 Topics seeded: 49 successfully! 
2026-03-24 17:35:52 [INFO]: 🔥 Questions seeded: 460 successfully! 
2026-03-24 17:35:52 [INFO]: ✅ All Exam database seeded successfully! 
2026-03-24 17:35:52 [INFO]: 🔥  Forced seeding of UserRoles Database enabled. 
2026-03-24 17:35:52 [INFO]: ⚠ Clearing old Users... 
2026-03-24 17:35:52 [INFO]: GET / ::1 
2026-03-24 17:35:52 [INFO]: ⚠ Clearing old Roles... 
2026-03-24 17:35:52 [INFO]: ⚡ Seeding UserRoles Database ... 
2026-03-24 17:35:52 [INFO]: 🔥 Roles seeded: 5 successfully! 
2026-03-24 17:35:52 [INFO]: GET /css/desktopStyle.css ::1 
2026-03-24 17:35:52 [INFO]: GET /images/biobrain-logo1.png ::1 
2026-03-24 17:35:52 [INFO]: GET /js/navibar.js ::1 
2026-03-24 17:35:52 [INFO]: 🔥 Users seeded: 2 successfully! 
2026-03-24 17:35:52 [INFO]: ✅ All UserRole Database seeded successfully! 
2026-03-24 17:35:52 [INFO]: GET /images/dna-pattern.png ::1 
2026-03-24 17:35:52 [INFO]: GET /images/molucule-structure.png ::1 
2026-03-24 17:35:54 [INFO]: GET /mocktest/init/E4/S1 ::1 
2026-03-24 17:35:54 [INFO]: GET /css/desktopStyle.css ::1 
2026-03-24 17:35:54 [INFO]: GET /images/biobrain-logo1.png ::1 
2026-03-24 17:35:54 [INFO]: GET /js/navibar.js ::1 
2026-03-24 17:35:54 [INFO]: GET /units/E4/S1 ::1 
2026-03-24 17:35:55 [INFO]: GET /admin ::1 
2026-03-24 17:35:55 [INFO]: GET /login ::1 
2026-03-24 17:35:56 [INFO]: GET /css/desktopStyle.css ::1 
2026-03-24 17:35:56 [INFO]: GET /images/biobrain-logo1.png ::1 
2026-03-24 17:35:56 [INFO]: GET /js/navibar.js ::1 
2026-03-24 17:36:07 [INFO]: POST /login ::1 
2026-03-24 17:36:07 [INFO]: GET / ::1 
2026-03-24 17:36:07 [INFO]: GET /css/desktopStyle.css ::1 
2026-03-24 17:36:07 [INFO]: GET /images/biobrain-logo1.png ::1 
2026-03-24 17:36:07 [INFO]: GET /js/navibar.js ::1 
2026-03-24 17:36:09 [INFO]: GET /admin ::1 
2026-03-24 17:36:10 [INFO]: GET /css/adminStyle.css ::1 
2026-03-24 17:36:10 [INFO]: GET /js/admin.js ::1 
2026-03-24 17:36:14 [INFO]: POST /admin/backup ::1 
2026-03-24 17:36:15 [INFO]: ✅ Database exported successfully with grouped question files 
2026-03-24 17:37:21 [INFO]: 🚀 Server running on port 3000 
2026-03-24 17:37:21 [INFO]: ✅ Connected to MongoDB 
2026-03-24 17:37:21 [INFO]: 🔥  Forced seeding of Exam Database enabled. 
2026-03-24 17:37:21 [INFO]: ⚠ Clearing old Questions... 
2026-03-24 17:37:22 [INFO]: ⚠ Clearing old Topics... 
2026-03-24 17:37:22 [INFO]: ⚠ Clearing old Units... 
2026-03-24 17:37:22 [INFO]: ⚠ Clearing old Subjects... 
2026-03-24 17:37:22 [INFO]: ⚠ Clearing old Exams... 
2026-03-24 17:37:22 [INFO]: ⚠ Clearing old Payments... 
2026-03-24 17:37:23 [INFO]: ⚡ Seeding Exam database... 
2026-03-24 17:37:24 [INFO]: 🔥 Exam seeded: 4 successfully! 
2026-03-24 17:37:25 [INFO]: 🔥 Subject seeded: 4 successfully! 
2026-03-24 17:37:25 [INFO]: 🔥 Unit seeded: 11 successfully! 
2026-03-24 17:37:25 [INFO]: 🔥 Topics seeded: 49 successfully! 
2026-03-24 17:37:26 [INFO]: 🔥 Questions seeded: 460 successfully! 
2026-03-24 17:37:26 [INFO]: ✅ All Exam database seeded successfully! 
2026-03-24 17:37:26 [INFO]: 🔥  Forced seeding of UserRoles Database enabled. 
2026-03-24 17:37:26 [INFO]: ⚠ Clearing old Users... 
2026-03-24 17:37:26 [INFO]: ⚠ Clearing old Roles... 
2026-03-24 17:37:26 [INFO]: ⚡ Seeding UserRoles Database ... 
2026-03-24 17:37:26 [INFO]: 🔥 Roles seeded: 5 successfully! 
2026-03-24 17:37:26 [INFO]: 🔥 Users seeded: 2 successfully! 
2026-03-24 17:37:26 [INFO]: ✅ All UserRole Database seeded successfully! 
2026-03-24 17:37:38 [INFO]: POST /admin/backup ::1 
2026-03-24 17:37:38 [INFO]: GET /login ::1 
2026-03-24 17:37:41 [INFO]: GET / ::1 
2026-03-24 17:37:41 [INFO]: GET /css/desktopStyle.css ::1 
2026-03-24 17:37:41 [INFO]: GET /images/biobrain-logo1.png ::1 
2026-03-24 17:37:41 [INFO]: GET /js/navibar.js ::1 
2026-03-24 17:37:43 [INFO]: GET /admin ::1 
2026-03-24 17:37:43 [INFO]: GET /login ::1 
2026-03-24 17:37:43 [INFO]: GET /css/desktopStyle.css ::1 
2026-03-24 17:37:43 [INFO]: GET /images/biobrain-logo1.png ::1 
2026-03-24 17:37:43 [INFO]: GET /js/navibar.js ::1 
2026-03-24 17:37:55 [INFO]: POST /login ::1 
2026-03-24 17:37:56 [INFO]: GET / ::1 
2026-03-24 17:37:56 [INFO]: GET /css/desktopStyle.css ::1 
2026-03-24 17:37:56 [INFO]: GET /images/biobrain-logo1.png ::1 
2026-03-24 17:37:56 [INFO]: GET /js/navibar.js ::1 
2026-03-24 17:37:58 [INFO]: GET /admin ::1 
2026-03-24 17:37:58 [INFO]: GET /css/adminStyle.css ::1 
2026-03-24 17:37:58 [INFO]: GET /js/admin.js ::1 
2026-03-24 17:38:00 [INFO]: POST /admin/backup ::1 
2026-03-24 17:38:01 [INFO]: ✅ Database exported successfully with grouped question files 
2026-03-24 17:40:29 [INFO]: 🚀 Server running on port 3000 
2026-03-24 17:40:29 [INFO]: ✅ Connected to MongoDB 
2026-03-24 17:40:29 [INFO]: 🔥  Forced seeding of Exam Database enabled. 
2026-03-24 17:40:29 [INFO]: ⚠ Clearing old Questions... 
2026-03-24 17:40:30 [INFO]: ⚠ Clearing old Topics... 
2026-03-24 17:40:30 [INFO]: ⚠ Clearing old Units... 
2026-03-24 17:40:30 [INFO]: ⚠ Clearing old Subjects... 
2026-03-24 17:40:30 [INFO]: ⚠ Clearing old Exams... 
2026-03-24 17:40:30 [INFO]: ⚠ Clearing old Payments... 
2026-03-24 17:40:30 [INFO]: ⚡ Seeding Exam database... 
2026-03-24 17:40:31 [INFO]: 🔥 Exam seeded: 4 successfully! 
2026-03-24 17:40:31 [INFO]: 🔥 Subject seeded: 4 successfully! 
2026-03-24 17:40:31 [INFO]: 🔥 Unit seeded: 11 successfully! 
2026-03-24 17:40:31 [INFO]: 🔥 Topics seeded: 49 successfully! 
2026-03-24 17:40:32 [INFO]: 🔥 Questions seeded: 510 successfully! 
2026-03-24 17:40:32 [INFO]: ✅ All Exam database seeded successfully! 
2026-03-24 17:40:32 [INFO]: 🔥  Forced seeding of UserRoles Database enabled. 
2026-03-24 17:40:32 [INFO]: ⚠ Clearing old Users... 
2026-03-24 17:40:32 [INFO]: ⚠ Clearing old Roles... 
2026-03-24 17:40:32 [INFO]: ⚡ Seeding UserRoles Database ... 
2026-03-24 17:40:32 [INFO]: 🔥 Roles seeded: 5 successfully! 
2026-03-24 17:40:32 [INFO]: 🔥 Users seeded: 2 successfully! 
2026-03-24 17:40:32 [INFO]: ✅ All UserRole Database seeded successfully! 
2026-03-24 17:40:33 [INFO]: GET / ::1 
2026-03-24 17:40:33 [INFO]: GET /css/desktopStyle.css ::1 
2026-03-24 17:40:33 [INFO]: GET /images/biobrain-logo1.png ::1 
2026-03-24 17:40:33 [INFO]: GET /js/navibar.js ::1 
2026-03-24 17:40:35 [INFO]: GET /admin ::1 
2026-03-24 17:40:35 [INFO]: GET /login ::1 
2026-03-24 17:40:35 [INFO]: GET /css/desktopStyle.css ::1 
2026-03-24 17:40:35 [INFO]: GET /images/biobrain-logo1.png ::1 
2026-03-24 17:40:35 [INFO]: GET /js/navibar.js ::1 
2026-03-24 17:40:45 [INFO]: POST /login ::1 
2026-03-24 17:40:45 [INFO]: GET / ::1 
2026-03-24 17:40:45 [INFO]: GET /css/desktopStyle.css ::1 
2026-03-24 17:40:45 [INFO]: GET /images/biobrain-logo1.png ::1 
2026-03-24 17:40:45 [INFO]: GET /js/navibar.js ::1 
2026-03-24 17:40:46 [INFO]: GET /keep-session-alive ::1 
2026-03-24 17:40:47 [INFO]: GET /admin ::1 
2026-03-24 17:40:48 [INFO]: GET /css/adminStyle.css ::1 
2026-03-24 17:40:48 [INFO]: GET /js/admin.js ::1 
2026-03-24 17:40:50 [INFO]: POST /admin/backup ::1 
2026-03-24 17:40:51 [INFO]: ✅ Database exported successfully with grouped question files 
2026-03-24 17:41:09 [INFO]: POST /admin/backup ::1 
2026-03-24 17:41:10 [INFO]: ✅ Database exported successfully with grouped question files 
2026-03-24 17:42:50 [INFO]: 🚀 Server running on port 3000 
2026-03-24 17:42:50 [INFO]: ✅ Connected to MongoDB 
2026-03-24 17:42:50 [INFO]: 🔥  Forced seeding of Exam Database enabled. 
2026-03-24 17:42:50 [INFO]: ⚠ Clearing old Questions... 
2026-03-24 17:42:51 [INFO]: ⚠ Clearing old Topics... 
2026-03-24 17:42:51 [INFO]: ⚠ Clearing old Units... 
2026-03-24 17:42:51 [INFO]: ⚠ Clearing old Subjects... 
2026-03-24 17:42:51 [INFO]: ⚠ Clearing old Exams... 
2026-03-24 17:42:51 [INFO]: ⚠ Clearing old Payments... 
2026-03-24 17:42:51 [INFO]: ⚡ Seeding Exam database... 
2026-03-24 17:42:52 [INFO]: 🔥 Exam seeded: 4 successfully! 
2026-03-24 17:42:52 [INFO]: 🔥 Subject seeded: 4 successfully! 
2026-03-24 17:42:52 [INFO]: 🔥 Unit seeded: 11 successfully! 
2026-03-24 17:42:52 [INFO]: 🔥 Topics seeded: 49 successfully! 
2026-03-24 17:42:53 [INFO]: 🔥 Questions seeded: 510 successfully! 
2026-03-24 17:42:53 [INFO]: ✅ All Exam database seeded successfully! 
2026-03-24 17:42:53 [INFO]: 🔥  Forced seeding of UserRoles Database enabled. 
2026-03-24 17:42:53 [INFO]: ⚠ Clearing old Users... 
2026-03-24 17:42:53 [INFO]: ⚠ Clearing old Roles... 
2026-03-24 17:42:53 [INFO]: ⚡ Seeding UserRoles Database ... 
2026-03-24 17:42:53 [INFO]: 🔥 Roles seeded: 5 successfully! 
2026-03-24 17:42:53 [INFO]: 🔥 Users seeded: 2 successfully! 
2026-03-24 17:42:53 [INFO]: ✅ All UserRole Database seeded successfully! 
2026-03-24 17:42:59 [INFO]: POST /admin/backup ::1 
2026-03-24 17:42:59 [INFO]: GET /login ::1 
2026-03-24 17:43:00 [INFO]: GET /admin/exams ::1 
2026-03-24 17:43:01 [INFO]: GET /login ::1 
2026-03-24 17:43:01 [INFO]: GET /css/desktopStyle.css ::1 
2026-03-24 17:43:01 [INFO]: GET /images/biobrain-logo1.png ::1 
2026-03-24 17:43:01 [INFO]: GET /js/navibar.js ::1 
2026-03-24 17:43:11 [INFO]: POST /login ::1 
2026-03-24 17:43:11 [INFO]: GET / ::1 
2026-03-24 17:43:11 [INFO]: GET /css/desktopStyle.css ::1 
2026-03-24 17:43:11 [INFO]: GET /images/biobrain-logo1.png ::1 
2026-03-24 17:43:11 [INFO]: GET /js/navibar.js ::1 
2026-03-24 17:43:15 [INFO]: GET /admin ::1 
2026-03-24 17:43:15 [INFO]: GET /css/adminStyle.css ::1 
2026-03-24 17:43:16 [INFO]: GET /js/admin.js ::1 
2026-03-24 17:43:17 [INFO]: POST /admin/backup ::1 
2026-03-24 17:43:18 [INFO]: ✅ Database exported successfully with grouped question files 
2026-03-24 17:45:46 [INFO]: GET /keep-session-alive ::1 
2026-03-24 17:50:46 [INFO]: GET /keep-session-alive ::1 
2026-03-24 17:55:46 [INFO]: GET /keep-session-alive ::1 
2026-03-24 18:00:46 [INFO]: GET /keep-session-alive ::1 
2026-03-24 18:05:46 [INFO]: GET /keep-session-alive ::1 
2026-03-24 18:09:28 [INFO]: 🚀 Server running on port 3000 
2026-03-24 18:09:28 [INFO]: ✅ Connected to MongoDB 
2026-03-24 18:09:28 [INFO]: 🔥  Forced seeding of Exam Database enabled. 
2026-03-24 18:09:28 [INFO]: ⚠ Clearing old Questions... 
2026-03-24 18:09:29 [INFO]: ⚠ Clearing old Topics... 
2026-03-24 18:09:29 [INFO]: ⚠ Clearing old Units... 
2026-03-24 18:09:29 [INFO]: ⚠ Clearing old Subjects... 
2026-03-24 18:09:29 [INFO]: ⚠ Clearing old Exams... 
2026-03-24 18:09:29 [INFO]: ⚠ Clearing old Payments... 
2026-03-24 18:09:29 [INFO]: ⚡ Seeding Exam database... 
2026-03-24 18:09:29 [INFO]: 🔥 Exam seeded: 4 successfully! 
2026-03-24 18:09:30 [INFO]: 🔥 Subject seeded: 4 successfully! 
2026-03-24 18:09:30 [INFO]: 🔥 Unit seeded: 11 successfully! 
2026-03-24 18:09:30 [INFO]: 🔥 Topics seeded: 49 successfully! 
2026-03-24 18:09:30 [INFO]: 📂 Processing questiontable_E1_S1_U1.json... 
2026-03-24 18:09:31 [INFO]: ✅ Inserted 460 from questiontable_E1_S1_U1.json 
2026-03-24 18:09:31 [INFO]: 🔥 Total Questions seeded: 460 
2026-03-24 18:09:31 [INFO]: ✅ All Exam database seeded successfully! 
2026-03-24 18:09:31 [INFO]: 🔥  Forced seeding of UserRoles Database enabled. 
2026-03-24 18:09:31 [INFO]: ⚠ Clearing old Users... 
2026-03-24 18:09:31 [INFO]: ⚠ Clearing old Roles... 
2026-03-24 18:09:31 [INFO]: ⚡ Seeding UserRoles Database ... 
2026-03-24 18:09:31 [INFO]: 🔥 Roles seeded: 5 successfully! 
2026-03-24 18:09:31 [INFO]: 🔥 Users seeded: 2 successfully! 
2026-03-24 18:09:31 [INFO]: ✅ All UserRole Database seeded successfully! 
2026-03-24 18:10:46 [INFO]: GET /keep-session-alive ::1 
2026-03-24 18:12:12 [INFO]: 🚀 Server running on port 3000 
2026-03-24 18:12:12 [INFO]: ✅ Connected to MongoDB 
2026-03-24 18:12:12 [INFO]: 🔥  Forced seeding of Exam Database enabled. 
2026-03-24 18:12:12 [INFO]: ⚠ Clearing old Questions... 
2026-03-24 18:12:13 [INFO]: ⚠ Clearing old Topics... 
2026-03-24 18:12:14 [INFO]: ⚠ Clearing old Units... 
2026-03-24 18:12:14 [INFO]: ⚠ Clearing old Subjects... 
2026-03-24 18:12:14 [INFO]: ⚠ Clearing old Exams... 
2026-03-24 18:12:14 [INFO]: ⚠ Clearing old Payments... 
2026-03-24 18:12:14 [INFO]: ⚡ Seeding Exam database... 
2026-03-24 18:12:14 [INFO]: 🔥 Exam seeded: 4 successfully! 
2026-03-24 18:12:14 [INFO]: 🔥 Subject seeded: 4 successfully! 
2026-03-24 18:12:14 [INFO]: 🔥 Unit seeded: 11 successfully! 
2026-03-24 18:12:14 [INFO]: 🔥 Topics seeded: 49 successfully! 
2026-03-24 18:12:14 [INFO]: 📂 Seeding Questions From questiontable_E1_S1_U1.json... 
2026-03-24 18:12:15 [INFO]: ✅ Inserted 460 from questiontable_E1_S1_U1.json 
2026-03-24 18:12:15 [INFO]: 🔥 Total Questions seeded: 460 
2026-03-24 18:12:15 [INFO]: ✅ All Exam database seeded successfully! 
2026-03-24 18:12:15 [INFO]: 🔥  Forced seeding of UserRoles Database enabled. 
2026-03-24 18:12:15 [INFO]: ⚠ Clearing old Users... 
2026-03-24 18:12:15 [INFO]: ⚠ Clearing old Roles... 
2026-03-24 18:12:15 [INFO]: ⚡ Seeding UserRoles Database ... 
2026-03-24 18:12:15 [INFO]: 🔥 Roles seeded: 5 successfully! 
2026-03-24 18:12:15 [INFO]: 🔥 Users seeded: 2 successfully! 
2026-03-24 18:12:15 [INFO]: ✅ All UserRole Database seeded successfully! 
2026-03-24 18:12:16 [INFO]: GET / ::1 
2026-03-24 18:12:16 [INFO]: GET /css/desktopStyle.css ::1 
2026-03-24 18:12:16 [INFO]: GET /images/biobrain-logo1.png ::1 
2026-03-24 18:12:16 [INFO]: GET /js/navibar.js ::1 
2026-03-24 18:12:16 [INFO]: GET /images/dna-pattern.png ::1 
2026-03-24 18:12:16 [INFO]: GET /images/molucule-structure.png ::1 
2026-03-24 18:12:22 [INFO]: GET / ::1 
2026-03-24 18:12:22 [INFO]: GET /css/desktopStyle.css ::1 
2026-03-24 18:12:22 [INFO]: GET /images/biobrain-logo1.png ::1 
2026-03-24 18:12:22 [INFO]: GET /js/navibar.js ::1 
2026-03-24 18:12:22 [INFO]: GET /images/dna-pattern.png ::1 
2026-03-24 18:12:22 [INFO]: GET /images/molucule-structure.png ::1 
2026-03-24 18:12:28 [INFO]: GET / ::1 
2026-03-24 18:12:28 [INFO]: GET /css/desktopStyle.css ::1 
2026-03-24 18:12:28 [INFO]: GET /images/biobrain-logo1.png ::1 
2026-03-24 18:12:28 [INFO]: GET /js/navibar.js ::1 
2026-03-24 18:12:28 [INFO]: GET /images/dna-pattern.png ::1 
2026-03-24 18:12:28 [INFO]: GET /images/molucule-structure.png ::1 
2026-03-24 18:12:30 [INFO]: GET /mocktest/init/E4/S1 ::1 
2026-03-24 18:12:31 [INFO]: GET /css/desktopStyle.css ::1 
2026-03-24 18:12:31 [INFO]: GET /images/biobrain-logo1.png ::1 
2026-03-24 18:12:31 [INFO]: GET /js/navibar.js ::1 
2026-03-24 18:12:31 [INFO]: GET /units/E4/S1 ::1 
2026-03-24 18:12:33 [INFO]: GET /admin ::1 
2026-03-24 18:12:33 [INFO]: GET /login ::1 
2026-03-24 18:12:34 [INFO]: GET /css/desktopStyle.css ::1 
2026-03-24 18:12:34 [INFO]: GET /images/biobrain-logo1.png ::1 
2026-03-24 18:12:34 [INFO]: GET /js/navibar.js ::1 
2026-03-24 18:12:43 [INFO]: POST /login ::1 
2026-03-24 18:12:44 [INFO]: GET / ::1 
2026-03-24 18:12:44 [INFO]: GET /css/desktopStyle.css ::1 
2026-03-24 18:12:44 [INFO]: GET /images/biobrain-logo1.png ::1 
2026-03-24 18:12:44 [INFO]: GET /js/navibar.js ::1 
2026-03-24 18:12:46 [INFO]: GET /admin ::1 
2026-03-24 18:12:47 [INFO]: GET /css/adminStyle.css ::1 
2026-03-24 18:12:47 [INFO]: GET /js/admin.js ::1 
2026-03-24 18:12:48 [INFO]: POST /admin/backup ::1 
2026-03-24 18:12:49 [INFO]: ✅ Database exported successfully with grouped question files 
2026-03-24 18:12:58 [INFO]: GET /admin/exams ::1 
2026-03-24 18:12:58 [INFO]: GET /css/adminStyle.css ::1 
2026-03-24 18:13:04 [INFO]: POST /admin/exams/update/69c286a61af15b1a0a622526 ::1 
2026-03-24 18:13:06 [INFO]: POST /admin/backup ::1 
2026-03-24 18:13:06 [INFO]: ✅ Database exported successfully with grouped question files 
2026-03-24 18:13:09 [INFO]: GET /admin/exams ::1 
2026-03-24 18:13:09 [INFO]: GET /css/adminStyle.css ::1 
2026-03-24 18:13:16 [INFO]: POST /admin/reset/factory ::1 
2026-03-24 18:13:16 [INFO]: 🔥  Forced seeding of Exam Database enabled. 
2026-03-24 18:13:16 [INFO]: ⚠ Clearing old Questions... 
2026-03-24 18:13:16 [INFO]: ⚠ Clearing old Topics... 
2026-03-24 18:13:16 [INFO]: ⚠ Clearing old Units... 
2026-03-24 18:13:16 [INFO]: ⚠ Clearing old Subjects... 
2026-03-24 18:13:16 [INFO]: ⚠ Clearing old Exams... 
2026-03-24 18:13:16 [INFO]: ⚠ Clearing old Payments... 
2026-03-24 18:13:16 [INFO]: ⚡ Seeding Exam database... 
2026-03-24 18:13:16 [INFO]: 🔥 Exam seeded: 4 successfully! 
2026-03-24 18:13:16 [INFO]: 🔥 Subject seeded: 4 successfully! 
2026-03-24 18:13:16 [INFO]: 🔥 Unit seeded: 11 successfully! 
2026-03-24 18:13:17 [INFO]: 🔥 Topics seeded: 49 successfully! 
2026-03-24 18:13:17 [INFO]: 📂 Seeding Questions From questiontable_E1_S1_U1.json... 
2026-03-24 18:13:17 [INFO]: ✅ Inserted 460 from questiontable_E1_S1_U1.json 
2026-03-24 18:13:17 [INFO]: 🔥 Total Questions seeded: 460 
2026-03-24 18:13:17 [INFO]: ✅ All Exam database seeded successfully! 
2026-03-24 18:13:19 [INFO]: GET /admin/exams ::1 
2026-03-24 18:13:19 [INFO]: GET /css/adminStyle.css ::1 
2026-03-24 18:13:36 [INFO]: POST /admin/reset/backup ::1 
2026-03-24 18:13:36 [INFO]: 🔥  Forced seeding of Exam Database enabled. 
2026-03-24 18:13:36 [INFO]: ⚠ Clearing old Questions... 
2026-03-24 18:13:36 [INFO]: ⚠ Clearing old Topics... 
2026-03-24 18:13:36 [INFO]: ⚠ Clearing old Units... 
2026-03-24 18:13:36 [INFO]: ⚠ Clearing old Subjects... 
2026-03-24 18:13:36 [INFO]: ⚠ Clearing old Exams... 
2026-03-24 18:13:36 [INFO]: ⚠ Clearing old Payments... 
2026-03-24 18:13:36 [INFO]: ⚡ Seeding Exam database... 
2026-03-24 18:13:36 [INFO]: 🔥 Exam seeded: 4 successfully! 
2026-03-24 18:13:36 [INFO]: 🔥 Subject seeded: 4 successfully! 
2026-03-24 18:13:36 [INFO]: 🔥 Unit seeded: 11 successfully! 
2026-03-24 18:13:37 [INFO]: 🔥 Topics seeded: 49 successfully! 
2026-03-24 18:13:37 [INFO]: 📂 Seeding Questions From questiontable_E4_S1_U1.json... 
2026-03-24 18:13:37 [INFO]: ✅ Inserted 460 from questiontable_E4_S1_U1.json 
2026-03-24 18:13:37 [INFO]: 🔥 Total Questions seeded: 460 
2026-03-24 18:13:37 [INFO]: ✅ All Exam database seeded successfully! 
2026-03-24 18:13:40 [INFO]: GET /admin/exams ::1 
2026-03-24 18:13:41 [INFO]: GET /css/adminStyle.css ::1 
2026-03-24 18:14:06 [INFO]: POST /admin/reset/factory ::1 
2026-03-24 18:14:06 [INFO]: 🔥  Forced seeding of Exam Database enabled. 
2026-03-24 18:14:06 [INFO]: ⚠ Clearing old Questions... 
2026-03-24 18:14:06 [INFO]: ⚠ Clearing old Topics... 
2026-03-24 18:14:06 [INFO]: ⚠ Clearing old Units... 
2026-03-24 18:14:06 [INFO]: ⚠ Clearing old Subjects... 
2026-03-24 18:14:06 [INFO]: ⚠ Clearing old Exams... 
2026-03-24 18:14:07 [INFO]: ⚠ Clearing old Payments... 
2026-03-24 18:14:07 [INFO]: ⚡ Seeding Exam database... 
2026-03-24 18:14:07 [INFO]: 🔥 Exam seeded: 4 successfully! 
2026-03-24 18:14:07 [INFO]: 🔥 Subject seeded: 4 successfully! 
2026-03-24 18:14:07 [INFO]: 🔥 Unit seeded: 11 successfully! 
2026-03-24 18:14:07 [INFO]: 🔥 Topics seeded: 49 successfully! 
2026-03-24 18:14:07 [INFO]: 📂 Seeding Questions From questiontable_E1_S1_U1.json... 
2026-03-24 18:14:07 [INFO]: ✅ Inserted 460 from questiontable_E1_S1_U1.json 
2026-03-24 18:14:07 [INFO]: 🔥 Total Questions seeded: 460 
2026-03-24 18:14:07 [INFO]: ✅ All Exam database seeded successfully! 
2026-03-24 18:14:09 [INFO]: GET /admin/exams ::1 
2026-03-24 18:14:09 [INFO]: GET /css/adminStyle.css ::1 
2026-03-24 18:16:25 [INFO]: 🚀 Server running on port 3000 
2026-03-24 18:16:25 [INFO]: GET /admin/exams ::1 
2026-03-24 18:16:26 [INFO]: ✅ Connected to MongoDB 
2026-03-24 18:16:26 [INFO]: 🔥  Forced seeding of Exam Database enabled. 
2026-03-24 18:16:26 [INFO]: ⚠ Clearing old Questions... 
2026-03-24 18:16:26 [INFO]: ⚠ Clearing old Topics... 
2026-03-24 18:16:26 [INFO]: ⚠ Clearing old Units... 
2026-03-24 18:16:26 [INFO]: ⚠ Clearing old Subjects... 
2026-03-24 18:16:26 [ERROR]: ReferenceError: D:\Projects\BioBrainMdb\views\pages\desktop\admin\exams\exam.ejs:108
    106| <body>
    107| 
 >> 108| <%- include('../../../../partials/admin/header') %>
    109| 
    110| <div class="admin-container">
    111| 

D:\Projects\BioBrainMdb\views\partials\admin\header.ejs:8
    6|     <div class="header-right">
    7|         <span class="welcome-text">
 >> 8|             Welcome, <%= username ? username : "ADMIN" %>
    9|         </span>
    10| 
    11|         <a href="/" class="home-btn">Home</a>

username is not defined
    at eval ("D:\\Projects\\BioBrainMdb\\views\\partials\\admin\\header.ejs":12:26)
    at header (D:\Projects\BioBrainMdb\node_modules\ejs\lib\ejs.js:703:17)
    at include (D:\Projects\BioBrainMdb\node_modules\ejs\lib\ejs.js:701:39)
    at eval ("D:\\Projects\\BioBrainMdb\\views\\pages\\desktop\\admin\\exams\\exam.ejs":12:17)
    at exam (D:\Projects\BioBrainMdb\node_modules\ejs\lib\ejs.js:703:17)
    at tryHandleCache (D:\Projects\BioBrainMdb\node_modules\ejs\lib\ejs.js:274:36)
    at exports.renderFile [as engine] (D:\Projects\BioBrainMdb\node_modules\ejs\lib\ejs.js:491:10)
    at View.render (D:\Projects\BioBrainMdb\node_modules\express\lib\view.js:139:8)
    at tryRender (D:\Projects\BioBrainMdb\node_modules\express\lib\application.js:627:10)
    at app.render (D:\Projects\BioBrainMdb\node_modules\express\lib\application.js:574:3) {"user":"Guest","ip":"::1"}
2026-03-24 18:16:26 [INFO]: ⚠ Clearing old Exams... 
2026-03-24 18:16:27 [INFO]: ⚠ Clearing old Payments... 
2026-03-24 18:16:27 [INFO]: ⚡ Seeding Exam database... 
2026-03-24 18:16:27 [INFO]: 🔥 Exam seeded: 4 successfully! 
2026-03-24 18:16:27 [INFO]: 🔥 Subject seeded: 4 successfully! 
2026-03-24 18:16:27 [INFO]: 🔥 Unit seeded: 11 successfully! 
2026-03-24 18:16:28 [INFO]: 🔥 Topics seeded: 49 successfully! 
2026-03-24 18:16:28 [INFO]: 📂 Seeding Questions From questiontable_E1_S1_U1.json... 
2026-03-24 18:16:28 [INFO]: ✅ Inserted 460 from questiontable_E1_S1_U1.json 
2026-03-24 18:16:28 [INFO]: 🔥 Total Questions seeded: 460 
2026-03-24 18:16:28 [INFO]: ✅ All Exam database seeded successfully! 
2026-03-24 18:16:28 [INFO]: 🔥  Forced seeding of UserRoles Database enabled. 
2026-03-24 18:16:28 [INFO]: ⚠ Clearing old Users... 
2026-03-24 18:16:28 [INFO]: ⚠ Clearing old Roles... 
2026-03-24 18:16:28 [INFO]: ⚡ Seeding UserRoles Database ... 
2026-03-24 18:16:28 [INFO]: 🔥 Roles seeded: 5 successfully! 
2026-03-24 18:16:28 [INFO]: 🔥 Users seeded: 2 successfully! 
2026-03-24 18:16:28 [INFO]: ✅ All UserRole Database seeded successfully! 
2026-03-24 18:20:46 [INFO]: GET /keep-session-alive ::1 
2026-03-24 18:22:19 [INFO]: 🚀 Server running on port 3000 
2026-03-24 18:22:19 [INFO]: ✅ Connected to MongoDB 
2026-03-24 18:22:19 [INFO]: 🔥  Forced seeding of Exam Database enabled. 
2026-03-24 18:22:19 [INFO]: ⚠ Clearing old Questions... 
2026-03-24 18:22:20 [INFO]: ⚠ Clearing old Topics... 
2026-03-24 18:22:20 [INFO]: ⚠ Clearing old Units... 
2026-03-24 18:22:20 [INFO]: ⚠ Clearing old Subjects... 
2026-03-24 18:22:20 [INFO]: ⚠ Clearing old Exams... 
2026-03-24 18:22:20 [INFO]: ⚠ Clearing old Payments... 
2026-03-24 18:22:20 [INFO]: ⚡ Seeding Exam database... 
2026-03-24 18:22:21 [INFO]: 🔥 Exam seeded: 4 successfully! 
2026-03-24 18:22:21 [INFO]: 🔥 Subject seeded: 4 successfully! 
2026-03-24 18:22:21 [INFO]: 🔥 Unit seeded: 11 successfully! 
2026-03-24 18:22:21 [INFO]: 🔥 Topics seeded: 49 successfully! 
2026-03-24 18:22:21 [INFO]: 📂 Seeding Questions From questiontable_E1_S1_U1.json... 
2026-03-24 18:22:22 [INFO]: ✅ Inserted 460 from questiontable_E1_S1_U1.json 
2026-03-24 18:22:22 [INFO]: 🔥 Total Questions seeded: 460 
2026-03-24 18:22:22 [INFO]: ✅ All Exam database seeded successfully! 
2026-03-24 18:22:22 [INFO]: 🔥  Forced seeding of UserRoles Database enabled. 
2026-03-24 18:22:22 [INFO]: ⚠ Clearing old Users... 
2026-03-24 18:22:22 [INFO]: ⚠ Clearing old Roles... 
2026-03-24 18:22:22 [INFO]: ⚡ Seeding UserRoles Database ... 
2026-03-24 18:22:22 [INFO]: 🔥 Roles seeded: 5 successfully! 
2026-03-24 18:22:22 [INFO]: 🔥 Users seeded: 2 successfully! 
2026-03-24 18:22:22 [INFO]: ✅ All UserRole Database seeded successfully! 
2026-03-24 18:22:25 [INFO]: GET / ::1 
2026-03-24 18:22:25 [INFO]: GET /css/desktopStyle.css ::1 
2026-03-24 18:22:25 [INFO]: GET /images/biobrain-logo1.png ::1 
2026-03-24 18:22:25 [INFO]: GET /js/navibar.js ::1 
2026-03-24 18:22:25 [INFO]: GET /images/dna-pattern.png ::1 
2026-03-24 18:22:25 [INFO]: GET /images/molucule-structure.png ::1 
2026-03-24 18:22:27 [INFO]: GET /admin ::1 
2026-03-24 18:22:27 [INFO]: GET /login ::1 
2026-03-24 18:22:28 [INFO]: GET /css/desktopStyle.css ::1 
2026-03-24 18:22:28 [INFO]: GET /images/biobrain-logo1.png ::1 
2026-03-24 18:22:28 [INFO]: GET /js/navibar.js ::1 
2026-03-24 18:22:38 [INFO]: POST /login ::1 
2026-03-24 18:22:39 [INFO]: GET / ::1 
2026-03-24 18:22:39 [INFO]: GET /css/desktopStyle.css ::1 
2026-03-24 18:22:39 [INFO]: GET /js/navibar.js ::1 
2026-03-24 18:22:39 [INFO]: GET /images/biobrain-logo1.png ::1 
2026-03-24 18:22:41 [INFO]: GET /admin ::1 
2026-03-24 18:22:42 [INFO]: GET /css/adminStyle.css ::1 
2026-03-24 18:22:42 [INFO]: GET /js/admin.js ::1 
2026-03-24 18:22:44 [INFO]: GET /admin/userroles ::1 
2026-03-24 18:22:44 [INFO]: GET /css/adminStyle.css ::1 
2026-03-24 18:22:49 [INFO]: GET /admin/logs ::1 
2026-03-24 18:22:49 [INFO]: GET /css/adminStyle.css ::1 
2026-03-24 18:22:49 [INFO]: GET /logs ::1 
2026-03-24 18:22:52 [INFO]: GET /admin/logs/files?type=exception ::1 
2026-03-24 18:22:54 [INFO]: GET /admin/logs/view?type=exception&file=exception-22-03-2026.log ::1 
2026-03-24 18:22:58 [INFO]: GET /admin/logs/files?type=rejection ::1 
2026-03-24 18:22:59 [INFO]: GET /admin/logs/view?type=rejection&file=rejection-22-03-2026.log ::1 
2026-03-24 18:23:01 [INFO]: GET /admin/logs/files?type=error ::1 
2026-03-24 18:23:03 [INFO]: GET /admin/logs/view?type=error&file=error-24-03-2026.log ::1 
2026-03-24 18:24:09 [INFO]: 🚀 Server running on port 3000 
2026-03-24 18:24:10 [INFO]: ✅ Connected to MongoDB 
2026-03-24 18:24:10 [INFO]: 🔥  Forced seeding of Exam Database enabled. 
2026-03-24 18:24:10 [INFO]: ⚠ Clearing old Questions... 
2026-03-24 18:24:10 [INFO]: ⚠ Clearing old Topics... 
2026-03-24 18:24:11 [INFO]: ⚠ Clearing old Units... 
2026-03-24 18:24:12 [INFO]: ⚠ Clearing old Subjects... 
2026-03-24 18:24:12 [INFO]: ⚠ Clearing old Exams... 
2026-03-24 18:24:12 [INFO]: ⚠ Clearing old Payments... 
2026-03-24 18:24:12 [INFO]: ⚡ Seeding Exam database... 
2026-03-24 18:24:12 [INFO]: 🔥 Exam seeded: 4 successfully! 
2026-03-24 18:24:12 [INFO]: 🔥 Subject seeded: 4 successfully! 
2026-03-24 18:24:14 [INFO]: 🔥 Unit seeded: 11 successfully! 
2026-03-24 18:24:17 [INFO]: 🔥 Topics seeded: 49 successfully! 
2026-03-24 18:24:17 [INFO]: 📂 Seeding Questions From questiontable_E1_S1_U1.json... 
2026-03-24 18:24:18 [INFO]: ✅ Inserted 460 from questiontable_E1_S1_U1.json 
2026-03-24 18:24:18 [INFO]: 🔥 Total Questions seeded: 460 
2026-03-24 18:24:18 [INFO]: ✅ All Exam database seeded successfully! 
2026-03-24 18:24:18 [INFO]: 🔥  Forced seeding of UserRoles Database enabled. 
2026-03-24 18:24:18 [INFO]: ⚠ Clearing old Users... 
2026-03-24 18:24:18 [INFO]: ⚠ Clearing old Roles... 
2026-03-24 18:24:18 [INFO]: ⚡ Seeding UserRoles Database ... 
2026-03-24 18:24:18 [INFO]: 🔥 Roles seeded: 5 successfully! 
2026-03-24 18:24:18 [INFO]: 🔥 Users seeded: 2 successfully! 
2026-03-24 18:24:18 [INFO]: ✅ All UserRole Database seeded successfully! 
2026-03-24 18:25:09 [INFO]: 🚀 Server running on port 3000 
2026-03-24 18:25:10 [INFO]: ✅ Connected to MongoDB 
2026-03-24 18:25:10 [INFO]: 🔥  Forced seeding of Exam Database enabled. 
2026-03-24 18:25:10 [INFO]: ⚠ Clearing old Questions... 
2026-03-24 18:25:10 [INFO]: ⚠ Clearing old Topics... 
2026-03-24 18:25:10 [INFO]: ⚠ Clearing old Units... 
2026-03-24 18:25:10 [INFO]: ⚠ Clearing old Subjects... 
2026-03-24 18:25:10 [INFO]: ⚠ Clearing old Exams... 
2026-03-24 18:25:11 [INFO]: ⚠ Clearing old Payments... 
2026-03-24 18:25:11 [INFO]: ⚡ Seeding Exam database... 
2026-03-24 18:25:11 [INFO]: 🔥 Exam seeded: 4 successfully! 
2026-03-24 18:25:12 [INFO]: 🔥 Subject seeded: 4 successfully! 
2026-03-24 18:25:12 [INFO]: 🔥 Unit seeded: 11 successfully! 
2026-03-24 18:25:12 [INFO]: 🔥 Topics seeded: 49 successfully! 
2026-03-24 18:25:12 [INFO]: 📂 Seeding Questions From questiontable_E1_S1_U1.json... 
2026-03-24 18:25:12 [INFO]: ✅ Inserted 460 from questiontable_E1_S1_U1.json 
2026-03-24 18:25:12 [INFO]: 🔥 Total Questions seeded: 460 
2026-03-24 18:25:12 [INFO]: ✅ All Exam database seeded successfully! 
2026-03-24 18:25:12 [INFO]: 🔥  Forced seeding of UserRoles Database enabled. 
2026-03-24 18:25:12 [INFO]: ⚠ Clearing old Users... 
2026-03-24 18:25:12 [INFO]: ⚠ Clearing old Roles... 
2026-03-24 18:25:12 [INFO]: ⚡ Seeding UserRoles Database ... 
2026-03-24 18:25:12 [INFO]: 🔥 Roles seeded: 5 successfully! 
2026-03-24 18:25:12 [INFO]: 🔥 Users seeded: 2 successfully! 
2026-03-24 18:25:12 [INFO]: ✅ All UserRole Database seeded successfully! 
2026-03-24 18:25:17 [INFO]: GET / ::1 
2026-03-24 18:25:17 [INFO]: GET /css/desktopStyle.css ::1 
2026-03-24 18:25:17 [INFO]: GET /images/biobrain-logo1.png ::1 
2026-03-24 18:25:17 [INFO]: GET /js/navibar.js ::1 
2026-03-24 18:25:18 [INFO]: GET /admin ::1 
2026-03-24 18:25:18 [INFO]: GET /login ::1 
2026-03-24 18:25:18 [INFO]: GET /css/desktopStyle.css ::1 
2026-03-24 18:25:18 [INFO]: GET /images/biobrain-logo1.png ::1 
2026-03-24 18:25:18 [INFO]: GET /js/navibar.js ::1 
2026-03-24 18:25:28 [INFO]: POST /login ::1 
2026-03-24 18:25:28 [INFO]: GET / ::1 
2026-03-24 18:25:28 [INFO]: GET /css/desktopStyle.css ::1 
2026-03-24 18:25:28 [INFO]: GET /images/biobrain-logo1.png ::1 
2026-03-24 18:25:28 [INFO]: GET /js/navibar.js ::1 
2026-03-24 18:25:41 [INFO]: GET /admin ::1 
2026-03-24 18:25:42 [INFO]: GET /css/adminStyle.css ::1 
2026-03-24 18:25:42 [INFO]: GET /js/admin.js ::1 
2026-03-24 18:25:46 [INFO]: GET /admin/logs ::1 
2026-03-24 18:25:46 [INFO]: GET /css/adminStyle.css ::1 
2026-03-24 18:25:46 [INFO]: GET /logs ::1 
2026-03-24 18:25:48 [INFO]: GET /admin/logs/files?type=rejection ::1 
2026-03-24 18:25:55 [INFO]: GET /admin/logs/view?type=rejection&file=rejection-22-03-2026.log ::1 
2026-03-24 18:25:57 [INFO]: GET /admin/logs/view?type=rejection&file=rejection-24-03-2026.log ::1 
2026-03-24 18:25:59 [INFO]: GET /admin/logs/files?type=exception ::1 
2026-03-24 18:26:00 [INFO]: GET /admin/logs/view?type=exception&file=exception-22-03-2026.log ::1 
2026-03-24 18:26:02 [INFO]: GET /admin/logs/view?type=exception&file=exception-24-03-2026.log ::1 
