2026-03-16 07:42:12 [INFO]: 🚀 Server running on port 3000 
2026-03-16 07:42:12 [INFO]: ✅ Connected to MongoDB 
2026-03-16 07:42:12 [INFO]: ✅ Forced seeding of Exam Database disabled. Skipping... 
2026-03-16 07:42:12 [INFO]: ✅ Forced seeding of UserRoles Database disabled. Skipping... 
2026-03-16 07:42:13 [INFO]: GET / ::1 
2026-03-16 07:42:13 [INFO]: GET /css/desktopStyle.css ::1 
2026-03-16 07:42:13 [INFO]: GET /images/biobrain-logo1.png ::1 
2026-03-16 07:42:13 [INFO]: GET /js/navibar.js ::1 
2026-03-16 07:42:13 [INFO]: GET /images/dna-pattern.png ::1 
2026-03-16 07:42:13 [INFO]: GET /images/molucule-structure.png ::1 
2026-03-16 07:42:14 [INFO]: GET /favicon.ico ::1 
2026-03-16 07:42:15 [INFO]: GET /mocktest/init/E4/S1 ::1 
2026-03-16 07:42:15 [INFO]: GET /login ::1 
2026-03-16 07:42:15 [INFO]: GET /css/desktopStyle.css ::1 
2026-03-16 07:42:15 [INFO]: GET /images/biobrain-logo1.png ::1 
2026-03-16 07:42:15 [INFO]: GET /js/navibar.js ::1 
2026-03-16 07:42:28 [INFO]: POST /login ::1 
2026-03-16 07:42:28 [INFO]: GET /mocktest/init/E4/S1 ::1 
2026-03-16 07:42:28 [INFO]: GET /css/desktopStyle.css ::1 
2026-03-16 07:42:28 [INFO]: GET /images/biobrain-logo1.png ::1 
2026-03-16 07:42:28 [INFO]: GET /js/navibar.js ::1 
2026-03-16 07:42:29 [INFO]: GET /units/E4/S1 ::1 
2026-03-16 07:42:31 [INFO]: GET /mocktest/result/pdf/69b6cee9228eedfa77b19491 ::1 
2026-03-16 07:43:02 [INFO]: GET /mocktest/result/pdf/69b6cf2e228eedfa77b194b1 ::1 
2026-03-16 07:47:29 [INFO]: GET /keep-session-alive ::1 
2026-03-16 07:47:54 [INFO]: 🚀 Server running on port 3000 
2026-03-16 07:47:54 [INFO]: ✅ Connected to MongoDB 
2026-03-16 07:47:54 [INFO]: ✅ Forced seeding of Exam Database disabled. Skipping... 
2026-03-16 07:47:54 [INFO]: ✅ Forced seeding of UserRoles Database disabled. Skipping... 
2026-03-16 07:47:58 [INFO]: GET / ::1 
2026-03-16 07:47:58 [INFO]: GET /css/desktopStyle.css ::1 
2026-03-16 07:47:58 [INFO]: GET /images/biobrain-logo1.png ::1 
2026-03-16 07:47:58 [INFO]: GET /js/navibar.js ::1 
2026-03-16 07:47:58 [INFO]: GET /images/dna-pattern.png ::1 
2026-03-16 07:47:58 [INFO]: GET /images/molucule-structure.png ::1 
2026-03-16 07:48:01 [INFO]: GET / ::1 
2026-03-16 07:48:01 [INFO]: GET /css/desktopStyle.css ::1 
2026-03-16 07:48:01 [INFO]: GET /images/biobrain-logo1.png ::1 
2026-03-16 07:48:01 [INFO]: GET /js/navibar.js ::1 
2026-03-16 07:48:01 [INFO]: GET /images/dna-pattern.png ::1 
2026-03-16 07:48:01 [INFO]: GET /images/molucule-structure.png ::1 
2026-03-16 07:48:03 [INFO]: GET /mocktest/init/E4/S1 ::1 
2026-03-16 07:48:03 [INFO]: GET /css/desktopStyle.css ::1 
2026-03-16 07:48:03 [INFO]: GET /images/biobrain-logo1.png ::1 
2026-03-16 07:48:03 [INFO]: GET /js/navibar.js ::1 
2026-03-16 07:48:04 [INFO]: GET /units/E4/S1 ::1 
2026-03-16 07:48:05 [INFO]: GET /mocktest/result/pdf/69b6cf2e228eedfa77b194b1 ::1 
2026-03-16 07:51:33 [INFO]: 🚀 Server running on port 3000 
2026-03-16 07:51:33 [INFO]: ✅ Connected to MongoDB 
2026-03-16 07:51:33 [INFO]: ✅ Forced seeding of Exam Database disabled. Skipping... 
2026-03-16 07:51:33 [INFO]: ✅ Forced seeding of UserRoles Database disabled. Skipping... 
2026-03-16 07:51:35 [INFO]: GET / ::1 
2026-03-16 07:51:35 [INFO]: GET /css/desktopStyle.css ::1 
2026-03-16 07:51:35 [INFO]: GET /images/biobrain-logo1.png ::1 
2026-03-16 07:51:35 [INFO]: GET /js/navibar.js ::1 
2026-03-16 07:51:35 [INFO]: GET /images/dna-pattern.png ::1 
2026-03-16 07:51:35 [INFO]: GET /images/molucule-structure.png ::1 
2026-03-16 07:51:37 [INFO]: GET /mocktest/init/E4/S1 ::1 
2026-03-16 07:51:37 [INFO]: GET /css/desktopStyle.css ::1 
2026-03-16 07:51:37 [INFO]: GET /images/biobrain-logo1.png ::1 
2026-03-16 07:51:37 [INFO]: GET /js/navibar.js ::1 
2026-03-16 07:51:37 [INFO]: GET /units/E4/S1 ::1 
2026-03-16 07:51:39 [INFO]: GET /mocktest/result/pdf/69b6cf2e228eedfa77b194b1 ::1 
2026-03-16 07:52:29 [INFO]: GET /keep-session-alive ::1 
2026-03-16 07:53:04 [INFO]: GET /keep-session-alive ::1 
2026-03-16 07:56:37 [INFO]: GET /keep-session-alive ::1 
2026-03-16 07:57:29 [INFO]: GET /keep-session-alive ::1 
2026-03-16 07:58:04 [INFO]: GET /keep-session-alive ::1 
2026-03-16 08:01:23 [INFO]: 🚀 Server running on port 3000 
2026-03-16 08:01:23 [INFO]: ✅ Connected to MongoDB 
2026-03-16 08:01:23 [INFO]: ✅ Forced seeding of Exam Database disabled. Skipping... 
2026-03-16 08:01:23 [INFO]: ✅ Forced seeding of UserRoles Database disabled. Skipping... 
2026-03-16 08:01:25 [INFO]: GET / ::1 
2026-03-16 08:01:25 [INFO]: GET /css/desktopStyle.css ::1 
2026-03-16 08:01:25 [INFO]: GET /images/biobrain-logo1.png ::1 
2026-03-16 08:01:25 [INFO]: GET /js/navibar.js ::1 
2026-03-16 08:01:25 [INFO]: GET /images/dna-pattern.png ::1 
2026-03-16 08:01:25 [INFO]: GET /images/molucule-structure.png ::1 
2026-03-16 08:01:27 [INFO]: GET /mocktest/init/E4/S1 ::1 
2026-03-16 08:01:27 [INFO]: GET /css/desktopStyle.css ::1 
2026-03-16 08:01:27 [INFO]: GET /images/biobrain-logo1.png ::1 
2026-03-16 08:01:27 [INFO]: GET /js/navibar.js ::1 
2026-03-16 08:01:27 [INFO]: GET /units/E4/S1 ::1 
2026-03-16 08:01:29 [INFO]: GET /mocktest/result/pdf/69b6cf2e228eedfa77b194b1 ::1 
2026-03-16 08:01:37 [INFO]: GET /keep-session-alive ::1 
2026-03-16 08:02:29 [INFO]: GET /keep-session-alive ::1 
2026-03-16 08:03:04 [INFO]: GET /keep-session-alive ::1 
2026-03-16 08:05:20 [INFO]: 🚀 Server running on port 3000 
2026-03-16 08:05:20 [INFO]: ✅ Connected to MongoDB 
2026-03-16 08:05:20 [INFO]: ✅ Forced seeding of Exam Database disabled. Skipping... 
2026-03-16 08:05:20 [INFO]: ✅ Forced seeding of UserRoles Database disabled. Skipping... 
2026-03-16 08:05:24 [INFO]: GET / ::1 
2026-03-16 08:05:24 [INFO]: GET /css/desktopStyle.css ::1 
2026-03-16 08:05:24 [INFO]: GET /images/biobrain-logo1.png ::1 
2026-03-16 08:05:24 [INFO]: GET /js/navibar.js ::1 
2026-03-16 08:05:24 [INFO]: GET /images/dna-pattern.png ::1 
2026-03-16 08:05:24 [INFO]: GET /images/molucule-structure.png ::1 
2026-03-16 08:05:26 [INFO]: GET /mocktest/init/E4/S1 ::1 
2026-03-16 08:05:26 [INFO]: GET /css/desktopStyle.css ::1 
2026-03-16 08:05:26 [INFO]: GET /images/biobrain-logo1.png ::1 
2026-03-16 08:05:26 [INFO]: GET /js/navibar.js ::1 
2026-03-16 08:05:26 [INFO]: GET /units/E4/S1 ::1 
2026-03-16 08:05:28 [INFO]: GET /mocktest/result/pdf/69b6cf2e228eedfa77b194b1 ::1 
2026-03-16 08:06:28 [INFO]: GET /keep-session-alive ::1 
2026-03-16 08:06:37 [INFO]: GET /keep-session-alive ::1 
2026-03-16 08:07:18 [INFO]: 🚀 Server running on port 3000 
2026-03-16 08:07:18 [INFO]: ✅ Connected to MongoDB 
2026-03-16 08:07:18 [INFO]: ✅ Forced seeding of Exam Database disabled. Skipping... 
2026-03-16 08:07:18 [INFO]: ✅ Forced seeding of UserRoles Database disabled. Skipping... 
2026-03-16 08:07:22 [INFO]: GET / ::1 
2026-03-16 08:07:22 [INFO]: GET /css/desktopStyle.css ::1 
2026-03-16 08:07:22 [INFO]: GET /images/biobrain-logo1.png ::1 
2026-03-16 08:07:22 [INFO]: GET /js/navibar.js ::1 
2026-03-16 08:07:22 [INFO]: GET /images/dna-pattern.png ::1 
2026-03-16 08:07:22 [INFO]: GET /images/molucule-structure.png ::1 
2026-03-16 08:07:24 [INFO]: GET /mocktest/init/E4/S1 ::1 
2026-03-16 08:07:24 [INFO]: GET /css/desktopStyle.css ::1 
2026-03-16 08:07:24 [INFO]: GET /images/biobrain-logo1.png ::1 
2026-03-16 08:07:24 [INFO]: GET /js/navibar.js ::1 
2026-03-16 08:07:24 [INFO]: GET /units/E4/S1 ::1 
2026-03-16 08:07:26 [INFO]: GET /mocktest/result/pdf/69b6cf2e228eedfa77b194b1 ::1 
2026-03-16 08:07:29 [INFO]: GET /keep-session-alive ::1 
2026-03-16 08:08:04 [INFO]: GET /keep-session-alive ::1 
2026-03-16 08:08:47 [INFO]: 🚀 Server running on port 3000 
2026-03-16 08:08:48 [INFO]: ✅ Connected to MongoDB 
2026-03-16 08:08:48 [INFO]: ✅ Forced seeding of Exam Database disabled. Skipping... 
2026-03-16 08:08:48 [INFO]: ✅ Forced seeding of UserRoles Database disabled. Skipping... 
2026-03-16 08:08:51 [INFO]: GET / ::1 
2026-03-16 08:08:51 [INFO]: GET /css/desktopStyle.css ::1 
2026-03-16 08:08:51 [INFO]: GET /images/biobrain-logo1.png ::1 
2026-03-16 08:08:51 [INFO]: GET /js/navibar.js ::1 
2026-03-16 08:08:52 [INFO]: GET /images/dna-pattern.png ::1 
2026-03-16 08:08:52 [INFO]: GET /images/molucule-structure.png ::1 
2026-03-16 08:08:53 [INFO]: GET /mocktest/init/E4/S1 ::1 
2026-03-16 08:08:53 [INFO]: GET /css/desktopStyle.css ::1 
2026-03-16 08:08:53 [INFO]: GET /images/biobrain-logo1.png ::1 
2026-03-16 08:08:53 [INFO]: GET /js/navibar.js ::1 
2026-03-16 08:08:53 [INFO]: GET /images/molucule-structure.png ::1 
2026-03-16 08:08:53 [INFO]: GET /units/E4/S1 ::1 
2026-03-16 08:08:54 [INFO]: GET /mocktest/result/pdf/69b6cf2e228eedfa77b194b1 ::1 
2026-03-16 08:09:59 [INFO]: 🚀 Server running on port 3000 
2026-03-16 08:09:59 [INFO]: ✅ Connected to MongoDB 
2026-03-16 08:09:59 [INFO]: ✅ Forced seeding of Exam Database disabled. Skipping... 
2026-03-16 08:09:59 [INFO]: ✅ Forced seeding of UserRoles Database disabled. Skipping... 
2026-03-16 08:12:29 [INFO]: GET /keep-session-alive ::1 
2026-03-16 08:15:22 [INFO]: 🚀 Server running on port 3000 
2026-03-16 08:15:23 [INFO]: ✅ Connected to MongoDB 
2026-03-16 08:15:23 [INFO]: ✅ Forced seeding of Exam Database disabled. Skipping... 
2026-03-16 08:15:23 [INFO]: ✅ Forced seeding of UserRoles Database disabled. Skipping... 
2026-03-16 08:15:30 [INFO]: GET / ::1 
2026-03-16 08:15:30 [INFO]: GET /css/desktopStyle.css ::1 
2026-03-16 08:15:30 [INFO]: GET /images/biobrain-logo1.png ::1 
2026-03-16 08:15:30 [INFO]: GET /js/navibar.js ::1 
2026-03-16 08:15:30 [INFO]: GET /images/dna-pattern.png ::1 
2026-03-16 08:15:30 [INFO]: GET /images/molucule-structure.png ::1 
2026-03-16 08:15:33 [INFO]: GET /mocktest/init/E4/S1 ::1 
2026-03-16 08:15:33 [INFO]: GET /css/desktopStyle.css ::1 
2026-03-16 08:15:33 [INFO]: GET /images/biobrain-logo1.png ::1 
2026-03-16 08:15:33 [INFO]: GET /js/navibar.js ::1 
2026-03-16 08:15:33 [INFO]: GET /units/E4/S1 ::1 
2026-03-16 08:15:35 [INFO]: GET /mocktest/result/pdf/69b6cf2e228eedfa77b194b1 ::1 
2026-03-16 08:17:58 [INFO]: 🚀 Server running on port 3000 
2026-03-16 08:17:58 [INFO]: ✅ Connected to MongoDB 
2026-03-16 08:17:58 [INFO]: ✅ Forced seeding of Exam Database disabled. Skipping... 
2026-03-16 08:17:58 [INFO]: ✅ Forced seeding of UserRoles Database disabled. Skipping... 
2026-03-16 08:18:01 [INFO]: GET / ::1 
2026-03-16 08:18:01 [INFO]: GET /css/desktopStyle.css ::1 
2026-03-16 08:18:01 [INFO]: GET /images/biobrain-logo1.png ::1 
2026-03-16 08:18:01 [INFO]: GET /js/navibar.js ::1 
2026-03-16 08:18:01 [INFO]: GET /images/dna-pattern.png ::1 
2026-03-16 08:18:01 [INFO]: GET /images/molucule-structure.png ::1 
2026-03-16 08:18:03 [INFO]: GET /mocktest/init/E4/S1 ::1 
2026-03-16 08:18:03 [INFO]: GET /css/desktopStyle.css ::1 
2026-03-16 08:18:03 [INFO]: GET /images/biobrain-logo1.png ::1 
2026-03-16 08:18:03 [INFO]: GET /js/navibar.js ::1 
2026-03-16 08:18:03 [INFO]: GET /images/molucule-structure.png ::1 
2026-03-16 08:18:03 [INFO]: GET /units/E4/S1 ::1 
2026-03-16 08:18:05 [INFO]: GET /mocktest/result/pdf/69b6cf2e228eedfa77b194b1 ::1 
2026-03-16 08:18:15 [INFO]: GET /keep-session-alive ::1 
2026-03-16 08:18:57 [INFO]: 🚀 Server running on port 3000 
2026-03-16 08:18:57 [INFO]: ✅ Connected to MongoDB 
2026-03-16 08:18:57 [INFO]: ✅ Forced seeding of Exam Database disabled. Skipping... 
2026-03-16 08:18:57 [INFO]: ✅ Forced seeding of UserRoles Database disabled. Skipping... 
2026-03-16 08:18:59 [INFO]: GET / ::1 
2026-03-16 08:18:59 [INFO]: GET /css/desktopStyle.css ::1 
2026-03-16 08:18:59 [INFO]: GET /images/biobrain-logo1.png ::1 
2026-03-16 08:18:59 [INFO]: GET /js/navibar.js ::1 
2026-03-16 08:18:59 [INFO]: GET /images/dna-pattern.png ::1 
2026-03-16 08:18:59 [INFO]: GET /images/molucule-structure.png ::1 
2026-03-16 08:19:00 [INFO]: GET / ::1 
2026-03-16 08:19:00 [INFO]: GET /css/desktopStyle.css ::1 
2026-03-16 08:19:00 [INFO]: GET /images/biobrain-logo1.png ::1 
2026-03-16 08:19:00 [INFO]: GET /js/navibar.js ::1 
2026-03-16 08:19:00 [INFO]: GET /images/dna-pattern.png ::1 
2026-03-16 08:19:00 [INFO]: GET /images/molucule-structure.png ::1 
2026-03-16 08:19:02 [INFO]: GET / ::1 
2026-03-16 08:19:02 [INFO]: GET /css/desktopStyle.css ::1 
2026-03-16 08:19:02 [INFO]: GET /images/biobrain-logo1.png ::1 
2026-03-16 08:19:02 [INFO]: GET /js/navibar.js ::1 
2026-03-16 08:19:04 [INFO]: GET /mocktest/init/E4/S1 ::1 
2026-03-16 08:19:04 [INFO]: GET /css/desktopStyle.css ::1 
2026-03-16 08:19:04 [INFO]: GET /images/biobrain-logo1.png ::1 
2026-03-16 08:19:04 [INFO]: GET /js/navibar.js ::1 
2026-03-16 08:19:05 [INFO]: GET /units/E4/S1 ::1 
2026-03-16 08:19:07 [INFO]: GET /mocktest/result/pdf/69b6cf2e228eedfa77b194b1 ::1 
2026-03-16 08:20:33 [INFO]: GET /keep-session-alive ::1 
2026-03-16 08:20:56 [INFO]: 🚀 Server running on port 3000 
2026-03-16 08:20:56 [INFO]: ✅ Connected to MongoDB 
2026-03-16 08:20:56 [INFO]: ✅ Forced seeding of Exam Database disabled. Skipping... 
2026-03-16 08:20:56 [INFO]: ✅ Forced seeding of UserRoles Database disabled. Skipping... 
2026-03-16 08:20:58 [INFO]: GET / ::1 
2026-03-16 08:20:58 [INFO]: GET /css/desktopStyle.css ::1 
2026-03-16 08:20:58 [INFO]: GET /images/biobrain-logo1.png ::1 
2026-03-16 08:20:58 [INFO]: GET /js/navibar.js ::1 
2026-03-16 08:20:58 [INFO]: GET /images/dna-pattern.png ::1 
2026-03-16 08:20:58 [INFO]: GET /images/molucule-structure.png ::1 
2026-03-16 08:20:59 [INFO]: GET /mocktest/init/E4/S1 ::1 
2026-03-16 08:21:00 [INFO]: GET /css/desktopStyle.css ::1 
2026-03-16 08:21:00 [INFO]: GET /images/biobrain-logo1.png ::1 
2026-03-16 08:21:00 [INFO]: GET /js/navibar.js ::1 
2026-03-16 08:21:00 [INFO]: GET /units/E4/S1 ::1 
2026-03-16 08:21:01 [INFO]: GET /mocktest/result/pdf/69b6cf2e228eedfa77b194b1 ::1 
2026-03-16 08:23:03 [INFO]: GET /keep-session-alive ::1 
2026-03-16 08:23:15 [INFO]: GET /keep-session-alive ::1 
2026-03-16 08:23:27 [INFO]: 🚀 Server running on port 3000 
2026-03-16 08:23:27 [INFO]: ✅ Connected to MongoDB 
2026-03-16 08:23:27 [INFO]: ✅ Forced seeding of Exam Database disabled. Skipping... 
2026-03-16 08:23:27 [INFO]: ✅ Forced seeding of UserRoles Database disabled. Skipping... 
2026-03-16 08:23:30 [INFO]: GET / ::1 
2026-03-16 08:23:30 [INFO]: GET /css/desktopStyle.css ::1 
2026-03-16 08:23:30 [INFO]: GET /images/biobrain-logo1.png ::1 
2026-03-16 08:23:30 [INFO]: GET /js/navibar.js ::1 
2026-03-16 08:23:30 [INFO]: GET /images/dna-pattern.png ::1 
2026-03-16 08:23:30 [INFO]: GET /images/molucule-structure.png ::1 
2026-03-16 08:23:32 [INFO]: GET /mocktest/init/E4/S1 ::1 
2026-03-16 08:23:32 [INFO]: GET /css/desktopStyle.css ::1 
2026-03-16 08:23:32 [INFO]: GET /images/biobrain-logo1.png ::1 
2026-03-16 08:23:32 [INFO]: GET /js/navibar.js ::1 
2026-03-16 08:23:32 [INFO]: GET /units/E4/S1 ::1 
2026-03-16 08:23:33 [INFO]: GET /mocktest/result/pdf/69b6cf2e228eedfa77b194b1 ::1 
2026-03-16 08:24:05 [INFO]: GET /keep-session-alive ::1 
2026-03-16 08:25:33 [INFO]: GET /keep-session-alive ::1 
2026-03-16 08:25:42 [INFO]: 🚀 Server running on port 3000 
2026-03-16 08:25:42 [INFO]: ✅ Connected to MongoDB 
2026-03-16 08:25:42 [INFO]: ✅ Forced seeding of Exam Database disabled. Skipping... 
2026-03-16 08:25:42 [INFO]: ✅ Forced seeding of UserRoles Database disabled. Skipping... 
2026-03-16 08:25:45 [INFO]: GET / ::1 
2026-03-16 08:25:45 [INFO]: GET /css/desktopStyle.css ::1 
2026-03-16 08:25:45 [INFO]: GET /images/biobrain-logo1.png ::1 
2026-03-16 08:25:45 [INFO]: GET /js/navibar.js ::1 
2026-03-16 08:25:45 [INFO]: GET /images/dna-pattern.png ::1 
2026-03-16 08:25:45 [INFO]: GET /images/molucule-structure.png ::1 
2026-03-16 08:25:46 [INFO]: GET /mocktest/init/E4/S1 ::1 
2026-03-16 08:25:46 [INFO]: GET /css/desktopStyle.css ::1 
2026-03-16 08:25:46 [INFO]: GET /images/biobrain-logo1.png ::1 
2026-03-16 08:25:46 [INFO]: GET /js/navibar.js ::1 
2026-03-16 08:25:47 [INFO]: GET /units/E4/S1 ::1 
2026-03-16 08:25:48 [INFO]: GET /mocktest/result/pdf/69b6cf2e228eedfa77b194b1 ::1 
2026-03-16 08:26:00 [INFO]: GET /keep-session-alive ::1 
2026-03-16 08:27:04 [INFO]: 🚀 Server running on port 3000 
2026-03-16 08:27:04 [INFO]: ✅ Connected to MongoDB 
2026-03-16 08:27:04 [INFO]: ✅ Forced seeding of Exam Database disabled. Skipping... 
2026-03-16 08:27:04 [INFO]: ✅ Forced seeding of UserRoles Database disabled. Skipping... 
2026-03-16 08:27:08 [INFO]: GET / ::1 
2026-03-16 08:27:08 [INFO]: GET /css/desktopStyle.css ::1 
2026-03-16 08:27:08 [INFO]: GET /images/biobrain-logo1.png ::1 
2026-03-16 08:27:08 [INFO]: GET /js/navibar.js ::1 
2026-03-16 08:27:08 [INFO]: GET /images/dna-pattern.png ::1 
2026-03-16 08:27:08 [INFO]: GET /images/molucule-structure.png ::1 
2026-03-16 08:27:10 [INFO]: GET /mocktest/init/E4/S1 ::1 
2026-03-16 08:27:10 [INFO]: GET /css/desktopStyle.css ::1 
2026-03-16 08:27:10 [INFO]: GET /images/biobrain-logo1.png ::1 
2026-03-16 08:27:10 [INFO]: GET /js/navibar.js ::1 
2026-03-16 08:27:10 [INFO]: GET /images/molucule-structure.png ::1 
2026-03-16 08:27:10 [INFO]: GET /units/E4/S1 ::1 
2026-03-16 08:27:11 [INFO]: GET /mocktest/result/pdf/69b6cf2e228eedfa77b194b1 ::1 
2026-03-16 08:28:03 [INFO]: GET /keep-session-alive ::1 
2026-03-16 08:28:15 [INFO]: GET /keep-session-alive ::1 
2026-03-16 08:28:32 [INFO]: GET /keep-session-alive ::1 
2026-03-16 08:29:05 [INFO]: GET /keep-session-alive ::1 
2026-03-16 08:30:02 [INFO]: 🚀 Server running on port 3000 
2026-03-16 08:30:02 [INFO]: ✅ Connected to MongoDB 
2026-03-16 08:30:02 [INFO]: ✅ Forced seeding of Exam Database disabled. Skipping... 
2026-03-16 08:30:02 [INFO]: ✅ Forced seeding of UserRoles Database disabled. Skipping... 
2026-03-16 08:30:05 [INFO]: GET / ::1 
2026-03-16 08:30:05 [INFO]: GET /css/desktopStyle.css ::1 
2026-03-16 08:30:05 [INFO]: GET /images/biobrain-logo1.png ::1 
2026-03-16 08:30:05 [INFO]: GET /js/navibar.js ::1 
2026-03-16 08:30:05 [INFO]: GET /images/dna-pattern.png ::1 
2026-03-16 08:30:05 [INFO]: GET /images/molucule-structure.png ::1 
2026-03-16 08:30:06 [INFO]: GET /mocktest/init/E4/S1 ::1 
2026-03-16 08:30:06 [INFO]: GET /css/desktopStyle.css ::1 
2026-03-16 08:30:06 [INFO]: GET /images/biobrain-logo1.png ::1 
2026-03-16 08:30:06 [INFO]: GET /js/navibar.js ::1 
2026-03-16 08:30:06 [INFO]: GET /units/E4/S1 ::1 
2026-03-16 08:30:10 [INFO]: GET /mocktest/result/pdf/69b6cf2e228eedfa77b194b1 ::1 
2026-03-16 20:16:43 [INFO]: 🚀 Server running on port 3000 
2026-03-16 20:16:43 [INFO]: ✅ Connected to MongoDB 
2026-03-16 20:16:43 [INFO]: ✅ Forced seeding of Exam Database disabled. Skipping... 
2026-03-16 20:16:43 [INFO]: ✅ Forced seeding of UserRoles Database disabled. Skipping... 
2026-03-16 20:16:45 [INFO]: GET / ::1 
2026-03-16 20:16:45 [INFO]: GET /css/desktopStyle.css ::1 
2026-03-16 20:16:45 [INFO]: GET /images/biobrain-logo1.png ::1 
2026-03-16 20:16:45 [INFO]: GET /js/navibar.js ::1 
2026-03-16 20:16:45 [INFO]: GET /images/dna-pattern.png ::1 
2026-03-16 20:16:45 [INFO]: GET /images/molucule-structure.png ::1 
2026-03-16 20:16:46 [INFO]: GET /favicon.ico ::1 
2026-03-16 20:17:57 [INFO]: GET /mocktest/init/E4/S1 ::1 
2026-03-16 20:17:57 [INFO]: GET /login ::1 
2026-03-16 20:17:57 [INFO]: GET /css/desktopStyle.css ::1 
2026-03-16 20:17:57 [INFO]: GET /images/biobrain-logo1.png ::1 
2026-03-16 20:17:57 [INFO]: GET /js/navibar.js ::1 
2026-03-16 20:18:09 [INFO]: POST /login ::1 
2026-03-16 20:18:09 [INFO]: GET /mocktest/init/E4/S1 ::1 
2026-03-16 20:18:09 [INFO]: GET /css/desktopStyle.css ::1 
2026-03-16 20:18:09 [INFO]: GET /images/biobrain-logo1.png ::1 
2026-03-16 20:18:09 [INFO]: GET /js/navibar.js ::1 
2026-03-16 20:18:09 [INFO]: GET /images/molucule-structure.png ::1 
2026-03-16 20:18:10 [INFO]: GET /units/E4/S1 ::1 
2026-03-16 20:18:17 [INFO]: GET /topics/E4/S1/U1 ::1 
2026-03-16 20:18:23 [INFO]: GET /mocktest/result/pdf/69b6cf2e228eedfa77b194b1 ::1 
2026-03-16 20:20:26 [INFO]: 🚀 Server running on port 3000 
2026-03-16 20:20:26 [INFO]: ✅ Connected to MongoDB 
2026-03-16 20:20:26 [INFO]: ✅ Forced seeding of Exam Database disabled. Skipping... 
2026-03-16 20:20:26 [INFO]: ✅ Forced seeding of UserRoles Database disabled. Skipping... 
2026-03-16 20:20:29 [INFO]: GET / ::1 
2026-03-16 20:20:29 [INFO]: GET /css/desktopStyle.css ::1 
2026-03-16 20:20:29 [INFO]: GET /images/biobrain-logo1.png ::1 
2026-03-16 20:20:29 [INFO]: GET /js/navibar.js ::1 
2026-03-16 20:20:29 [INFO]: GET /images/dna-pattern.png ::1 
2026-03-16 20:20:29 [INFO]: GET /images/molucule-structure.png ::1 
2026-03-16 20:20:31 [INFO]: GET /mocktest/init/E4/S1 ::1 
2026-03-16 20:20:31 [INFO]: GET /css/desktopStyle.css ::1 
2026-03-16 20:20:31 [INFO]: GET /images/biobrain-logo1.png ::1 
2026-03-16 20:20:31 [INFO]: GET /js/navibar.js ::1 
2026-03-16 20:20:31 [INFO]: GET /units/E4/S1 ::1 
2026-03-16 20:20:33 [INFO]: GET /mocktest/result/pdf/69b6cf2e228eedfa77b194b1 ::1 
2026-03-16 20:21:37 [INFO]: 🚀 Server running on port 3000 
2026-03-16 20:21:37 [INFO]: ✅ Connected to MongoDB 
2026-03-16 20:21:37 [INFO]: ✅ Forced seeding of Exam Database disabled. Skipping... 
2026-03-16 20:21:37 [INFO]: ✅ Forced seeding of UserRoles Database disabled. Skipping... 
2026-03-16 20:21:39 [INFO]: GET / ::1 
2026-03-16 20:21:39 [INFO]: GET /css/desktopStyle.css ::1 
2026-03-16 20:21:39 [INFO]: GET /images/biobrain-logo1.png ::1 
2026-03-16 20:21:39 [INFO]: GET /js/navibar.js ::1 
2026-03-16 20:21:39 [INFO]: GET /images/dna-pattern.png ::1 
2026-03-16 20:21:39 [INFO]: GET /images/molucule-structure.png ::1 
2026-03-16 20:21:41 [INFO]: GET /mocktest/init/E4/S1 ::1 
2026-03-16 20:21:41 [INFO]: GET /css/desktopStyle.css ::1 
2026-03-16 20:21:41 [INFO]: GET /images/biobrain-logo1.png ::1 
2026-03-16 20:21:41 [INFO]: GET /js/navibar.js ::1 
2026-03-16 20:21:41 [INFO]: GET /images/molucule-structure.png ::1 
2026-03-16 20:21:41 [INFO]: GET /units/E4/S1 ::1 
2026-03-16 20:21:44 [INFO]: GET /mocktest/result/pdf/69b6cf2e228eedfa77b194b1 ::1 
2026-03-16 20:23:09 [INFO]: GET /keep-session-alive ::1 
2026-03-16 20:24:50 [INFO]: 🚀 Server running on port 3000 
2026-03-16 20:24:51 [INFO]: ✅ Connected to MongoDB 
2026-03-16 20:24:51 [INFO]: ✅ Forced seeding of Exam Database disabled. Skipping... 
2026-03-16 20:24:51 [INFO]: ✅ Forced seeding of UserRoles Database disabled. Skipping... 
2026-03-16 20:24:53 [INFO]: GET / ::1 
2026-03-16 20:24:53 [INFO]: GET /css/desktopStyle.css ::1 
2026-03-16 20:24:53 [INFO]: GET /images/biobrain-logo1.png ::1 
2026-03-16 20:24:53 [INFO]: GET /js/navibar.js ::1 
2026-03-16 20:24:53 [INFO]: GET /images/dna-pattern.png ::1 
2026-03-16 20:24:53 [INFO]: GET /images/molucule-structure.png ::1 
2026-03-16 20:24:55 [INFO]: GET /mocktest/init/E4/S1 ::1 
2026-03-16 20:24:55 [INFO]: GET /css/desktopStyle.css ::1 
2026-03-16 20:24:55 [INFO]: GET /images/biobrain-logo1.png ::1 
2026-03-16 20:24:55 [INFO]: GET /js/navibar.js ::1 
2026-03-16 20:24:55 [INFO]: GET /units/E4/S1 ::1 
2026-03-16 20:25:00 [INFO]: GET /mocktest/result/pdf/69b6cf2e228eedfa77b194b1 ::1 
2026-03-16 20:25:31 [INFO]: GET /keep-session-alive ::1 
2026-03-16 20:26:41 [INFO]: GET /keep-session-alive ::1 
2026-03-16 20:28:09 [INFO]: GET /keep-session-alive ::1 
2026-03-16 20:29:55 [INFO]: GET /keep-session-alive ::1 
2026-03-16 20:30:31 [INFO]: GET /keep-session-alive ::1 
2026-03-16 20:30:45 [INFO]: 🚀 Server running on port 3000 
2026-03-16 20:30:45 [INFO]: ✅ Connected to MongoDB 
2026-03-16 20:30:45 [INFO]: ✅ Forced seeding of Exam Database disabled. Skipping... 
2026-03-16 20:30:45 [INFO]: ✅ Forced seeding of UserRoles Database disabled. Skipping... 
2026-03-16 20:30:49 [INFO]: GET / ::1 
2026-03-16 20:30:49 [INFO]: GET /css/desktopStyle.css ::1 
2026-03-16 20:30:49 [INFO]: GET /images/biobrain-logo1.png ::1 
2026-03-16 20:30:49 [INFO]: GET /js/navibar.js ::1 
2026-03-16 20:30:49 [INFO]: GET /images/dna-pattern.png ::1 
2026-03-16 20:30:49 [INFO]: GET /images/molucule-structure.png ::1 
2026-03-16 20:30:53 [INFO]: GET /mocktest/init/E4/S1 ::1 
2026-03-16 20:30:53 [INFO]: GET /css/desktopStyle.css ::1 
2026-03-16 20:30:53 [INFO]: GET /images/biobrain-logo1.png ::1 
2026-03-16 20:30:53 [INFO]: GET /js/navibar.js ::1 
2026-03-16 20:30:53 [INFO]: GET /units/E4/S1 ::1 
2026-03-16 20:30:54 [INFO]: GET /mocktest/result/pdf/69b6cf2e228eedfa77b194b1 ::1 
2026-03-16 20:31:41 [INFO]: GET /keep-session-alive ::1 
2026-03-16 20:32:32 [INFO]: 🚀 Server running on port 3000 
2026-03-16 20:32:32 [INFO]: ✅ Connected to MongoDB 
2026-03-16 20:32:32 [INFO]: ✅ Forced seeding of Exam Database disabled. Skipping... 
2026-03-16 20:32:32 [INFO]: ✅ Forced seeding of UserRoles Database disabled. Skipping... 
2026-03-16 20:32:34 [INFO]: GET / ::1 
2026-03-16 20:32:34 [INFO]: GET /css/desktopStyle.css ::1 
2026-03-16 20:32:34 [INFO]: GET /images/biobrain-logo1.png ::1 
2026-03-16 20:32:34 [INFO]: GET /js/navibar.js ::1 
2026-03-16 20:32:34 [INFO]: GET /images/dna-pattern.png ::1 
2026-03-16 20:32:34 [INFO]: GET /images/molucule-structure.png ::1 
2026-03-16 20:32:37 [INFO]: GET /mocktest/init/E4/S1 ::1 
2026-03-16 20:32:37 [INFO]: GET /css/desktopStyle.css ::1 
2026-03-16 20:32:37 [INFO]: GET /images/biobrain-logo1.png ::1 
2026-03-16 20:32:37 [INFO]: GET /js/navibar.js ::1 
2026-03-16 20:32:37 [INFO]: GET /images/molucule-structure.png ::1 
2026-03-16 20:32:37 [INFO]: GET /units/E4/S1 ::1 
2026-03-16 20:32:39 [INFO]: GET /mocktest/result/pdf/69b6cf2e228eedfa77b194b1 ::1 
2026-03-16 20:33:08 [INFO]: 🚀 Server running on port 3000 
2026-03-16 20:33:08 [INFO]: ✅ Connected to MongoDB 
2026-03-16 20:33:08 [INFO]: ✅ Forced seeding of Exam Database disabled. Skipping... 
2026-03-16 20:33:08 [INFO]: ✅ Forced seeding of UserRoles Database disabled. Skipping... 
2026-03-16 20:33:09 [INFO]: GET /keep-session-alive ::1 
2026-03-16 20:33:10 [INFO]: GET / ::1 
2026-03-16 20:33:10 [INFO]: GET /css/desktopStyle.css ::1 
2026-03-16 20:33:10 [INFO]: GET /images/biobrain-logo1.png ::1 
2026-03-16 20:33:10 [INFO]: GET /js/navibar.js ::1 
2026-03-16 20:33:10 [INFO]: GET /images/dna-pattern.png ::1 
2026-03-16 20:33:10 [INFO]: GET /images/molucule-structure.png ::1 
2026-03-16 20:33:12 [INFO]: GET /mocktest/init/E4/S1 ::1 
2026-03-16 20:33:12 [INFO]: GET /css/desktopStyle.css ::1 
2026-03-16 20:33:12 [INFO]: GET /images/biobrain-logo1.png ::1 
2026-03-16 20:33:12 [INFO]: GET /js/navibar.js ::1 
2026-03-16 20:33:12 [INFO]: GET /units/E4/S1 ::1 
2026-03-16 20:33:21 [INFO]: GET /mocktest/result/pdf/69b6cf2e228eedfa77b194b1 ::1 
2026-03-16 20:34:12 [INFO]: GET /topics/E4/S1/U1 ::1 
2026-03-16 20:34:15 [INFO]: POST /mocktest/createorder ::1 
2026-03-16 20:34:15 [INFO]: GET /css/desktopStyle.css ::1 
2026-03-16 20:34:32 [INFO]: POST /mocktest/submit ::1 
2026-03-16 20:34:35 [INFO]: GET / ::1 
2026-03-16 20:34:35 [INFO]: GET /css/desktopStyle.css ::1 
2026-03-16 20:34:35 [INFO]: GET /images/biobrain-logo1.png ::1 
2026-03-16 20:34:35 [INFO]: GET /js/navibar.js ::1 
2026-03-16 20:34:35 [INFO]: GET /images/dna-pattern.png ::1 
2026-03-16 20:34:35 [INFO]: GET /images/molucule-structure.png ::1 
2026-03-16 20:34:37 [INFO]: GET /mocktest/init/E4/S1 ::1 
2026-03-16 20:34:37 [INFO]: GET /css/desktopStyle.css ::1 
2026-03-16 20:34:37 [INFO]: GET /images/biobrain-logo1.png ::1 
2026-03-16 20:34:37 [INFO]: GET /js/navibar.js ::1 
2026-03-16 20:34:37 [INFO]: GET /units/E4/S1 ::1 
2026-03-16 20:34:51 [INFO]: GET /mocktest/result/pdf/69b81c00bd9295a122545e8e ::1 
2026-03-16 20:34:55 [INFO]: GET /keep-session-alive ::1 
2026-03-16 20:35:31 [INFO]: GET /keep-session-alive ::1 
2026-03-16 20:35:53 [INFO]: GET /keep-session-alive ::1 
2026-03-16 20:36:41 [INFO]: GET /keep-session-alive ::1 
2026-03-16 20:37:37 [INFO]: GET /keep-session-alive ::1 
2026-03-16 20:38:09 [INFO]: GET /keep-session-alive ::1 
2026-03-16 20:39:04 [INFO]: GET /mocktest/result/email/69b6cee9228eedfa77b19491 ::1 
2026-03-16 20:39:09 [INFO]: GET / ::1 
2026-03-16 20:39:09 [INFO]: GET /css/desktopStyle.css ::1 
2026-03-16 20:39:09 [INFO]: GET /images/biobrain-logo1.png ::1 
2026-03-16 20:39:09 [INFO]: GET /js/navibar.js ::1 
2026-03-16 20:39:09 [INFO]: GET /images/dna-pattern.png ::1 
2026-03-16 20:39:09 [INFO]: GET /images/molucule-structure.png ::1 
2026-03-16 20:39:11 [INFO]: GET /mocktest/init/E4/S1 ::1 
2026-03-16 20:39:11 [INFO]: GET /css/desktopStyle.css ::1 
2026-03-16 20:39:11 [INFO]: GET /images/biobrain-logo1.png ::1 
2026-03-16 20:39:11 [INFO]: GET /js/navibar.js ::1 
2026-03-16 20:39:11 [INFO]: GET /units/E4/S1 ::1 
2026-03-16 20:39:55 [INFO]: GET /keep-session-alive ::1 
2026-03-16 20:40:18 [INFO]: GET / ::1 
2026-03-16 20:40:18 [INFO]: GET /css/desktopStyle.css ::1 
2026-03-16 20:40:18 [INFO]: GET /images/biobrain-logo1.png ::1 
2026-03-16 20:40:18 [INFO]: GET /js/navibar.js ::1 
2026-03-16 20:40:21 [INFO]: GET /mocktest/init/E4/S1 ::1 
2026-03-16 20:40:21 [INFO]: GET /css/desktopStyle.css ::1 
2026-03-16 20:40:21 [INFO]: GET /images/biobrain-logo1.png ::1 
2026-03-16 20:40:21 [INFO]: GET /js/navibar.js ::1 
2026-03-16 20:40:21 [INFO]: GET /images/molucule-structure.png ::1 
2026-03-16 20:40:21 [INFO]: GET /units/E4/S1 ::1 
2026-03-16 20:40:31 [INFO]: GET /keep-session-alive ::1 
2026-03-16 20:40:53 [INFO]: GET /keep-session-alive ::1 
2026-03-16 20:40:54 [INFO]: GET /admin ::1 
2026-03-16 20:40:54 [INFO]: GET /css/adminStyle.css ::1 
2026-03-16 20:40:54 [INFO]: GET /js/admin.js ::1 
2026-03-16 20:40:56 [INFO]: GET /admin/userroles ::1 
2026-03-16 20:40:56 [INFO]: GET /css/adminStyle.css ::1 
2026-03-16 20:41:00 [INFO]: POST /admin/users/add-role ::1 
2026-03-16 20:41:05 [INFO]: POST /admin/users/remove-role ::1 
2026-03-16 20:41:11 [INFO]: POST /admin/users/add-role ::1 
2026-03-16 20:41:18 [INFO]: GET /admin/subjects ::1 
2026-03-16 20:41:18 [INFO]: GET /css/adminStyle.css ::1 
2026-03-16 20:41:20 [INFO]: GET /admin/exams ::1 
2026-03-16 20:41:20 [INFO]: GET /css/adminStyle.css ::1 
2026-03-16 20:41:41 [INFO]: GET /keep-session-alive ::1 
2026-03-16 20:42:37 [INFO]: GET /keep-session-alive ::1 
2026-03-16 20:43:09 [INFO]: GET /keep-session-alive ::1 
2026-03-16 20:44:14 [INFO]: 🚀 Server running on port 3000 
2026-03-16 20:44:14 [INFO]: ✅ Connected to MongoDB 
2026-03-16 20:44:14 [INFO]: ✅ Forced seeding of Exam Database disabled. Skipping... 
2026-03-16 20:44:14 [INFO]: ✅ Forced seeding of UserRoles Database disabled. Skipping... 
2026-03-16 20:44:36 [INFO]: 🚀 Server running on port 3000 
2026-03-16 20:44:36 [INFO]: ✅ Connected to MongoDB 
2026-03-16 20:44:36 [INFO]: 🔥  Forced seeding of Exam Database enabled. 
2026-03-16 20:44:36 [INFO]: ⚠ Clearing old Questions... 
2026-03-16 20:44:36 [INFO]: ⚠ Clearing old Topics... 
2026-03-16 20:44:36 [INFO]: ⚠ Clearing old Units... 
2026-03-16 20:44:36 [INFO]: ⚠ Clearing old Subjects... 
2026-03-16 20:44:36 [INFO]: ⚠ Clearing old Exams... 
2026-03-16 20:44:36 [INFO]: ⚠ Clearing old Payments... 
2026-03-16 20:44:36 [INFO]: ⚡ Seeding Exam database... 
2026-03-16 20:44:36 [INFO]: 🔥 Exam seeded: 4 successfully! 
2026-03-16 20:44:36 [INFO]: 🔥 Subject seeded: 4 successfully! 
2026-03-16 20:44:36 [INFO]: 🔥 Unit seeded: 11 successfully! 
2026-03-16 20:44:36 [INFO]: 🔥 Topics seeded: 49 successfully! 
2026-03-16 20:44:36 [INFO]: 🔥 Questions seeded: 460 successfully! 
2026-03-16 20:44:36 [INFO]: ✅ All Exam database seeded successfully! 
2026-03-16 20:44:36 [INFO]: ✅ Forced seeding of UserRoles Database disabled. Skipping... 
2026-03-16 20:44:51 [INFO]: GET / ::1 
2026-03-16 20:44:51 [INFO]: GET /css/desktopStyle.css ::1 
2026-03-16 20:44:51 [INFO]: GET /images/biobrain-logo1.png ::1 
2026-03-16 20:44:51 [INFO]: GET /js/navibar.js ::1 
2026-03-16 20:44:51 [INFO]: GET /images/dna-pattern.png ::1 
2026-03-16 20:44:51 [INFO]: GET /images/molucule-structure.png ::1 
2026-03-16 20:44:53 [INFO]: GET /mocktest/init/E4/S1 ::1 
2026-03-16 20:44:53 [INFO]: GET /css/desktopStyle.css ::1 
2026-03-16 20:44:53 [INFO]: GET /images/biobrain-logo1.png ::1 
2026-03-16 20:44:53 [INFO]: GET /js/navibar.js ::1 
2026-03-16 20:44:54 [INFO]: GET /images/molucule-structure.png ::1 
2026-03-16 20:44:54 [INFO]: GET /units/E4/S1 ::1 
2026-03-16 20:44:55 [INFO]: GET /keep-session-alive ::1 
2026-03-16 20:44:58 [INFO]: GET /mocktest/result/pdf/69b6cee9228eedfa77b19491 ::1 
2026-03-16 20:45:31 [INFO]: GET /keep-session-alive ::1 
2026-03-16 20:45:34 [INFO]: GET /topics/E4/S1/U1 ::1 
2026-03-16 20:45:38 [INFO]: POST /mocktest/createorder ::1 
2026-03-16 20:45:38 [INFO]: GET /css/desktopStyle.css ::1 
2026-03-16 20:45:46 [INFO]: GET /disclaimer ::1 
2026-03-16 20:45:46 [INFO]: GET /css/desktopStyle.css ::1 
2026-03-16 20:45:46 [INFO]: GET /images/biobrain-logo1.png ::1 
2026-03-16 20:45:46 [INFO]: GET /js/navibar.js ::1 
2026-03-16 20:45:48 [INFO]: GET / ::1 
2026-03-16 20:45:48 [INFO]: GET /css/desktopStyle.css ::1 
2026-03-16 20:45:48 [INFO]: GET /images/biobrain-logo1.png ::1 
2026-03-16 20:45:48 [INFO]: GET /js/navibar.js ::1 
2026-03-16 20:45:48 [INFO]: GET /images/dna-pattern.png ::1 
2026-03-16 20:45:48 [INFO]: GET /images/molucule-structure.png ::1 
2026-03-16 20:45:53 [INFO]: GET /mocktest/init/E4/S1 ::1 
2026-03-16 20:45:53 [INFO]: GET /css/desktopStyle.css ::1 
2026-03-16 20:45:53 [INFO]: GET /images/biobrain-logo1.png ::1 
2026-03-16 20:45:53 [INFO]: GET /js/navibar.js ::1 
2026-03-16 20:45:53 [INFO]: GET /units/E4/S1 ::1 
2026-03-16 20:45:53 [INFO]: GET /keep-session-alive ::1 
2026-03-16 20:46:11 [INFO]: GET /css/desktopStyle.css ::1 
2026-03-16 20:46:11 [INFO]: GET /.well-known/appspecific/com.chrome.devtools.json ::1 
2026-03-16 20:46:41 [INFO]: GET /keep-session-alive ::1 
2026-03-16 20:47:37 [INFO]: GET /keep-session-alive ::1 
2026-03-16 20:48:09 [INFO]: GET /keep-session-alive ::1 
2026-03-16 20:48:29 [INFO]: 🚀 Server running on port 3000 
2026-03-16 20:48:29 [INFO]: ✅ Connected to MongoDB 
2026-03-16 20:48:29 [INFO]: 🔥  Forced seeding of Exam Database enabled. 
2026-03-16 20:48:29 [INFO]: ⚠ Clearing old Questions... 
2026-03-16 20:48:29 [INFO]: ⚠ Clearing old Topics... 
2026-03-16 20:48:29 [INFO]: ⚠ Clearing old Units... 
2026-03-16 20:48:29 [INFO]: ⚠ Clearing old Subjects... 
2026-03-16 20:48:29 [INFO]: ⚠ Clearing old Exams... 
2026-03-16 20:48:29 [INFO]: ⚠ Clearing old Payments... 
2026-03-16 20:48:29 [INFO]: ⚡ Seeding Exam database... 
2026-03-16 20:48:29 [INFO]: 🔥 Exam seeded: 4 successfully! 
2026-03-16 20:48:29 [INFO]: 🔥 Subject seeded: 4 successfully! 
2026-03-16 20:48:29 [INFO]: 🔥 Unit seeded: 11 successfully! 
2026-03-16 20:48:29 [INFO]: 🔥 Topics seeded: 49 successfully! 
2026-03-16 20:48:29 [INFO]: 🔥 Questions seeded: 460 successfully! 
2026-03-16 20:48:29 [INFO]: ✅ All Exam database seeded successfully! 
2026-03-16 20:48:29 [INFO]: ✅ Forced seeding of UserRoles Database disabled. Skipping... 
2026-03-16 20:48:33 [INFO]: GET / ::1 
2026-03-16 20:48:33 [INFO]: GET /.well-known/appspecific/com.chrome.devtools.json ::1 
2026-03-16 20:48:33 [INFO]: GET /css/desktopStyle.css ::1 
2026-03-16 20:48:33 [INFO]: GET /images/biobrain-logo1.png ::1 
2026-03-16 20:48:33 [INFO]: GET /js/navibar.js ::1 
2026-03-16 20:48:33 [INFO]: GET /images/dna-pattern.png ::1 
2026-03-16 20:48:33 [INFO]: GET /images/molucule-structure.png ::1 
2026-03-16 20:48:35 [INFO]: GET /mocktest/init/E4/S1 ::1 
2026-03-16 20:48:35 [INFO]: GET /css/desktopStyle.css ::1 
2026-03-16 20:48:35 [INFO]: GET /images/biobrain-logo1.png ::1 
2026-03-16 20:48:35 [INFO]: GET /js/navibar.js ::1 
2026-03-16 20:48:35 [INFO]: GET /images/molucule-structure.png ::1 
2026-03-16 20:48:35 [INFO]: GET /units/E4/S1 ::1 
2026-03-16 20:48:39 [INFO]: GET /mocktest/result/pdf/69b6cee9228eedfa77b19491 ::1 
2026-03-16 20:49:01 [INFO]: GET /mocktest/result/pdf/69b81c00bd9295a122545e8e ::1 
2026-03-16 20:49:55 [INFO]: GET /keep-session-alive ::1 
2026-03-16 20:50:31 [INFO]: GET /keep-session-alive ::1 
2026-03-16 20:50:53 [INFO]: GET /keep-session-alive ::1 
2026-03-16 20:51:11 [INFO]: GET / ::1 
2026-03-16 20:51:11 [INFO]: GET /css/desktopStyle.css ::1 
2026-03-16 20:51:11 [INFO]: GET /images/biobrain-logo1.png ::1 
2026-03-16 20:51:11 [INFO]: GET /js/navibar.js ::1 
2026-03-16 20:51:11 [INFO]: GET /images/dna-pattern.png ::1 
2026-03-16 20:51:11 [INFO]: GET /images/molucule-structure.png ::1 
2026-03-16 20:51:13 [INFO]: GET /mocktest/init/E4/S1 ::1 
2026-03-16 20:51:13 [INFO]: GET /css/desktopStyle.css ::1 
2026-03-16 20:51:13 [INFO]: GET /images/biobrain-logo1.png ::1 
2026-03-16 20:51:13 [INFO]: GET /js/navibar.js ::1 
2026-03-16 20:51:13 [INFO]: GET /images/molucule-structure.png ::1 
2026-03-16 20:51:13 [INFO]: GET /units/E4/S1 ::1 
2026-03-16 20:51:30 [INFO]: GET /mocktest/result/pdf/69b6cf2e228eedfa77b194b1 ::1 
2026-03-16 20:51:41 [INFO]: GET /keep-session-alive ::1 
2026-03-16 20:52:37 [INFO]: GET /keep-session-alive ::1 
2026-03-16 20:53:35 [INFO]: GET /keep-session-alive ::1 
2026-03-16 20:53:52 [INFO]: GET /keep-session-alive ::1 
2026-03-16 20:54:55 [INFO]: GET /keep-session-alive ::1 
2026-03-16 20:55:52 [INFO]: GET /keep-session-alive ::1 
2026-03-16 20:55:53 [INFO]: GET /keep-session-alive ::1 
2026-03-16 20:56:13 [INFO]: GET /keep-session-alive ::1 
2026-03-16 20:56:52 [INFO]: GET /keep-session-alive ::1 
2026-03-16 20:57:37 [INFO]: GET /keep-session-alive ::1 
2026-03-16 20:58:35 [INFO]: GET /keep-session-alive ::1 
2026-03-16 20:58:52 [INFO]: GET /keep-session-alive ::1 
2026-03-16 21:10:16 [INFO]: 🚀 Server running on port 3000 
2026-03-16 21:10:16 [INFO]: ✅ Connected to MongoDB 
2026-03-16 21:10:16 [INFO]: 🔥  Forced seeding of Exam Database enabled. 
2026-03-16 21:10:16 [INFO]: ⚠ Clearing old Questions... 
2026-03-16 21:10:16 [INFO]: ⚠ Clearing old Topics... 
2026-03-16 21:10:16 [INFO]: ⚠ Clearing old Units... 
2026-03-16 21:10:16 [INFO]: ⚠ Clearing old Subjects... 
2026-03-16 21:10:16 [INFO]: ⚠ Clearing old Exams... 
2026-03-16 21:10:16 [INFO]: ⚠ Clearing old Payments... 
2026-03-16 21:10:16 [INFO]: ⚡ Seeding Exam database... 
2026-03-16 21:10:16 [INFO]: 🔥 Exam seeded: 4 successfully! 
2026-03-16 21:10:16 [INFO]: 🔥 Subject seeded: 4 successfully! 
2026-03-16 21:10:16 [INFO]: 🔥 Unit seeded: 11 successfully! 
2026-03-16 21:10:16 [INFO]: 🔥 Topics seeded: 49 successfully! 
2026-03-16 21:10:16 [INFO]: 🔥 Questions seeded: 460 successfully! 
2026-03-16 21:10:16 [INFO]: ✅ All Exam database seeded successfully! 
2026-03-16 21:10:16 [INFO]: ✅ Forced seeding of UserRoles Database disabled. Skipping... 
