2026-03-21 08:17:37 [INFO]: 🚀 Server running on port 3000 
2026-03-21 08:17:37 [INFO]: ✅ Connected to MongoDB 
2026-03-21 08:17:37 [INFO]: 🔥  Forced seeding of Exam Database enabled. 
2026-03-21 08:17:37 [INFO]: ⚠ Clearing old Questions... 
2026-03-21 08:17:37 [INFO]: ⚠ Clearing old Topics... 
2026-03-21 08:17:37 [INFO]: ⚠ Clearing old Units... 
2026-03-21 08:17:37 [INFO]: ⚠ Clearing old Subjects... 
2026-03-21 08:17:37 [INFO]: ⚠ Clearing old Exams... 
2026-03-21 08:17:37 [INFO]: ⚠ Clearing old Payments... 
2026-03-21 08:17:37 [INFO]: ⚡ Seeding Exam database... 
2026-03-21 08:17:38 [INFO]: 🔥 Exam seeded: 4 successfully! 
2026-03-21 08:17:38 [INFO]: 🔥 Subject seeded: 4 successfully! 
2026-03-21 08:17:38 [INFO]: 🔥 Unit seeded: 11 successfully! 
2026-03-21 08:17:38 [INFO]: 🔥 Topics seeded: 49 successfully! 
2026-03-21 08:17:38 [INFO]: 🔥 Questions seeded: 460 successfully! 
2026-03-21 08:17:38 [INFO]: ✅ All Exam database seeded successfully! 
2026-03-21 08:17:38 [INFO]: 🔥  Forced seeding of UserRoles Database enabled. 
2026-03-21 08:17:38 [INFO]: ⚠ Clearing old Users... 
2026-03-21 08:17:38 [INFO]: ⚠ Clearing old Roles... 
2026-03-21 08:17:38 [INFO]: ⚡ Seeding UserRoles Database ... 
2026-03-21 08:17:38 [INFO]: 🔥 Roles seeded: 5 successfully! 
2026-03-21 08:17:38 [INFO]: 🔥 Users seeded: 1 successfully! 
2026-03-21 08:17:38 [INFO]: ✅ All UserRole Database seeded successfully! 
2026-03-21 08:17:42 [INFO]: GET / ::1 
2026-03-21 08:17:42 [INFO]: GET /css/desktopStyle.css ::1 
2026-03-21 08:17:42 [INFO]: GET /images/biobrain-logo1.png ::1 
2026-03-21 08:17:42 [INFO]: GET /js/navibar.js ::1 
2026-03-21 08:17:42 [INFO]: GET /images/dna-pattern.png ::1 
2026-03-21 08:17:42 [INFO]: GET /images/molucule-structure.png ::1 
2026-03-21 08:17:42 [INFO]: GET /favicon.ico ::1 
2026-03-21 08:17:44 [INFO]: GET /login ::1 
2026-03-21 08:17:44 [INFO]: GET /css/desktopStyle.css ::1 
2026-03-21 08:17:44 [INFO]: GET /images/biobrain-logo1.png ::1 
2026-03-21 08:17:44 [INFO]: GET /js/navibar.js ::1 
2026-03-21 08:17:55 [INFO]: POST /login ::1 
2026-03-21 08:18:08 [INFO]: POST /login ::1 
2026-03-21 08:18:09 [INFO]: GET / ::1 
2026-03-21 08:18:09 [INFO]: GET /css/desktopStyle.css ::1 
2026-03-21 08:18:09 [INFO]: GET /images/biobrain-logo1.png ::1 
2026-03-21 08:18:09 [INFO]: GET /js/navibar.js ::1 
2026-03-21 08:18:11 [INFO]: GET /admin ::1 
2026-03-21 08:18:11 [INFO]: GET /css/adminStyle.css ::1 
2026-03-21 08:18:11 [INFO]: GET /js/admin.js ::1 
2026-03-21 08:18:14 [INFO]: GET / ::1 
2026-03-21 08:18:14 [INFO]: GET /css/desktopStyle.css ::1 
2026-03-21 08:18:14 [INFO]: GET /images/biobrain-logo1.png ::1 
2026-03-21 08:18:14 [INFO]: GET /js/navibar.js ::1 
2026-03-21 08:18:15 [INFO]: GET /mocktest/init/E4/S1 ::1 
2026-03-21 08:18:16 [INFO]: GET /css/desktopStyle.css ::1 
2026-03-21 08:18:16 [INFO]: GET /images/biobrain-logo1.png ::1 
2026-03-21 08:18:16 [INFO]: GET /js/navibar.js ::1 
2026-03-21 08:18:16 [INFO]: GET /units/E4/S1 ::1 
2026-03-21 08:18:19 [INFO]: GET /topics/E4/S1/U1 ::1 
2026-03-21 08:18:21 [INFO]: POST /mocktest/createorder ::1 
2026-03-21 08:18:21 [INFO]: GET /css/desktopStyle.css ::1 
2026-03-21 08:18:27 [INFO]: POST /mocktest/submit ::1 
2026-03-21 08:18:39 [INFO]: GET / ::1 
2026-03-21 08:18:39 [INFO]: GET /css/desktopStyle.css ::1 
2026-03-21 08:18:39 [INFO]: GET /images/biobrain-logo1.png ::1 
2026-03-21 08:18:39 [INFO]: GET /js/navibar.js ::1 
2026-03-21 08:18:41 [INFO]: GET /mocktest/init/E4/S1 ::1 
2026-03-21 08:18:41 [INFO]: GET /css/desktopStyle.css ::1 
2026-03-21 08:18:41 [INFO]: GET /images/biobrain-logo1.png ::1 
2026-03-21 08:18:41 [INFO]: GET /js/navibar.js ::1 
2026-03-21 08:18:41 [INFO]: GET /units/E4/S1 ::1 
2026-03-21 08:18:44 [INFO]: GET /mocktest/result/pdf/69b6cf2e228eedfa77b194b1 ::1 
2026-03-21 08:23:41 [INFO]: GET /keep-session-alive ::1 
2026-03-21 08:24:38 [INFO]: 🚀 Server running on port 3000 
2026-03-21 08:24:38 [ERROR]: Error: querySrv ECONNREFUSED _mongodb._tcp.biobrainmdbcluster.vxuyat6.mongodb.net
    at QueryReqWrap.onresolve [as oncomplete] (node:internal/dns/promises:294:17) {"error":"querySrv ECONNREFUSED _mongodb._tcp.biobrainmdbcluster.vxuyat6.mongodb.net"}
2026-03-21 08:24:53 [INFO]: 🚀 Server running on port 3000 
2026-03-21 08:24:53 [INFO]: ✅ Connected to MongoDB 
2026-03-21 08:24:53 [INFO]: 🔥  Forced seeding of Exam Database enabled. 
2026-03-21 08:24:53 [INFO]: ⚠ Clearing old Questions... 
2026-03-21 08:24:53 [INFO]: ⚠ Clearing old Topics... 
2026-03-21 08:24:53 [INFO]: ⚠ Clearing old Units... 
2026-03-21 08:24:53 [INFO]: ⚠ Clearing old Subjects... 
2026-03-21 08:24:53 [INFO]: ⚠ Clearing old Exams... 
2026-03-21 08:24:53 [INFO]: ⚠ Clearing old Payments... 
2026-03-21 08:24:53 [INFO]: ⚡ Seeding Exam database... 
2026-03-21 08:24:53 [INFO]: 🔥 Exam seeded: 4 successfully! 
2026-03-21 08:24:53 [INFO]: 🔥 Subject seeded: 4 successfully! 
2026-03-21 08:24:53 [INFO]: 🔥 Unit seeded: 11 successfully! 
2026-03-21 08:24:53 [INFO]: 🔥 Topics seeded: 49 successfully! 
2026-03-21 08:24:54 [INFO]: 🔥 Questions seeded: 460 successfully! 
2026-03-21 08:24:54 [INFO]: ✅ All Exam database seeded successfully! 
2026-03-21 08:24:54 [INFO]: 🔥  Forced seeding of UserRoles Database enabled. 
2026-03-21 08:24:54 [INFO]: ⚠ Clearing old Users... 
2026-03-21 08:24:54 [INFO]: ⚠ Clearing old Roles... 
2026-03-21 08:24:54 [INFO]: ⚡ Seeding UserRoles Database ... 
2026-03-21 08:24:54 [INFO]: 🔥 Roles seeded: 5 successfully! 
2026-03-21 08:24:54 [INFO]: 🔥 Users seeded: 1 successfully! 
2026-03-21 08:24:54 [INFO]: ✅ All UserRole Database seeded successfully! 
2026-03-21 08:38:40 [INFO]: 🚀 Server running on port 3000 
2026-03-21 08:38:40 [INFO]: ✅ Connected to MongoDB 
2026-03-21 08:38:40 [INFO]: 🔥  Forced seeding of Exam Database enabled. 
2026-03-21 08:38:40 [INFO]: ⚠ Clearing old Questions... 
2026-03-21 08:38:40 [INFO]: ⚠ Clearing old Topics... 
2026-03-21 08:38:40 [INFO]: ⚠ Clearing old Units... 
2026-03-21 08:38:40 [INFO]: ⚠ Clearing old Subjects... 
2026-03-21 08:38:40 [INFO]: ⚠ Clearing old Exams... 
2026-03-21 08:38:40 [INFO]: ⚠ Clearing old Payments... 
2026-03-21 08:38:40 [INFO]: ⚡ Seeding Exam database... 
2026-03-21 08:38:40 [INFO]: 🔥 Exam seeded: 4 successfully! 
2026-03-21 08:38:40 [INFO]: 🔥 Subject seeded: 4 successfully! 
2026-03-21 08:38:40 [INFO]: 🔥 Unit seeded: 11 successfully! 
2026-03-21 08:38:40 [INFO]: 🔥 Topics seeded: 49 successfully! 
2026-03-21 08:38:40 [INFO]: 🔥 Questions seeded: 460 successfully! 
2026-03-21 08:38:40 [INFO]: ✅ All Exam database seeded successfully! 
2026-03-21 08:38:40 [INFO]: 🔥  Forced seeding of UserRoles Database enabled. 
2026-03-21 08:38:40 [INFO]: ⚠ Clearing old Users... 
2026-03-21 08:38:40 [INFO]: ⚠ Clearing old Roles... 
2026-03-21 08:38:40 [INFO]: ⚡ Seeding UserRoles Database ... 
2026-03-21 08:38:40 [INFO]: 🔥 Roles seeded: 5 successfully! 
2026-03-21 08:38:40 [INFO]: 🔥 Users seeded: 1 successfully! 
2026-03-21 08:38:40 [INFO]: ✅ All UserRole Database seeded successfully! 
2026-03-21 08:38:41 [INFO]: GET /keep-session-alive ::1 
2026-03-21 08:38:51 [INFO]: GET / ::1 
2026-03-21 08:38:51 [INFO]: GET /css/desktopStyle.css ::1 
2026-03-21 08:38:51 [INFO]: GET /images/biobrain-logo1.png ::1 
2026-03-21 08:38:51 [INFO]: GET /js/navibar.js ::1 
2026-03-21 08:38:51 [INFO]: GET /images/molucule-structure.png ::1 
2026-03-21 08:38:51 [INFO]: GET /images/dna-pattern.png ::1 
2026-03-21 08:38:55 [INFO]: GET /mocktest/init/E4/S1 ::1 
2026-03-21 08:38:55 [INFO]: GET /css/desktopStyle.css ::1 
2026-03-21 08:38:55 [INFO]: GET /images/biobrain-logo1.png ::1 
2026-03-21 08:38:55 [INFO]: GET /js/navibar.js ::1 
2026-03-21 08:38:56 [INFO]: GET /units/E4/S1 ::1 
2026-03-21 08:38:58 [INFO]: GET /mocktest/result/pdf/69b6cf2e228eedfa77b194b1 ::1 
2026-03-21 08:43:41 [INFO]: GET /keep-session-alive ::1 
2026-03-21 08:48:41 [INFO]: GET /keep-session-alive ::1 
2026-03-21 08:49:50 [INFO]: 🚀 Server running on port 3000 
2026-03-21 08:49:51 [INFO]: ✅ Connected to MongoDB 
2026-03-21 08:49:51 [INFO]: 🔥  Forced seeding of Exam Database enabled. 
2026-03-21 08:49:51 [INFO]: ⚠ Clearing old Questions... 
2026-03-21 08:49:51 [INFO]: ⚠ Clearing old Topics... 
2026-03-21 08:49:51 [INFO]: ⚠ Clearing old Units... 
2026-03-21 08:49:51 [INFO]: ⚠ Clearing old Subjects... 
2026-03-21 08:49:51 [INFO]: ⚠ Clearing old Exams... 
2026-03-21 08:49:51 [INFO]: ⚠ Clearing old Payments... 
2026-03-21 08:49:51 [INFO]: ⚡ Seeding Exam database... 
2026-03-21 08:49:51 [INFO]: 🔥 Exam seeded: 4 successfully! 
2026-03-21 08:49:51 [INFO]: 🔥 Subject seeded: 4 successfully! 
2026-03-21 08:49:51 [INFO]: 🔥 Unit seeded: 11 successfully! 
2026-03-21 08:49:51 [INFO]: 🔥 Topics seeded: 49 successfully! 
2026-03-21 08:49:51 [INFO]: 🔥 Questions seeded: 460 successfully! 
2026-03-21 08:49:51 [INFO]: ✅ All Exam database seeded successfully! 
2026-03-21 08:49:51 [INFO]: 🔥  Forced seeding of UserRoles Database enabled. 
2026-03-21 08:49:51 [INFO]: ⚠ Clearing old Users... 
2026-03-21 08:49:51 [INFO]: ⚠ Clearing old Roles... 
2026-03-21 08:49:51 [INFO]: ⚡ Seeding UserRoles Database ... 
2026-03-21 08:49:51 [INFO]: 🔥 Roles seeded: 5 successfully! 
2026-03-21 08:49:51 [INFO]: 🔥 Users seeded: 1 successfully! 
2026-03-21 08:49:51 [INFO]: ✅ All UserRole Database seeded successfully! 
2026-03-21 08:49:55 [INFO]: GET / ::1 
2026-03-21 08:49:55 [INFO]: GET /css/desktopStyle.css ::1 
2026-03-21 08:49:55 [INFO]: GET /images/biobrain-logo1.png ::1 
2026-03-21 08:49:55 [INFO]: GET /js/navibar.js ::1 
2026-03-21 08:49:55 [INFO]: GET /images/dna-pattern.png ::1 
2026-03-21 08:49:55 [INFO]: GET /images/molucule-structure.png ::1 
2026-03-21 08:49:56 [INFO]: GET /mocktest/init/E4/S1 ::1 
2026-03-21 08:49:56 [INFO]: GET /css/desktopStyle.css ::1 
2026-03-21 08:49:56 [INFO]: GET /images/biobrain-logo1.png ::1 
2026-03-21 08:49:56 [INFO]: GET /js/navibar.js ::1 
2026-03-21 08:49:57 [INFO]: GET /units/E4/S1 ::1 
2026-03-21 08:49:58 [INFO]: GET /mocktest/result/pdf/69b6cf2e228eedfa77b194b1 ::1 
2026-03-21 09:01:34 [INFO]: 🚀 Server running on port 3000 
2026-03-21 09:01:34 [INFO]: ✅ Connected to MongoDB 
2026-03-21 09:01:34 [INFO]: 🔥  Forced seeding of Exam Database enabled. 
2026-03-21 09:01:34 [INFO]: ⚠ Clearing old Questions... 
2026-03-21 09:01:34 [INFO]: ⚠ Clearing old Topics... 
2026-03-21 09:01:34 [INFO]: ⚠ Clearing old Units... 
2026-03-21 09:01:34 [INFO]: ⚠ Clearing old Subjects... 
2026-03-21 09:01:34 [INFO]: ⚠ Clearing old Exams... 
2026-03-21 09:01:34 [INFO]: ⚠ Clearing old Payments... 
2026-03-21 09:01:34 [INFO]: ⚡ Seeding Exam database... 
2026-03-21 09:01:34 [INFO]: 🔥 Exam seeded: 4 successfully! 
2026-03-21 09:01:34 [INFO]: 🔥 Subject seeded: 4 successfully! 
2026-03-21 09:01:34 [INFO]: 🔥 Unit seeded: 11 successfully! 
2026-03-21 09:01:35 [INFO]: 🔥 Topics seeded: 49 successfully! 
2026-03-21 09:01:35 [INFO]: 🔥 Questions seeded: 460 successfully! 
2026-03-21 09:01:35 [INFO]: ✅ All Exam database seeded successfully! 
2026-03-21 09:01:35 [INFO]: 🔥  Forced seeding of UserRoles Database enabled. 
2026-03-21 09:01:35 [INFO]: ⚠ Clearing old Users... 
2026-03-21 09:01:35 [INFO]: ⚠ Clearing old Roles... 
2026-03-21 09:01:35 [INFO]: ⚡ Seeding UserRoles Database ... 
2026-03-21 09:01:35 [INFO]: 🔥 Roles seeded: 5 successfully! 
2026-03-21 09:01:35 [INFO]: 🔥 Users seeded: 1 successfully! 
2026-03-21 09:01:35 [INFO]: ✅ All UserRole Database seeded successfully! 
2026-03-21 09:01:40 [INFO]: GET / ::1 
2026-03-21 09:01:40 [INFO]: GET /css/desktopStyle.css ::1 
2026-03-21 09:01:40 [INFO]: GET /images/biobrain-logo1.png ::1 
2026-03-21 09:01:40 [INFO]: GET /js/navibar.js ::1 
2026-03-21 09:01:40 [INFO]: GET /images/dna-pattern.png ::1 
2026-03-21 09:01:40 [INFO]: GET /images/molucule-structure.png ::1 
2026-03-21 09:01:41 [INFO]: GET /mocktest/init/E4/S1 ::1 
2026-03-21 09:01:42 [INFO]: GET /css/desktopStyle.css ::1 
2026-03-21 09:01:42 [INFO]: GET /images/biobrain-logo1.png ::1 
2026-03-21 09:01:42 [INFO]: GET /js/navibar.js ::1 
2026-03-21 09:01:42 [INFO]: GET /units/E4/S1 ::1 
2026-03-21 09:01:44 [INFO]: GET /mocktest/result/pdf/69b6cf19228eedfa77b194a1 ::1 
2026-03-21 09:03:14 [INFO]: 🚀 Server running on port 3000 
2026-03-21 09:03:14 [INFO]: ✅ Connected to MongoDB 
2026-03-21 09:03:14 [INFO]: 🔥  Forced seeding of Exam Database enabled. 
2026-03-21 09:03:14 [INFO]: ⚠ Clearing old Questions... 
2026-03-21 09:03:14 [INFO]: ⚠ Clearing old Topics... 
2026-03-21 09:03:14 [INFO]: ⚠ Clearing old Units... 
2026-03-21 09:03:14 [INFO]: ⚠ Clearing old Subjects... 
2026-03-21 09:03:14 [INFO]: ⚠ Clearing old Exams... 
2026-03-21 09:03:14 [INFO]: ⚠ Clearing old Payments... 
2026-03-21 09:03:14 [INFO]: ⚡ Seeding Exam database... 
2026-03-21 09:03:14 [INFO]: 🔥 Exam seeded: 4 successfully! 
2026-03-21 09:03:14 [INFO]: 🔥 Subject seeded: 4 successfully! 
2026-03-21 09:03:14 [INFO]: 🔥 Unit seeded: 11 successfully! 
2026-03-21 09:03:14 [INFO]: 🔥 Topics seeded: 49 successfully! 
2026-03-21 09:03:14 [INFO]: 🔥 Questions seeded: 460 successfully! 
2026-03-21 09:03:14 [INFO]: ✅ All Exam database seeded successfully! 
2026-03-21 09:03:14 [INFO]: 🔥  Forced seeding of UserRoles Database enabled. 
2026-03-21 09:03:14 [INFO]: ⚠ Clearing old Users... 
2026-03-21 09:03:14 [INFO]: ⚠ Clearing old Roles... 
2026-03-21 09:03:14 [INFO]: ⚡ Seeding UserRoles Database ... 
2026-03-21 09:03:14 [INFO]: 🔥 Roles seeded: 5 successfully! 
2026-03-21 09:03:14 [INFO]: 🔥 Users seeded: 1 successfully! 
2026-03-21 09:03:14 [INFO]: ✅ All UserRole Database seeded successfully! 
2026-03-21 09:03:17 [INFO]: GET / ::1 
2026-03-21 09:03:17 [INFO]: GET /css/desktopStyle.css ::1 
2026-03-21 09:03:17 [INFO]: GET /images/biobrain-logo1.png ::1 
2026-03-21 09:03:17 [INFO]: GET /js/navibar.js ::1 
2026-03-21 09:03:18 [INFO]: GET /mocktest/init/E4/S1 ::1 
2026-03-21 09:03:18 [INFO]: GET /css/desktopStyle.css ::1 
2026-03-21 09:03:18 [INFO]: GET /images/biobrain-logo1.png ::1 
2026-03-21 09:03:18 [INFO]: GET /js/navibar.js ::1 
2026-03-21 09:03:18 [INFO]: GET /images/molucule-structure.png ::1 
2026-03-21 09:03:18 [INFO]: GET /units/E4/S1 ::1 
2026-03-21 09:03:19 [INFO]: GET /mocktest/result/pdf/69b81c00bd9295a122545e8e ::1 
2026-03-21 09:03:42 [INFO]: GET /keep-session-alive ::1 
2026-03-21 09:15:28 [INFO]: 🚀 Server running on port 3000 
2026-03-21 09:15:28 [INFO]: ✅ Connected to MongoDB 
2026-03-21 09:15:28 [INFO]: 🔥  Forced seeding of Exam Database enabled. 
2026-03-21 09:15:28 [INFO]: ⚠ Clearing old Questions... 
2026-03-21 09:15:28 [INFO]: ⚠ Clearing old Topics... 
2026-03-21 09:15:28 [INFO]: ⚠ Clearing old Units... 
2026-03-21 09:15:28 [INFO]: ⚠ Clearing old Subjects... 
2026-03-21 09:15:28 [INFO]: ⚠ Clearing old Exams... 
2026-03-21 09:15:28 [INFO]: ⚠ Clearing old Payments... 
2026-03-21 09:15:28 [INFO]: ⚡ Seeding Exam database... 
2026-03-21 09:15:28 [INFO]: 🔥 Exam seeded: 4 successfully! 
2026-03-21 09:15:28 [INFO]: 🔥 Subject seeded: 4 successfully! 
2026-03-21 09:15:28 [INFO]: 🔥 Unit seeded: 11 successfully! 
2026-03-21 09:15:28 [INFO]: 🔥 Topics seeded: 49 successfully! 
2026-03-21 09:15:28 [INFO]: 🔥 Questions seeded: 460 successfully! 
2026-03-21 09:15:28 [INFO]: ✅ All Exam database seeded successfully! 
2026-03-21 09:15:28 [INFO]: 🔥  Forced seeding of UserRoles Database enabled. 
2026-03-21 09:15:28 [INFO]: ⚠ Clearing old Users... 
2026-03-21 09:15:28 [INFO]: ⚠ Clearing old Roles... 
2026-03-21 09:15:28 [INFO]: ⚡ Seeding UserRoles Database ... 
2026-03-21 09:15:28 [INFO]: 🔥 Roles seeded: 5 successfully! 
2026-03-21 09:15:28 [INFO]: 🔥 Users seeded: 1 successfully! 
2026-03-21 09:15:28 [INFO]: ✅ All UserRole Database seeded successfully! 
2026-03-21 09:15:30 [INFO]: GET / ::1 
2026-03-21 09:15:30 [INFO]: GET /css/desktopStyle.css ::1 
2026-03-21 09:15:30 [INFO]: GET /images/biobrain-logo1.png ::1 
2026-03-21 09:15:30 [INFO]: GET /js/navibar.js ::1 
2026-03-21 09:15:30 [INFO]: GET /images/dna-pattern.png ::1 
2026-03-21 09:15:30 [INFO]: GET /images/molucule-structure.png ::1 
2026-03-21 09:15:31 [INFO]: GET /mocktest/init/E4/S1 ::1 
2026-03-21 09:15:32 [INFO]: GET /css/desktopStyle.css ::1 
2026-03-21 09:15:32 [INFO]: GET /images/biobrain-logo1.png ::1 
2026-03-21 09:15:32 [INFO]: GET /js/navibar.js ::1 
2026-03-21 09:15:32 [INFO]: GET /units/E4/S1 ::1 
2026-03-21 09:15:33 [INFO]: GET /mocktest/result/pdf/69b6cf2e228eedfa77b194b1 ::1 
2026-03-21 09:17:36 [INFO]: GET / ::1 
2026-03-21 09:17:36 [INFO]: GET /css/desktopStyle.css ::1 
2026-03-21 09:17:36 [INFO]: GET /images/biobrain-logo1.png ::1 
2026-03-21 09:17:36 [INFO]: GET /js/navibar.js ::1 
2026-03-21 09:17:36 [INFO]: GET /images/dna-pattern.png ::1 
2026-03-21 09:17:36 [INFO]: GET /images/molucule-structure.png ::1 
2026-03-21 09:17:38 [INFO]: GET /mocktest/init/E4/S1 ::1 
2026-03-21 09:17:38 [INFO]: GET /css/desktopStyle.css ::1 
2026-03-21 09:17:38 [INFO]: GET /images/biobrain-logo1.png ::1 
2026-03-21 09:17:38 [INFO]: GET /js/navibar.js ::1 
2026-03-21 09:17:38 [INFO]: GET /units/E4/S1 ::1 
2026-03-21 09:17:41 [INFO]: GET /topics/E4/S1/U1 ::1 
2026-03-21 09:17:42 [INFO]: POST /mocktest/createorder ::1 
2026-03-21 09:17:42 [INFO]: GET /css/desktopStyle.css ::1 
2026-03-21 09:17:47 [INFO]: POST /mocktest/submit ::1 
2026-03-21 09:18:04 [INFO]: GET / ::1 
2026-03-21 09:18:04 [INFO]: GET /css/desktopStyle.css ::1 
2026-03-21 09:18:04 [INFO]: GET /images/biobrain-logo1.png ::1 
2026-03-21 09:18:04 [INFO]: GET /js/navibar.js ::1 
2026-03-21 09:18:42 [INFO]: GET /keep-session-alive ::1 
2026-03-21 09:18:57 [INFO]: GET /mocktest/init/E4/S1 ::1 
2026-03-21 09:18:57 [INFO]: GET /login ::1 
2026-03-21 09:18:57 [INFO]: GET /css/desktopStyle.css ::1 
2026-03-21 09:18:57 [INFO]: GET /images/biobrain-logo1.png ::1 
2026-03-21 09:18:57 [INFO]: GET /js/navibar.js ::1 
2026-03-21 10:39:54 [INFO]: 🚀 Server running on port 3000 
2026-03-21 10:39:54 [ERROR]: Error: querySrv ECONNREFUSED _mongodb._tcp.biobrainmdbcluster.vxuyat6.mongodb.net
    at QueryReqWrap.onresolve [as oncomplete] (node:internal/dns/promises:294:17) {"error":"querySrv ECONNREFUSED _mongodb._tcp.biobrainmdbcluster.vxuyat6.mongodb.net"}
2026-03-21 10:40:05 [INFO]: 🚀 Server running on port 3000 
2026-03-21 10:40:06 [INFO]: ✅ Connected to MongoDB 
2026-03-21 10:40:06 [INFO]: 🔥  Forced seeding of Exam Database enabled. 
2026-03-21 10:40:06 [INFO]: ⚠ Clearing old Questions... 
2026-03-21 10:40:06 [INFO]: ⚠ Clearing old Topics... 
2026-03-21 10:40:06 [INFO]: ⚠ Clearing old Units... 
2026-03-21 10:40:06 [INFO]: ⚠ Clearing old Subjects... 
2026-03-21 10:40:06 [INFO]: ⚠ Clearing old Exams... 
2026-03-21 10:40:06 [INFO]: ⚠ Clearing old Payments... 
2026-03-21 10:40:06 [INFO]: ⚡ Seeding Exam database... 
2026-03-21 10:40:06 [INFO]: 🔥 Exam seeded: 4 successfully! 
2026-03-21 10:40:06 [INFO]: 🔥 Subject seeded: 4 successfully! 
2026-03-21 10:40:06 [INFO]: 🔥 Unit seeded: 11 successfully! 
2026-03-21 10:40:06 [INFO]: 🔥 Topics seeded: 49 successfully! 
2026-03-21 10:40:06 [INFO]: 🔥 Questions seeded: 460 successfully! 
2026-03-21 10:40:06 [INFO]: ✅ All Exam database seeded successfully! 
2026-03-21 10:40:06 [INFO]: 🔥  Forced seeding of UserRoles Database enabled. 
2026-03-21 10:40:06 [INFO]: ⚠ Clearing old Users... 
2026-03-21 10:40:06 [INFO]: ⚠ Clearing old Roles... 
2026-03-21 10:40:06 [INFO]: ⚡ Seeding UserRoles Database ... 
2026-03-21 10:40:06 [INFO]: 🔥 Roles seeded: 5 successfully! 
2026-03-21 10:40:06 [INFO]: 🔥 Users seeded: 1 successfully! 
2026-03-21 10:40:06 [INFO]: ✅ All UserRole Database seeded successfully! 
2026-03-21 10:40:08 [INFO]: GET / ::1 
2026-03-21 10:40:08 [INFO]: GET /css/desktopStyle.css ::1 
2026-03-21 10:40:08 [INFO]: GET /images/biobrain-logo1.png ::1 
2026-03-21 10:40:08 [INFO]: GET /js/navibar.js ::1 
2026-03-21 10:40:08 [INFO]: GET /images/dna-pattern.png ::1 
2026-03-21 10:40:08 [INFO]: GET /images/molucule-structure.png ::1 
2026-03-21 10:40:09 [INFO]: GET /mocktest/init/E4/S1 ::1 
2026-03-21 10:40:09 [INFO]: GET /login ::1 
2026-03-21 10:40:10 [INFO]: GET /css/desktopStyle.css ::1 
2026-03-21 10:40:10 [INFO]: GET /images/biobrain-logo1.png ::1 
2026-03-21 10:40:10 [INFO]: GET /js/navibar.js ::1 
2026-03-21 10:40:21 [INFO]: POST /login ::1 
2026-03-21 10:40:21 [INFO]: GET /mocktest/init/E4/S1 ::1 
2026-03-21 10:40:21 [INFO]: GET /css/desktopStyle.css ::1 
2026-03-21 10:40:21 [INFO]: GET /images/biobrain-logo1.png ::1 
2026-03-21 10:40:21 [INFO]: GET /js/navibar.js ::1 
2026-03-21 10:40:21 [INFO]: GET /units/E4/S1 ::1 
2026-03-21 10:40:26 [INFO]: GET /mocktest/result/pdf/69b6cee9228eedfa77b19491 ::1 
2026-03-21 10:43:42 [INFO]: GET /keep-session-alive ::1 
2026-03-21 10:44:42 [INFO]: GET /keep-session-alive ::1 
2026-03-21 10:45:11 [INFO]: 🚀 Server running on port 3000 
2026-03-21 10:45:11 [INFO]: ✅ Connected to MongoDB 
2026-03-21 10:45:11 [INFO]: 🔥  Forced seeding of Exam Database enabled. 
2026-03-21 10:45:11 [INFO]: ⚠ Clearing old Questions... 
2026-03-21 10:45:11 [INFO]: ⚠ Clearing old Topics... 
2026-03-21 10:45:11 [INFO]: ⚠ Clearing old Units... 
2026-03-21 10:45:11 [INFO]: ⚠ Clearing old Subjects... 
2026-03-21 10:45:11 [INFO]: ⚠ Clearing old Exams... 
2026-03-21 10:45:11 [INFO]: ⚠ Clearing old Payments... 
2026-03-21 10:45:11 [INFO]: ⚡ Seeding Exam database... 
2026-03-21 10:45:11 [INFO]: 🔥 Exam seeded: 4 successfully! 
2026-03-21 10:45:11 [INFO]: 🔥 Subject seeded: 4 successfully! 
2026-03-21 10:45:11 [INFO]: 🔥 Unit seeded: 11 successfully! 
2026-03-21 10:45:11 [INFO]: 🔥 Topics seeded: 49 successfully! 
2026-03-21 10:45:11 [INFO]: 🔥 Questions seeded: 460 successfully! 
2026-03-21 10:45:11 [INFO]: ✅ All Exam database seeded successfully! 
2026-03-21 10:45:11 [INFO]: 🔥  Forced seeding of UserRoles Database enabled. 
2026-03-21 10:45:11 [INFO]: ⚠ Clearing old Users... 
2026-03-21 10:45:11 [INFO]: ⚠ Clearing old Roles... 
2026-03-21 10:45:11 [INFO]: ⚡ Seeding UserRoles Database ... 
2026-03-21 10:45:11 [INFO]: 🔥 Roles seeded: 5 successfully! 
2026-03-21 10:45:11 [INFO]: 🔥 Users seeded: 1 successfully! 
2026-03-21 10:45:11 [INFO]: ✅ All UserRole Database seeded successfully! 
2026-03-21 10:45:16 [INFO]: GET / ::1 
2026-03-21 10:45:16 [INFO]: GET /css/desktopStyle.css ::1 
2026-03-21 10:45:16 [INFO]: GET /images/biobrain-logo1.png ::1 
2026-03-21 10:45:16 [INFO]: GET /js/navibar.js ::1 
2026-03-21 10:45:17 [INFO]: GET /mocktest/init/E4/S1 ::1 
2026-03-21 10:45:17 [INFO]: GET /css/desktopStyle.css ::1 
2026-03-21 10:45:17 [INFO]: GET /images/biobrain-logo1.png ::1 
2026-03-21 10:45:17 [INFO]: GET /js/navibar.js ::1 
2026-03-21 10:45:18 [INFO]: GET /units/E4/S1 ::1 
2026-03-21 10:45:21 [INFO]: GET /topics/E4/S1/U1 ::1 
2026-03-21 10:45:23 [INFO]: GET /mocktest/result/pdf/69b6cf2e228eedfa77b194b1 ::1 
2026-03-21 10:52:51 [INFO]: 🚀 Server running on port 3000 
2026-03-21 10:52:51 [INFO]: ✅ Connected to MongoDB 
2026-03-21 10:52:51 [INFO]: 🔥  Forced seeding of Exam Database enabled. 
2026-03-21 10:52:51 [INFO]: ⚠ Clearing old Questions... 
2026-03-21 10:52:51 [INFO]: ⚠ Clearing old Topics... 
2026-03-21 10:52:51 [INFO]: ⚠ Clearing old Units... 
2026-03-21 10:52:51 [INFO]: ⚠ Clearing old Subjects... 
2026-03-21 10:52:51 [INFO]: ⚠ Clearing old Exams... 
2026-03-21 10:52:51 [INFO]: ⚠ Clearing old Payments... 
2026-03-21 10:52:51 [INFO]: ⚡ Seeding Exam database... 
2026-03-21 10:52:51 [INFO]: 🔥 Exam seeded: 4 successfully! 
2026-03-21 10:52:51 [INFO]: 🔥 Subject seeded: 4 successfully! 
2026-03-21 10:52:51 [INFO]: 🔥 Unit seeded: 11 successfully! 
2026-03-21 10:52:51 [INFO]: 🔥 Topics seeded: 49 successfully! 
2026-03-21 10:52:52 [INFO]: 🔥 Questions seeded: 460 successfully! 
2026-03-21 10:52:52 [INFO]: ✅ All Exam database seeded successfully! 
2026-03-21 10:52:52 [INFO]: 🔥  Forced seeding of UserRoles Database enabled. 
2026-03-21 10:52:52 [INFO]: ⚠ Clearing old Users... 
2026-03-21 10:52:52 [INFO]: ⚠ Clearing old Roles... 
2026-03-21 10:52:52 [INFO]: ⚡ Seeding UserRoles Database ... 
2026-03-21 10:52:52 [INFO]: 🔥 Roles seeded: 5 successfully! 
2026-03-21 10:52:52 [INFO]: 🔥 Users seeded: 1 successfully! 
2026-03-21 10:52:52 [INFO]: ✅ All UserRole Database seeded successfully! 
2026-03-21 10:52:55 [INFO]: GET / ::1 
2026-03-21 10:52:56 [INFO]: GET /css/desktopStyle.css ::1 
2026-03-21 10:52:56 [INFO]: GET /images/biobrain-logo1.png ::1 
2026-03-21 10:52:56 [INFO]: GET /js/navibar.js ::1 
2026-03-21 10:52:56 [INFO]: GET /images/dna-pattern.png ::1 
2026-03-21 10:52:56 [INFO]: GET /images/molucule-structure.png ::1 
2026-03-21 10:52:57 [INFO]: GET /mocktest/init/E4/S1 ::1 
2026-03-21 10:52:57 [INFO]: GET /css/desktopStyle.css ::1 
2026-03-21 10:52:57 [INFO]: GET /images/biobrain-logo1.png ::1 
2026-03-21 10:52:57 [INFO]: GET /js/navibar.js ::1 
2026-03-21 10:52:58 [INFO]: GET /units/E4/S1 ::1 
2026-03-21 10:52:59 [INFO]: GET /mocktest/result/pdf/69b81c00bd9295a122545e8e ::1 
2026-03-21 10:53:42 [INFO]: GET /keep-session-alive ::1 
2026-03-21 10:55:10 [INFO]: 🚀 Server running on port 3000 
2026-03-21 10:55:10 [INFO]: ✅ Connected to MongoDB 
2026-03-21 10:55:10 [INFO]: 🔥  Forced seeding of Exam Database enabled. 
2026-03-21 10:55:10 [INFO]: ⚠ Clearing old Questions... 
2026-03-21 10:55:10 [INFO]: ⚠ Clearing old Topics... 
2026-03-21 10:55:10 [INFO]: ⚠ Clearing old Units... 
2026-03-21 10:55:10 [INFO]: ⚠ Clearing old Subjects... 
2026-03-21 10:55:10 [INFO]: ⚠ Clearing old Exams... 
2026-03-21 10:55:10 [INFO]: ⚠ Clearing old Payments... 
2026-03-21 10:55:10 [INFO]: ⚡ Seeding Exam database... 
2026-03-21 10:55:10 [INFO]: 🔥 Exam seeded: 4 successfully! 
2026-03-21 10:55:10 [INFO]: 🔥 Subject seeded: 4 successfully! 
2026-03-21 10:55:10 [INFO]: 🔥 Unit seeded: 11 successfully! 
2026-03-21 10:55:10 [INFO]: 🔥 Topics seeded: 49 successfully! 
2026-03-21 10:55:10 [INFO]: 🔥 Questions seeded: 460 successfully! 
2026-03-21 10:55:10 [INFO]: ✅ All Exam database seeded successfully! 
2026-03-21 10:55:10 [INFO]: 🔥  Forced seeding of UserRoles Database enabled. 
2026-03-21 10:55:10 [INFO]: ⚠ Clearing old Users... 
2026-03-21 10:55:10 [INFO]: ⚠ Clearing old Roles... 
2026-03-21 10:55:10 [INFO]: ⚡ Seeding UserRoles Database ... 
2026-03-21 10:55:10 [INFO]: 🔥 Roles seeded: 5 successfully! 
2026-03-21 10:55:10 [INFO]: 🔥 Users seeded: 1 successfully! 
2026-03-21 10:55:10 [INFO]: ✅ All UserRole Database seeded successfully! 
2026-03-21 10:55:12 [INFO]: GET / ::1 
2026-03-21 10:55:12 [INFO]: GET /css/desktopStyle.css ::1 
2026-03-21 10:55:12 [INFO]: GET /images/biobrain-logo1.png ::1 
2026-03-21 10:55:12 [INFO]: GET /js/navibar.js ::1 
2026-03-21 10:55:14 [INFO]: GET /mocktest/init/E4/S1 ::1 
2026-03-21 10:55:14 [INFO]: GET /css/desktopStyle.css ::1 
2026-03-21 10:55:14 [INFO]: GET /images/biobrain-logo1.png ::1 
2026-03-21 10:55:14 [INFO]: GET /js/navibar.js ::1 
2026-03-21 10:55:14 [INFO]: GET /units/E4/S1 ::1 
2026-03-21 10:55:16 [INFO]: GET /mocktest/result/pdf/69b6cee9228eedfa77b19491 ::1 
2026-03-21 10:55:32 [INFO]: 🚀 Server running on port 3000 
2026-03-21 10:55:32 [INFO]: ✅ Connected to MongoDB 
2026-03-21 10:55:32 [INFO]: 🔥  Forced seeding of Exam Database enabled. 
2026-03-21 10:55:32 [INFO]: ⚠ Clearing old Questions... 
2026-03-21 10:55:32 [INFO]: ⚠ Clearing old Topics... 
2026-03-21 10:55:32 [INFO]: ⚠ Clearing old Units... 
2026-03-21 10:55:32 [INFO]: ⚠ Clearing old Subjects... 
2026-03-21 10:55:32 [INFO]: ⚠ Clearing old Exams... 
2026-03-21 10:55:32 [INFO]: ⚠ Clearing old Payments... 
2026-03-21 10:55:32 [INFO]: ⚡ Seeding Exam database... 
2026-03-21 10:55:32 [INFO]: 🔥 Exam seeded: 4 successfully! 
2026-03-21 10:55:32 [INFO]: 🔥 Subject seeded: 4 successfully! 
2026-03-21 10:55:32 [INFO]: 🔥 Unit seeded: 11 successfully! 
2026-03-21 10:55:32 [INFO]: 🔥 Topics seeded: 49 successfully! 
2026-03-21 10:55:32 [INFO]: 🔥 Questions seeded: 460 successfully! 
2026-03-21 10:55:32 [INFO]: ✅ All Exam database seeded successfully! 
2026-03-21 10:55:32 [INFO]: 🔥  Forced seeding of UserRoles Database enabled. 
2026-03-21 10:55:32 [INFO]: ⚠ Clearing old Users... 
2026-03-21 10:55:32 [INFO]: ⚠ Clearing old Roles... 
2026-03-21 10:55:32 [INFO]: ⚡ Seeding UserRoles Database ... 
2026-03-21 10:55:32 [INFO]: 🔥 Roles seeded: 5 successfully! 
2026-03-21 10:55:32 [INFO]: 🔥 Users seeded: 1 successfully! 
2026-03-21 10:55:32 [INFO]: ✅ All UserRole Database seeded successfully! 
2026-03-21 10:55:35 [INFO]: GET / ::1 
2026-03-21 10:55:35 [INFO]: GET /css/desktopStyle.css ::1 
2026-03-21 10:55:35 [INFO]: GET /images/biobrain-logo1.png ::1 
2026-03-21 10:55:35 [INFO]: GET /js/navibar.js ::1 
2026-03-21 10:55:35 [INFO]: GET / ::1 
2026-03-21 10:55:35 [INFO]: GET /css/desktopStyle.css ::1 
2026-03-21 10:55:35 [INFO]: GET /images/biobrain-logo1.png ::1 
2026-03-21 10:55:35 [INFO]: GET /js/navibar.js ::1 
2026-03-21 10:55:37 [INFO]: GET /mocktest/init/E4/S1 ::1 
2026-03-21 10:55:37 [INFO]: GET /css/desktopStyle.css ::1 
2026-03-21 10:55:37 [INFO]: GET /images/biobrain-logo1.png ::1 
2026-03-21 10:55:37 [INFO]: GET /js/navibar.js ::1 
2026-03-21 10:55:37 [INFO]: GET /units/E4/S1 ::1 
2026-03-21 10:55:39 [INFO]: GET /mocktest/result/pdf/69b6cf2e228eedfa77b194b1 ::1 
2026-03-21 10:58:42 [INFO]: GET /keep-session-alive ::1 
2026-03-21 10:59:32 [INFO]: 🚀 Server running on port 3000 
2026-03-21 10:59:32 [INFO]: ✅ Connected to MongoDB 
2026-03-21 10:59:32 [INFO]: 🔥  Forced seeding of Exam Database enabled. 
2026-03-21 10:59:32 [INFO]: ⚠ Clearing old Questions... 
2026-03-21 10:59:32 [INFO]: ⚠ Clearing old Topics... 
2026-03-21 10:59:32 [INFO]: ⚠ Clearing old Units... 
2026-03-21 10:59:32 [INFO]: ⚠ Clearing old Subjects... 
2026-03-21 10:59:32 [INFO]: ⚠ Clearing old Exams... 
2026-03-21 10:59:32 [INFO]: ⚠ Clearing old Payments... 
2026-03-21 10:59:32 [INFO]: ⚡ Seeding Exam database... 
2026-03-21 10:59:32 [INFO]: 🔥 Exam seeded: 4 successfully! 
2026-03-21 10:59:32 [INFO]: 🔥 Subject seeded: 4 successfully! 
2026-03-21 10:59:32 [INFO]: 🔥 Unit seeded: 11 successfully! 
2026-03-21 10:59:32 [INFO]: 🔥 Topics seeded: 49 successfully! 
2026-03-21 10:59:32 [INFO]: 🔥 Questions seeded: 460 successfully! 
2026-03-21 10:59:32 [INFO]: ✅ All Exam database seeded successfully! 
2026-03-21 10:59:32 [INFO]: 🔥  Forced seeding of UserRoles Database enabled. 
2026-03-21 10:59:32 [INFO]: ⚠ Clearing old Users... 
2026-03-21 10:59:32 [INFO]: ⚠ Clearing old Roles... 
2026-03-21 10:59:32 [INFO]: ⚡ Seeding UserRoles Database ... 
2026-03-21 10:59:32 [INFO]: 🔥 Roles seeded: 5 successfully! 
2026-03-21 10:59:32 [INFO]: 🔥 Users seeded: 1 successfully! 
2026-03-21 10:59:32 [INFO]: ✅ All UserRole Database seeded successfully! 
2026-03-21 10:59:35 [INFO]: GET / ::1 
2026-03-21 10:59:36 [INFO]: GET /css/desktopStyle.css ::1 
2026-03-21 10:59:36 [INFO]: GET /images/biobrain-logo1.png ::1 
2026-03-21 10:59:36 [INFO]: GET /js/navibar.js ::1 
2026-03-21 10:59:36 [INFO]: GET /images/dna-pattern.png ::1 
2026-03-21 10:59:36 [INFO]: GET /images/molucule-structure.png ::1 
2026-03-21 10:59:37 [INFO]: GET /mocktest/init/E4/S1 ::1 
2026-03-21 10:59:37 [INFO]: GET /css/desktopStyle.css ::1 
2026-03-21 10:59:37 [INFO]: GET /images/biobrain-logo1.png ::1 
2026-03-21 10:59:37 [INFO]: GET /js/navibar.js ::1 
2026-03-21 10:59:37 [INFO]: GET /units/E4/S1 ::1 
2026-03-21 10:59:38 [INFO]: GET /mocktest/result/pdf/69b81c00bd9295a122545e8e ::1 
