2026-03-22 08:50:37 [INFO]: 🚀 Server running on port 3000 
2026-03-22 08:50:37 [ERROR]: Error: querySrv ECONNREFUSED _mongodb._tcp.biobrainmdbcluster.vxuyat6.mongodb.net
    at QueryReqWrap.onresolve [as oncomplete] (node:internal/dns/promises:294:17) {"error":"querySrv ECONNREFUSED _mongodb._tcp.biobrainmdbcluster.vxuyat6.mongodb.net"}
2026-03-22 08:52:21 [INFO]: 🚀 Server running on port 3000 
2026-03-22 08:52:21 [ERROR]: Error: querySrv ECONNREFUSED _mongodb._tcp.biobrainmdbcluster.vxuyat6.mongodb.net
    at QueryReqWrap.onresolve [as oncomplete] (node:internal/dns/promises:294:17) {"error":"querySrv ECONNREFUSED _mongodb._tcp.biobrainmdbcluster.vxuyat6.mongodb.net"}
2026-03-22 08:55:18 [INFO]: 🚀 Server running on port 3000 
2026-03-22 08:55:18 [ERROR]: Error: querySrv ECONNREFUSED _mongodb._tcp.biobrainmdbcluster.vxuyat6.mongodb.net
    at QueryReqWrap.onresolve [as oncomplete] (node:internal/dns/promises:294:17) {"error":"querySrv ECONNREFUSED _mongodb._tcp.biobrainmdbcluster.vxuyat6.mongodb.net"}
2026-03-22 09:00:44 [INFO]: 🚀 Server running on port 3000 
2026-03-22 09:09:02 [INFO]: 🚀 Server running on port 3000 
2026-03-22 09:09:03 [INFO]: ✅ Connected to MongoDB 
2026-03-22 09:09:03 [INFO]: 🔥  Forced seeding of Exam Database enabled. 
2026-03-22 09:09:03 [INFO]: ⚠ Clearing old Questions... 
2026-03-22 09:09:03 [INFO]: ⚠ Clearing old Topics... 
2026-03-22 09:09:04 [INFO]: ⚠ Clearing old Units... 
2026-03-22 09:09:05 [INFO]: ⚠ Clearing old Subjects... 
2026-03-22 09:09:05 [INFO]: ⚠ Clearing old Exams... 
2026-03-22 09:09:05 [INFO]: ⚠ Clearing old Payments... 
2026-03-22 09:09:05 [INFO]: ⚡ Seeding Exam database... 
2026-03-22 09:09:05 [INFO]: 🔥 Exam seeded: 4 successfully! 
2026-03-22 09:09:05 [INFO]: 🔥 Subject seeded: 4 successfully! 
2026-03-22 09:09:05 [INFO]: 🔥 Unit seeded: 11 successfully! 
2026-03-22 09:09:05 [INFO]: 🔥 Topics seeded: 49 successfully! 
2026-03-22 09:09:06 [INFO]: 🔥 Questions seeded: 460 successfully! 
2026-03-22 09:09:06 [INFO]: ✅ All Exam database seeded successfully! 
2026-03-22 09:09:06 [INFO]: 🔥  Forced seeding of UserRoles Database enabled. 
2026-03-22 09:09:06 [INFO]: ⚠ Clearing old Users... 
2026-03-22 09:09:06 [INFO]: ⚠ Clearing old Roles... 
2026-03-22 09:09:06 [INFO]: ⚡ Seeding UserRoles Database ... 
2026-03-22 09:09:06 [INFO]: 🔥 Roles seeded: 5 successfully! 
2026-03-22 09:09:06 [INFO]: 🔥 Users seeded: 1 successfully! 
2026-03-22 09:09:06 [INFO]: ✅ All UserRole Database seeded successfully! 
2026-03-22 09:09:57 [INFO]: 🚀 Server running on port 3000 
2026-03-22 09:09:58 [INFO]: ✅ Connected to MongoDB 
2026-03-22 09:09:58 [INFO]: 🔥  Forced seeding of Exam Database enabled. 
2026-03-22 09:09:58 [INFO]: ⚠ Clearing old Questions... 
2026-03-22 09:09:59 [INFO]: ⚠ Clearing old Topics... 
2026-03-22 09:10:00 [INFO]: ⚠ Clearing old Units... 
2026-03-22 09:10:00 [INFO]: ⚠ Clearing old Subjects... 
2026-03-22 09:10:00 [INFO]: ⚠ Clearing old Exams... 
2026-03-22 09:10:00 [INFO]: ⚠ Clearing old Payments... 
2026-03-22 09:10:00 [INFO]: ⚡ Seeding Exam database... 
2026-03-22 09:10:00 [INFO]: 🔥 Exam seeded: 4 successfully! 
2026-03-22 09:10:00 [INFO]: 🔥 Subject seeded: 4 successfully! 
2026-03-22 09:10:01 [INFO]: 🔥 Unit seeded: 11 successfully! 
2026-03-22 09:10:01 [INFO]: 🔥 Topics seeded: 49 successfully! 
2026-03-22 09:10:01 [INFO]: 🔥 Questions seeded: 460 successfully! 
2026-03-22 09:10:01 [INFO]: ✅ All Exam database seeded successfully! 
2026-03-22 09:10:01 [INFO]: 🔥  Forced seeding of UserRoles Database enabled. 
2026-03-22 09:10:01 [INFO]: ⚠ Clearing old Users... 
2026-03-22 09:10:01 [INFO]: ⚠ Clearing old Roles... 
2026-03-22 09:10:01 [INFO]: ⚡ Seeding UserRoles Database ... 
2026-03-22 09:10:01 [INFO]: 🔥 Roles seeded: 5 successfully! 
2026-03-22 09:10:01 [INFO]: 🔥 Users seeded: 1 successfully! 
2026-03-22 09:10:01 [INFO]: ✅ All UserRole Database seeded successfully! 
2026-03-22 09:11:00 [INFO]: GET / ::1 
2026-03-22 09:11:00 [INFO]: GET /css/desktopStyle.css ::1 
2026-03-22 09:11:00 [INFO]: GET /images/biobrain-logo1.png ::1 
2026-03-22 09:11:00 [INFO]: GET /js/navibar.js ::1 
2026-03-22 09:11:00 [INFO]: GET /images/dna-pattern.png ::1 
2026-03-22 09:11:00 [INFO]: GET /images/molucule-structure.png ::1 
2026-03-22 09:11:01 [INFO]: GET /favicon.ico ::1 
2026-03-22 09:11:03 [INFO]: GET /login ::1 
2026-03-22 09:11:03 [INFO]: GET /css/desktopStyle.css ::1 
2026-03-22 09:11:03 [INFO]: GET /images/biobrain-logo1.png ::1 
2026-03-22 09:11:03 [INFO]: GET /js/navibar.js ::1 
2026-03-22 09:11:11 [INFO]: POST /login ::1 
2026-03-22 09:11:22 [INFO]: POST /login ::1 
2026-03-22 09:11:22 [INFO]: GET / ::1 
2026-03-22 09:11:23 [INFO]: GET /css/desktopStyle.css ::1 
2026-03-22 09:11:23 [INFO]: GET /images/biobrain-logo1.png ::1 
2026-03-22 09:11:23 [INFO]: GET /js/navibar.js ::1 
2026-03-22 09:11:27 [INFO]: GET /logout ::1 
2026-03-22 09:11:27 [INFO]: GET / ::1 
2026-03-22 09:11:27 [INFO]: GET /css/desktopStyle.css ::1 
2026-03-22 09:11:27 [INFO]: GET /images/biobrain-logo1.png ::1 
2026-03-22 09:11:27 [INFO]: GET /js/navibar.js ::1 
2026-03-22 09:11:53 [INFO]: GET /login ::1 
2026-03-22 09:11:53 [INFO]: GET /css/desktopStyle.css ::1 
2026-03-22 09:11:53 [INFO]: GET /images/biobrain-logo1.png ::1 
2026-03-22 09:11:53 [INFO]: GET /js/navibar.js ::1 
2026-03-22 09:12:09 [INFO]: POST /login ::1 
2026-03-22 09:12:13 [INFO]: POST /login ::1 
2026-03-22 09:12:13 [INFO]: GET / ::1 
2026-03-22 09:12:13 [INFO]: GET /css/desktopStyle.css ::1 
2026-03-22 09:12:13 [INFO]: GET /images/biobrain-logo1.png ::1 
2026-03-22 09:12:13 [INFO]: GET /js/navibar.js ::1 
2026-03-22 09:12:18 [INFO]: GET /logout ::1 
2026-03-22 09:12:18 [INFO]: GET / ::1 
2026-03-22 09:12:18 [INFO]: GET /css/desktopStyle.css ::1 
2026-03-22 09:12:18 [INFO]: GET /images/biobrain-logo1.png ::1 
2026-03-22 09:12:18 [INFO]: GET /js/navibar.js ::1 
2026-03-22 09:12:44 [INFO]: GET /login ::1 
2026-03-22 09:12:44 [INFO]: GET /css/desktopStyle.css ::1 
2026-03-22 09:12:44 [INFO]: GET /images/biobrain-logo1.png ::1 
2026-03-22 09:12:44 [INFO]: GET /js/navibar.js ::1 
2026-03-22 09:12:54 [INFO]: POST /login ::1 
2026-03-22 09:12:54 [INFO]: GET / ::1 
2026-03-22 09:12:55 [INFO]: GET /css/desktopStyle.css ::1 
2026-03-22 09:12:55 [INFO]: GET /images/biobrain-logo1.png ::1 
2026-03-22 09:12:55 [INFO]: GET /js/navibar.js ::1 
2026-03-22 09:13:09 [INFO]: GET /logout ::1 
2026-03-22 09:13:09 [INFO]: GET / ::1 
2026-03-22 09:13:09 [INFO]: GET /css/desktopStyle.css ::1 
2026-03-22 09:13:09 [INFO]: GET /images/biobrain-logo1.png ::1 
2026-03-22 09:13:09 [INFO]: GET /js/navibar.js ::1 
2026-03-22 09:13:28 [INFO]: GET /login ::1 
2026-03-22 09:13:28 [INFO]: GET /css/desktopStyle.css ::1 
2026-03-22 09:13:28 [INFO]: GET /images/biobrain-logo1.png ::1 
2026-03-22 09:13:28 [INFO]: GET /js/navibar.js ::1 
2026-03-22 09:13:42 [INFO]: POST /login ::1 
2026-03-22 09:13:43 [INFO]: GET / ::1 
2026-03-22 09:13:43 [INFO]: GET /css/desktopStyle.css ::1 
2026-03-22 09:13:43 [INFO]: GET /images/biobrain-logo1.png ::1 
2026-03-22 09:13:43 [INFO]: GET /js/navibar.js ::1 
2026-03-22 09:13:48 [INFO]: GET /logout ::1 
2026-03-22 09:13:48 [INFO]: GET / ::1 
2026-03-22 09:13:48 [INFO]: GET /css/desktopStyle.css ::1 
2026-03-22 09:13:48 [INFO]: GET /images/biobrain-logo1.png ::1 
2026-03-22 09:13:48 [INFO]: GET /js/navibar.js ::1 
2026-03-22 09:14:30 [INFO]: GET /login ::1 
2026-03-22 09:14:30 [INFO]: GET /css/desktopStyle.css ::1 
2026-03-22 09:14:30 [INFO]: GET /images/biobrain-logo1.png ::1 
2026-03-22 09:14:30 [INFO]: GET /js/navibar.js ::1 
2026-03-22 09:14:41 [INFO]: POST /login ::1 
2026-03-22 09:15:21 [INFO]: POST /login ::1 
2026-03-22 09:15:22 [INFO]: GET / ::1 
2026-03-22 09:15:22 [INFO]: GET /css/desktopStyle.css ::1 
2026-03-22 09:15:22 [INFO]: GET /images/biobrain-logo1.png ::1 
2026-03-22 09:15:22 [INFO]: GET /js/navibar.js ::1 
2026-03-22 09:15:31 [INFO]: GET /admin ::1 
2026-03-22 09:15:32 [INFO]: GET /css/adminStyle.css ::1 
2026-03-22 09:15:32 [INFO]: GET /js/admin.js ::1 
2026-03-22 09:15:34 [INFO]: GET /admin/userroles ::1 
2026-03-22 09:15:34 [INFO]: GET /css/adminStyle.css ::1 
2026-03-22 09:16:52 [INFO]: 🚀 Server running on port 3000 
2026-03-22 09:16:52 [INFO]: ✅ Connected to MongoDB 
2026-03-22 09:16:52 [INFO]: 🔥  Forced seeding of Exam Database enabled. 
2026-03-22 09:16:52 [INFO]: ⚠ Clearing old Questions... 
2026-03-22 09:16:53 [INFO]: ⚠ Clearing old Topics... 
2026-03-22 09:16:54 [INFO]: ⚠ Clearing old Units... 
2026-03-22 09:16:54 [INFO]: ⚠ Clearing old Subjects... 
2026-03-22 09:16:54 [INFO]: ⚠ Clearing old Exams... 
2026-03-22 09:16:54 [INFO]: ⚠ Clearing old Payments... 
2026-03-22 09:16:54 [INFO]: ⚡ Seeding Exam database... 
2026-03-22 09:16:54 [INFO]: 🔥 Exam seeded: 4 successfully! 
2026-03-22 09:16:54 [INFO]: 🔥 Subject seeded: 4 successfully! 
2026-03-22 09:16:54 [INFO]: 🔥 Unit seeded: 11 successfully! 
2026-03-22 09:16:55 [INFO]: 🔥 Topics seeded: 49 successfully! 
2026-03-22 09:16:55 [INFO]: 🔥 Questions seeded: 460 successfully! 
2026-03-22 09:16:55 [INFO]: ✅ All Exam database seeded successfully! 
2026-03-22 09:16:55 [INFO]: 🔥  Forced seeding of UserRoles Database enabled. 
2026-03-22 09:16:55 [INFO]: ⚠ Clearing old Users... 
2026-03-22 09:16:55 [INFO]: ⚠ Clearing old Roles... 
2026-03-22 09:16:55 [INFO]: ⚡ Seeding UserRoles Database ... 
2026-03-22 09:16:55 [INFO]: 🔥 Roles seeded: 5 successfully! 
2026-03-22 09:16:55 [INFO]: 🔥 Users seeded: 1 successfully! 
2026-03-22 09:16:55 [INFO]: ✅ All UserRole Database seeded successfully! 
2026-03-22 10:35:53 [INFO]: 🚀 Server running on port 3000 
2026-03-22 10:35:54 [INFO]: ✅ Connected to MongoDB 
2026-03-22 10:35:54 [INFO]: 🔥  Forced seeding of Exam Database enabled. 
2026-03-22 10:35:54 [INFO]: ⚠ Clearing old Questions... 
2026-03-22 10:35:54 [INFO]: ⚠ Clearing old Topics... 
2026-03-22 10:35:55 [INFO]: ⚠ Clearing old Units... 
2026-03-22 10:35:56 [INFO]: ⚠ Clearing old Subjects... 
2026-03-22 10:35:56 [INFO]: ⚠ Clearing old Exams... 
2026-03-22 10:35:56 [INFO]: ⚠ Clearing old Payments... 
2026-03-22 10:35:56 [INFO]: ⚡ Seeding Exam database... 
2026-03-22 10:35:56 [INFO]: 🔥 Exam seeded: 4 successfully! 
2026-03-22 10:35:56 [INFO]: 🔥 Subject seeded: 4 successfully! 
2026-03-22 10:35:56 [INFO]: 🔥 Unit seeded: 11 successfully! 
2026-03-22 10:35:56 [INFO]: 🔥 Topics seeded: 49 successfully! 
2026-03-22 10:35:56 [INFO]: 🔥 Questions seeded: 460 successfully! 
2026-03-22 10:35:56 [INFO]: ✅ All Exam database seeded successfully! 
2026-03-22 10:35:56 [INFO]: 🔥  Forced seeding of UserRoles Database enabled. 
2026-03-22 10:35:56 [INFO]: ⚠ Clearing old Users... 
2026-03-22 10:35:56 [INFO]: ⚠ Clearing old Roles... 
2026-03-22 10:35:56 [INFO]: ⚡ Seeding UserRoles Database ... 
2026-03-22 10:35:56 [INFO]: 🔥 Roles seeded: 5 successfully! 
2026-03-22 10:35:57 [INFO]: 🔥 Users seeded: 1 successfully! 
2026-03-22 10:35:57 [INFO]: ✅ All UserRole Database seeded successfully! 
2026-03-22 10:44:12 [INFO]: 🚀 Server running on port 3000 
2026-03-22 10:44:12 [INFO]: ✅ Connected to MongoDB 
2026-03-22 10:44:12 [INFO]: 🔥  Forced seeding of Exam Database enabled. 
2026-03-22 10:44:12 [INFO]: ⚠ Clearing old Questions... 
2026-03-22 10:44:13 [INFO]: ⚠ Clearing old Topics... 
2026-03-22 10:44:13 [INFO]: ⚠ Clearing old Units... 
2026-03-22 10:44:14 [INFO]: ⚠ Clearing old Subjects... 
2026-03-22 10:44:14 [INFO]: ⚠ Clearing old Exams... 
2026-03-22 10:44:14 [INFO]: ⚠ Clearing old Payments... 
2026-03-22 10:44:14 [INFO]: ⚡ Seeding Exam database... 
2026-03-22 10:44:14 [INFO]: 🔥 Exam seeded: 4 successfully! 
2026-03-22 10:44:15 [INFO]: 🔥 Subject seeded: 4 successfully! 
2026-03-22 10:44:15 [INFO]: 🔥 Unit seeded: 11 successfully! 
2026-03-22 10:44:15 [INFO]: 🔥 Topics seeded: 49 successfully! 
2026-03-22 10:44:15 [INFO]: 🔥 Questions seeded: 460 successfully! 
2026-03-22 10:44:15 [INFO]: ✅ All Exam database seeded successfully! 
2026-03-22 10:44:15 [INFO]: 🔥  Forced seeding of UserRoles Database enabled. 
2026-03-22 10:44:15 [INFO]: ⚠ Clearing old Users... 
2026-03-22 10:44:15 [INFO]: ⚠ Clearing old Roles... 
2026-03-22 10:44:15 [INFO]: ⚡ Seeding UserRoles Database ... 
2026-03-22 10:44:15 [INFO]: 🔥 Roles seeded: 5 successfully! 
2026-03-22 10:44:15 [INFO]: 🔥 Users seeded: 1 successfully! 
2026-03-22 10:44:15 [INFO]: ✅ All UserRole Database seeded successfully! 
2026-03-22 10:44:16 [INFO]: GET / ::1 
2026-03-22 10:44:16 [INFO]: GET /css/desktopStyle.css ::1 
2026-03-22 10:44:16 [INFO]: GET /images/biobrain-logo1.png ::1 
2026-03-22 10:44:16 [INFO]: GET /js/navibar.js ::1 
2026-03-22 10:44:17 [INFO]: GET /images/dna-pattern.png ::1 
2026-03-22 10:44:17 [INFO]: GET /images/molucule-structure.png ::1 
2026-03-22 10:44:19 [INFO]: GET /mocktest/init/E4/S1 ::1 
2026-03-22 10:44:19 [INFO]: GET /login ::1 
2026-03-22 10:44:19 [INFO]: GET /css/desktopStyle.css ::1 
2026-03-22 10:44:19 [INFO]: GET /images/biobrain-logo1.png ::1 
2026-03-22 10:44:19 [INFO]: GET /js/navibar.js ::1 
2026-03-22 10:44:34 [INFO]: POST /login ::1 
2026-03-22 10:44:34 [INFO]: GET /mocktest/init/E4/S1 ::1 
2026-03-22 10:44:34 [INFO]: GET /css/desktopStyle.css ::1 
2026-03-22 10:44:34 [INFO]: GET /images/biobrain-logo1.png ::1 
2026-03-22 10:44:34 [INFO]: GET /js/navibar.js ::1 
2026-03-22 10:44:35 [INFO]: GET /units/E4/S1 ::1 
2026-03-22 10:44:38 [INFO]: GET /admin ::1 
2026-03-22 10:44:38 [INFO]: GET /css/adminStyle.css ::1 
2026-03-22 10:44:38 [INFO]: GET /js/admin.js ::1 
2026-03-22 10:44:40 [INFO]: GET /admin/userroles ::1 
2026-03-22 10:44:40 [INFO]: GET /css/adminStyle.css ::1 
2026-03-22 10:44:42 [INFO]: GET /admin/logs ::1 
2026-03-22 10:44:42 [INFO]: GET /css/adminStyle.css ::1 
2026-03-22 10:44:42 [INFO]: GET /logs ::1 
2026-03-22 10:44:46 [INFO]: GET /admin/logs/files?type=exceptions ::1 
2026-03-22 10:44:50 [INFO]: GET /admin/logs/files?type=error ::1 
2026-03-22 10:44:52 [INFO]: GET /admin/logs/files?type=rejections ::1 
2026-03-22 10:44:54 [INFO]: GET /admin/logs/files?type=error ::1 
2026-03-22 10:44:55 [INFO]: GET /admin/logs/files?type=info ::1 
2026-03-22 10:44:58 [INFO]: GET /admin/logs/files?type=error ::1 
2026-03-22 10:45:03 [INFO]: GET /admin/logs/files?type=info ::1 
2026-03-22 10:45:04 [INFO]: GET /admin/logs/view?type=info&file=info-12-03-2026.log ::1 
2026-03-22 10:51:13 [INFO]: 🚀 Server running on port 3000 
2026-03-22 10:51:13 [INFO]: ✅ Connected to MongoDB 
2026-03-22 10:51:13 [INFO]: 🔥  Forced seeding of Exam Database enabled. 
2026-03-22 10:51:13 [INFO]: ⚠ Clearing old Questions... 
2026-03-22 10:51:14 [INFO]: ⚠ Clearing old Topics... 
2026-03-22 10:51:15 [INFO]: ⚠ Clearing old Units... 
2026-03-22 10:51:15 [INFO]: ⚠ Clearing old Subjects... 
2026-03-22 10:51:15 [INFO]: ⚠ Clearing old Exams... 
2026-03-22 10:51:15 [INFO]: ⚠ Clearing old Payments... 
2026-03-22 10:51:15 [INFO]: ⚡ Seeding Exam database... 
2026-03-22 10:51:15 [INFO]: 🔥 Exam seeded: 4 successfully! 
2026-03-22 10:51:15 [INFO]: 🔥 Subject seeded: 4 successfully! 
2026-03-22 10:51:15 [INFO]: 🔥 Unit seeded: 11 successfully! 
2026-03-22 10:51:15 [INFO]: 🔥 Topics seeded: 49 successfully! 
2026-03-22 10:51:16 [INFO]: 🔥 Questions seeded: 460 successfully! 
2026-03-22 10:51:16 [INFO]: ✅ All Exam database seeded successfully! 
2026-03-22 10:51:16 [INFO]: 🔥  Forced seeding of UserRoles Database enabled. 
2026-03-22 10:51:16 [INFO]: ⚠ Clearing old Users... 
2026-03-22 10:51:16 [INFO]: ⚠ Clearing old Roles... 
2026-03-22 10:51:16 [INFO]: ⚡ Seeding UserRoles Database ... 
2026-03-22 10:51:16 [INFO]: 🔥 Roles seeded: 5 successfully! 
2026-03-22 10:51:16 [INFO]: 🔥 Users seeded: 1 successfully! 
2026-03-22 10:51:16 [INFO]: ✅ All UserRole Database seeded successfully! 
2026-03-22 10:51:24 [INFO]: GET / ::1 
2026-03-22 10:51:25 [INFO]: GET /css/desktopStyle.css ::1 
2026-03-22 10:51:25 [INFO]: GET /images/biobrain-logo1.png ::1 
2026-03-22 10:51:25 [INFO]: GET /js/navibar.js ::1 
2026-03-22 10:51:27 [INFO]: GET /admin ::1 
2026-03-22 10:51:27 [INFO]: GET /css/adminStyle.css ::1 
2026-03-22 10:51:27 [INFO]: GET /js/admin.js ::1 
2026-03-22 10:51:29 [INFO]: GET /admin/userroles ::1 
2026-03-22 10:51:29 [INFO]: GET /css/adminStyle.css ::1 
2026-03-22 10:51:31 [INFO]: GET /admin/units ::1 
2026-03-22 10:51:32 [INFO]: GET /admin/subjects ::1 
2026-03-22 10:51:32 [INFO]: GET /css/adminStyle.css ::1 
2026-03-22 10:51:35 [INFO]: GET /admin/exams ::1 
2026-03-22 10:51:35 [INFO]: GET /css/adminStyle.css ::1 
2026-03-22 10:51:41 [INFO]: GET /admin ::1 
2026-03-22 10:51:42 [INFO]: GET /css/adminStyle.css ::1 
2026-03-22 10:51:42 [INFO]: GET /js/admin.js ::1 
2026-03-22 10:51:42 [INFO]: GET /admin/exams ::1 
2026-03-22 10:51:42 [INFO]: GET /css/adminStyle.css ::1 
2026-03-22 10:51:43 [INFO]: GET /admin/subjects ::1 
2026-03-22 10:51:43 [INFO]: GET /css/adminStyle.css ::1 
2026-03-22 10:52:21 [INFO]: 🚀 Server running on port 3000 
2026-03-22 10:52:26 [INFO]: GET / ::1 
2026-03-22 10:52:29 [INFO]: GET /css/desktopStyle.css ::1 
2026-03-22 10:52:29 [INFO]: GET /images/biobrain-logo1.png ::1 
2026-03-22 10:52:29 [INFO]: GET /js/navibar.js ::1 
2026-03-22 10:52:29 [INFO]: ✅ Connected to MongoDB 
2026-03-22 10:52:29 [INFO]: 🔥  Forced seeding of Exam Database enabled. 
2026-03-22 10:52:29 [INFO]: ⚠ Clearing old Questions... 
2026-03-22 10:52:29 [INFO]: ⚠ Clearing old Topics... 
2026-03-22 10:52:30 [INFO]: GET /admin ::1 
2026-03-22 10:52:31 [INFO]: ⚠ Clearing old Units... 
2026-03-22 10:52:31 [INFO]: ⚠ Clearing old Subjects... 
2026-03-22 10:52:31 [INFO]: ⚠ Clearing old Exams... 
2026-03-22 10:52:31 [INFO]: ⚠ Clearing old Payments... 
2026-03-22 10:52:31 [INFO]: ⚡ Seeding Exam database... 
2026-03-22 10:52:31 [INFO]: 🔥 Exam seeded: 4 successfully! 
2026-03-22 10:52:31 [INFO]: 🔥 Subject seeded: 4 successfully! 
2026-03-22 10:52:31 [INFO]: 🔥 Unit seeded: 11 successfully! 
2026-03-22 10:52:31 [INFO]: GET /css/adminStyle.css ::1 
2026-03-22 10:52:31 [INFO]: GET /js/admin.js ::1 
2026-03-22 10:52:31 [INFO]: 🔥 Topics seeded: 49 successfully! 
2026-03-22 10:52:32 [INFO]: 🔥 Questions seeded: 460 successfully! 
2026-03-22 10:52:32 [INFO]: ✅ All Exam database seeded successfully! 
2026-03-22 10:52:32 [INFO]: 🔥  Forced seeding of UserRoles Database enabled. 
2026-03-22 10:52:32 [INFO]: ⚠ Clearing old Users... 
2026-03-22 10:52:32 [INFO]: ⚠ Clearing old Roles... 
2026-03-22 10:52:32 [INFO]: ⚡ Seeding UserRoles Database ... 
2026-03-22 10:52:32 [INFO]: 🔥 Roles seeded: 5 successfully! 
2026-03-22 10:52:32 [INFO]: 🔥 Users seeded: 1 successfully! 
2026-03-22 10:52:32 [INFO]: ✅ All UserRole Database seeded successfully! 
2026-03-22 10:52:43 [INFO]: GET /admin/logs ::1 
2026-03-22 10:52:43 [INFO]: GET /css/adminStyle.css ::1 
2026-03-22 10:52:43 [INFO]: GET /logs ::1 
2026-03-22 10:53:39 [INFO]: GET /admin/logs ::1 
2026-03-22 10:53:39 [INFO]: GET /css/adminStyle.css ::1 
2026-03-22 10:53:39 [INFO]: GET /logs ::1 
2026-03-22 10:53:54 [INFO]: GET /admin/logs ::1 
2026-03-22 10:53:54 [INFO]: GET /css/adminStyle.css ::1 
2026-03-22 10:53:54 [INFO]: GET /logs ::1 
2026-03-22 10:55:11 [INFO]: 🚀 Server running on port 3000 
2026-03-22 10:55:12 [INFO]: ✅ Connected to MongoDB 
2026-03-22 10:55:12 [INFO]: 🔥  Forced seeding of Exam Database enabled. 
2026-03-22 10:55:12 [INFO]: ⚠ Clearing old Questions... 
2026-03-22 10:55:13 [INFO]: ⚠ Clearing old Topics... 
2026-03-22 10:55:13 [INFO]: ⚠ Clearing old Units... 
2026-03-22 10:55:13 [INFO]: ⚠ Clearing old Subjects... 
2026-03-22 10:55:13 [INFO]: ⚠ Clearing old Exams... 
2026-03-22 10:55:13 [INFO]: ⚠ Clearing old Payments... 
2026-03-22 10:55:13 [INFO]: ⚡ Seeding Exam database... 
2026-03-22 10:55:13 [INFO]: 🔥 Exam seeded: 4 successfully! 
2026-03-22 10:55:13 [INFO]: 🔥 Subject seeded: 4 successfully! 
2026-03-22 10:55:13 [INFO]: 🔥 Unit seeded: 11 successfully! 
2026-03-22 10:55:13 [INFO]: 🔥 Topics seeded: 49 successfully! 
2026-03-22 10:55:15 [INFO]: 🔥 Questions seeded: 460 successfully! 
2026-03-22 10:55:15 [INFO]: ✅ All Exam database seeded successfully! 
2026-03-22 10:55:15 [INFO]: 🔥  Forced seeding of UserRoles Database enabled. 
2026-03-22 10:55:15 [INFO]: ⚠ Clearing old Users... 
2026-03-22 10:55:15 [INFO]: ⚠ Clearing old Roles... 
2026-03-22 10:55:15 [INFO]: ⚡ Seeding UserRoles Database ... 
2026-03-22 10:55:15 [INFO]: 🔥 Roles seeded: 5 successfully! 
2026-03-22 10:55:15 [INFO]: 🔥 Users seeded: 1 successfully! 
2026-03-22 10:55:15 [INFO]: ✅ All UserRole Database seeded successfully! 
2026-03-22 10:55:16 [INFO]: GET / ::1 
2026-03-22 10:55:16 [INFO]: GET /css/desktopStyle.css ::1 
2026-03-22 10:55:16 [INFO]: GET /images/biobrain-logo1.png ::1 
2026-03-22 10:55:16 [INFO]: GET /js/navibar.js ::1 
2026-03-22 10:55:16 [INFO]: GET /images/dna-pattern.png ::1 
2026-03-22 10:55:16 [INFO]: GET /images/molucule-structure.png ::1 
2026-03-22 10:55:19 [INFO]: GET /admin ::1 
2026-03-22 10:55:19 [INFO]: GET /css/adminStyle.css ::1 
2026-03-22 10:55:19 [INFO]: GET /js/admin.js ::1 
2026-03-22 10:55:21 [INFO]: GET / ::1 
2026-03-22 10:55:21 [INFO]: GET /css/desktopStyle.css ::1 
2026-03-22 10:55:21 [INFO]: GET /images/biobrain-logo1.png ::1 
2026-03-22 10:55:21 [INFO]: GET /js/navibar.js ::1 
2026-03-22 10:55:25 [INFO]: GET /admin ::1 
2026-03-22 10:55:26 [INFO]: GET /css/adminStyle.css ::1 
2026-03-22 10:55:26 [INFO]: GET /js/admin.js ::1 
2026-03-22 10:55:28 [INFO]: GET /admin/logs ::1 
2026-03-22 10:55:28 [INFO]: GET /css/adminStyle.css ::1 
2026-03-22 10:55:28 [INFO]: GET /logs ::1 
2026-03-22 10:55:34 [INFO]: GET /admin/logs/files?type=exceptions ::1 
2026-03-22 10:55:39 [INFO]: GET /admin/logs/files?type=info ::1 
2026-03-22 10:55:42 [INFO]: GET /admin/logs/view?type=info&file=info-22-03-2026.log ::1 
2026-03-22 11:09:39 [INFO]: 🚀 Server running on port 3000 
2026-03-22 11:09:40 [INFO]: ✅ Connected to MongoDB 
2026-03-22 11:09:40 [INFO]: 🔥  Forced seeding of Exam Database enabled. 
2026-03-22 11:09:40 [INFO]: ⚠ Clearing old Questions... 
2026-03-22 11:09:40 [INFO]: ⚠ Clearing old Topics... 
2026-03-22 11:09:41 [INFO]: ⚠ Clearing old Units... 
2026-03-22 11:09:41 [INFO]: ⚠ Clearing old Subjects... 
2026-03-22 11:09:41 [INFO]: ⚠ Clearing old Exams... 
2026-03-22 11:09:42 [INFO]: ⚠ Clearing old Payments... 
2026-03-22 11:09:42 [INFO]: ⚡ Seeding Exam database... 
2026-03-22 11:09:42 [INFO]: 🔥 Exam seeded: 4 successfully! 
2026-03-22 11:09:42 [INFO]: 🔥 Subject seeded: 4 successfully! 
2026-03-22 11:09:42 [INFO]: 🔥 Unit seeded: 11 successfully! 
2026-03-22 11:09:42 [INFO]: 🔥 Topics seeded: 49 successfully! 
2026-03-22 11:09:42 [INFO]: 🔥 Questions seeded: 460 successfully! 
2026-03-22 11:09:42 [INFO]: ✅ All Exam database seeded successfully! 
2026-03-22 11:09:42 [INFO]: 🔥  Forced seeding of UserRoles Database enabled. 
2026-03-22 11:09:42 [INFO]: ⚠ Clearing old Users... 
2026-03-22 11:09:42 [INFO]: ⚠ Clearing old Roles... 
2026-03-22 11:09:42 [INFO]: ⚡ Seeding UserRoles Database ... 
2026-03-22 11:09:42 [INFO]: 🔥 Roles seeded: 5 successfully! 
2026-03-22 11:09:43 [INFO]: 🔥 Users seeded: 1 successfully! 
2026-03-22 11:09:43 [INFO]: ✅ All UserRole Database seeded successfully! 
2026-03-22 11:10:00 [INFO]: 🚀 Server running on port 3000 
2026-03-22 11:10:01 [INFO]: ✅ Connected to MongoDB 
2026-03-22 11:10:01 [INFO]: 🔥  Forced seeding of Exam Database enabled. 
2026-03-22 11:10:01 [INFO]: ⚠ Clearing old Questions... 
2026-03-22 11:10:01 [INFO]: ⚠ Clearing old Topics... 
2026-03-22 11:10:03 [INFO]: ⚠ Clearing old Units... 
2026-03-22 11:10:03 [INFO]: ⚠ Clearing old Subjects... 
2026-03-22 11:10:03 [INFO]: ⚠ Clearing old Exams... 
2026-03-22 11:10:03 [INFO]: ⚠ Clearing old Payments... 
2026-03-22 11:10:03 [INFO]: ⚡ Seeding Exam database... 
2026-03-22 11:10:03 [ERROR]: Error: ENOENT: no such file or directory, open 'D:\Projects\BioBrainMdb\datafeed\factory\questiontable1.json'
    at Object.openSync (node:fs:559:18)
    at Object.readFileSync (node:fs:443:35)
    at autoSeedExamDb (D:\Projects\BioBrainMdb\utils\autoSeeder.js:122:41)
    at process.processTicksAndRejections (node:internal/process/task_queues:103:5)
    at async autoSeed (D:\Projects\BioBrainMdb\utils\autoSeeder.js:34:7)
    at async D:\Projects\BioBrainMdb\server.js:74:5 {"errno":-4058,"code":"ENOENT","syscall":"open","path":"D:\\Projects\\BioBrainMdb\\datafeed\\factory\\questiontable1.json"}
2026-03-22 11:10:03 [INFO]: 🔥  Forced seeding of UserRoles Database enabled. 
2026-03-22 11:10:03 [INFO]: ⚠ Clearing old Users... 
2026-03-22 11:10:03 [INFO]: ⚠ Clearing old Roles... 
2026-03-22 11:10:03 [INFO]: ⚡ Seeding UserRoles Database ... 
2026-03-22 11:10:03 [INFO]: 🔥 Roles seeded: 5 successfully! 
2026-03-22 11:10:03 [INFO]: 🔥 Users seeded: 1 successfully! 
2026-03-22 11:10:03 [INFO]: ✅ All UserRole Database seeded successfully! 
2026-03-22 11:23:36 [INFO]: 🚀 Server running on port 3000 
2026-03-22 11:23:37 [INFO]: ✅ Connected to MongoDB 
2026-03-22 11:23:37 [INFO]: 🔥  Forced seeding of Exam Database enabled. 
2026-03-22 11:23:37 [INFO]: ⚠ Clearing old Questions... 
2026-03-22 11:23:38 [INFO]: ⚠ Clearing old Topics... 
2026-03-22 11:23:38 [INFO]: ⚠ Clearing old Units... 
2026-03-22 11:23:38 [INFO]: ⚠ Clearing old Subjects... 
2026-03-22 11:23:38 [INFO]: ⚠ Clearing old Exams... 
2026-03-22 11:23:38 [INFO]: ⚠ Clearing old Payments... 
2026-03-22 11:23:38 [INFO]: ⚡ Seeding Exam database... 
2026-03-22 11:23:38 [INFO]: 🔥 Exam seeded: 4 successfully! 
2026-03-22 11:23:38 [INFO]: 🔥 Subject seeded: 4 successfully! 
2026-03-22 11:23:38 [INFO]: 🔥 Unit seeded: 11 successfully! 
2026-03-22 11:23:38 [INFO]: 🔥 Topics seeded: 49 successfully! 
2026-03-22 11:23:39 [INFO]: 🔥 Questions seeded: 460 successfully! 
2026-03-22 11:23:39 [INFO]: ✅ All Exam database seeded successfully! 
2026-03-22 11:23:39 [INFO]: 🔥  Forced seeding of UserRoles Database enabled. 
2026-03-22 11:23:39 [INFO]: ⚠ Clearing old Users... 
2026-03-22 11:23:39 [INFO]: ⚠ Clearing old Roles... 
2026-03-22 11:23:39 [INFO]: ⚡ Seeding UserRoles Database ... 
2026-03-22 11:23:39 [INFO]: 🔥 Roles seeded: 5 successfully! 
2026-03-22 11:23:39 [INFO]: 🔥 Users seeded: 1 successfully! 
2026-03-22 11:23:39 [INFO]: ✅ All UserRole Database seeded successfully! 
2026-03-22 12:01:29 [INFO]: 🚀 Server running on port 3000 
2026-03-22 12:01:29 [INFO]: ✅ Connected to MongoDB 
2026-03-22 12:01:29 [INFO]: 🔥  Forced seeding of Exam Database enabled. 
2026-03-22 12:01:29 [INFO]: ⚠ Clearing old Questions... 
2026-03-22 12:01:30 [INFO]: ⚠ Clearing old Topics... 
2026-03-22 12:01:31 [INFO]: ⚠ Clearing old Units... 
2026-03-22 12:01:31 [INFO]: ⚠ Clearing old Subjects... 
2026-03-22 12:01:31 [INFO]: ⚠ Clearing old Exams... 
2026-03-22 12:01:31 [INFO]: ⚠ Clearing old Payments... 
2026-03-22 12:01:31 [INFO]: ⚡ Seeding Exam database... 
2026-03-22 12:01:31 [INFO]: 🔥 Exam seeded: 4 successfully! 
2026-03-22 12:01:31 [INFO]: 🔥 Subject seeded: 4 successfully! 
2026-03-22 12:01:31 [INFO]: 🔥 Unit seeded: 11 successfully! 
2026-03-22 12:01:32 [INFO]: 🔥 Topics seeded: 49 successfully! 
2026-03-22 12:01:32 [INFO]: 🔥 Questions seeded: 460 successfully! 
2026-03-22 12:01:32 [INFO]: ✅ All Exam database seeded successfully! 
2026-03-22 12:01:32 [INFO]: 🔥  Forced seeding of UserRoles Database enabled. 
2026-03-22 12:01:32 [INFO]: ⚠ Clearing old Users... 
2026-03-22 12:01:32 [INFO]: ⚠ Clearing old Roles... 
2026-03-22 12:01:32 [INFO]: ⚡ Seeding UserRoles Database ... 
2026-03-22 12:01:32 [INFO]: 🔥 Roles seeded: 5 successfully! 
2026-03-22 12:01:32 [INFO]: 🔥 Users seeded: 1 successfully! 
2026-03-22 12:01:32 [INFO]: ✅ All UserRole Database seeded successfully! 
2026-03-22 12:26:47 [INFO]: 🚀 Server running on port 3000 
2026-03-22 12:26:48 [INFO]: ✅ Connected to MongoDB 
2026-03-22 12:26:48 [INFO]: 🔥  Forced seeding of Exam Database enabled. 
2026-03-22 12:26:48 [INFO]: ⚠ Clearing old Questions... 
2026-03-22 12:26:48 [INFO]: ⚠ Clearing old Topics... 
2026-03-22 12:26:48 [INFO]: ⚠ Clearing old Units... 
2026-03-22 12:26:48 [INFO]: ⚠ Clearing old Subjects... 
2026-03-22 12:26:48 [INFO]: ⚠ Clearing old Exams... 
2026-03-22 12:26:49 [INFO]: ⚠ Clearing old Payments... 
2026-03-22 12:26:50 [INFO]: ⚡ Seeding Exam database... 
2026-03-22 12:26:50 [INFO]: 🔥 Exam seeded: 4 successfully! 
2026-03-22 12:26:50 [INFO]: 🔥 Subject seeded: 4 successfully! 
2026-03-22 12:26:50 [INFO]: 🔥 Unit seeded: 11 successfully! 
2026-03-22 12:26:50 [INFO]: 🔥 Topics seeded: 49 successfully! 
2026-03-22 12:26:50 [INFO]: 🔥 Questions seeded: 460 successfully! 
2026-03-22 12:26:50 [INFO]: ✅ All Exam database seeded successfully! 
2026-03-22 12:26:50 [INFO]: 🔥  Forced seeding of UserRoles Database enabled. 
2026-03-22 12:26:50 [INFO]: ⚠ Clearing old Users... 
2026-03-22 12:26:50 [INFO]: ⚠ Clearing old Roles... 
2026-03-22 12:26:50 [INFO]: ⚡ Seeding UserRoles Database ... 
2026-03-22 12:26:50 [INFO]: 🔥 Roles seeded: 5 successfully! 
2026-03-22 12:26:51 [INFO]: 🔥 Users seeded: 1 successfully! 
2026-03-22 12:26:51 [INFO]: ✅ All UserRole Database seeded successfully! 
2026-03-22 12:26:54 [INFO]: GET / ::1 
2026-03-22 12:26:54 [INFO]: GET /js/navibar.js ::1 
2026-03-22 12:26:54 [INFO]: GET /css/desktopStyle.css ::1 
2026-03-22 12:26:54 [INFO]: GET /images/biobrain-logo1.png ::1 
2026-03-22 12:26:54 [INFO]: GET /images/dna-pattern.png ::1 
2026-03-22 12:26:54 [INFO]: GET /images/molucule-structure.png ::1 
2026-03-22 12:26:56 [INFO]: GET /login ::1 
2026-03-22 12:26:56 [INFO]: GET /css/desktopStyle.css ::1 
2026-03-22 12:26:56 [INFO]: GET /images/biobrain-logo1.png ::1 
2026-03-22 12:26:56 [INFO]: GET /js/navibar.js ::1 
2026-03-22 12:27:06 [INFO]: POST /login ::1 
2026-03-22 12:27:06 [INFO]: GET / ::1 
2026-03-22 12:27:06 [INFO]: GET /css/desktopStyle.css ::1 
2026-03-22 12:27:06 [INFO]: GET /images/biobrain-logo1.png ::1 
2026-03-22 12:27:06 [INFO]: GET /js/navibar.js ::1 
2026-03-22 12:27:09 [INFO]: GET /mocktest/init/E4/S1 ::1 
2026-03-22 12:27:09 [INFO]: GET /css/desktopStyle.css ::1 
2026-03-22 12:27:09 [INFO]: GET /images/biobrain-logo1.png ::1 
2026-03-22 12:27:09 [INFO]: GET /js/navibar.js ::1 
2026-03-22 12:27:09 [INFO]: GET /units/E4/S1 ::1 
2026-03-22 12:27:13 [INFO]: GET /topics/E4/S1/U1 ::1 
2026-03-22 12:27:15 [INFO]: POST /mocktest/createorder ::1 
2026-03-22 12:27:15 [INFO]: GET /css/desktopStyle.css ::1 
2026-03-22 12:27:20 [INFO]: POST /mocktest/submit ::1 
2026-03-22 12:27:28 [INFO]: GET / ::1 
2026-03-22 12:27:28 [INFO]: GET /css/desktopStyle.css ::1 
2026-03-22 12:27:28 [INFO]: GET /images/biobrain-logo1.png ::1 
2026-03-22 12:27:28 [INFO]: GET /js/navibar.js ::1 
2026-03-22 12:27:30 [INFO]: GET /mocktest/init/E4/S1 ::1 
2026-03-22 12:27:30 [INFO]: GET /css/desktopStyle.css ::1 
2026-03-22 12:27:30 [INFO]: GET /images/biobrain-logo1.png ::1 
2026-03-22 12:27:30 [INFO]: GET /js/navibar.js ::1 
2026-03-22 12:27:31 [INFO]: GET /units/E4/S1 ::1 
2026-03-22 12:27:32 [INFO]: GET /mocktest/result/pdf/69beb90e375f7aacbfed290f ::1 
2026-03-22 12:31:37 [INFO]: 🚀 Server running on port 3000 
2026-03-22 12:31:38 [INFO]: ✅ Connected to MongoDB 
2026-03-22 12:31:38 [INFO]: 🔥  Forced seeding of Exam Database enabled. 
2026-03-22 12:31:38 [INFO]: ⚠ Clearing old Questions... 
2026-03-22 12:31:38 [INFO]: ⚠ Clearing old Topics... 
2026-03-22 12:31:40 [INFO]: ⚠ Clearing old Units... 
2026-03-22 12:31:40 [INFO]: ⚠ Clearing old Subjects... 
2026-03-22 12:31:40 [INFO]: ⚠ Clearing old Exams... 
2026-03-22 12:31:40 [INFO]: ⚠ Clearing old Payments... 
2026-03-22 12:31:40 [INFO]: ⚡ Seeding Exam database... 
2026-03-22 12:31:40 [INFO]: 🔥 Exam seeded: 4 successfully! 
2026-03-22 12:31:40 [INFO]: 🔥 Subject seeded: 4 successfully! 
2026-03-22 12:31:40 [INFO]: 🔥 Unit seeded: 11 successfully! 
2026-03-22 12:31:40 [INFO]: 🔥 Topics seeded: 49 successfully! 
2026-03-22 12:31:40 [INFO]: 🔥 Questions seeded: 460 successfully! 
2026-03-22 12:31:40 [INFO]: ✅ All Exam database seeded successfully! 
2026-03-22 12:31:40 [INFO]: 🔥  Forced seeding of UserRoles Database enabled. 
2026-03-22 12:31:40 [INFO]: ⚠ Clearing old Users... 
2026-03-22 12:31:41 [INFO]: ⚠ Clearing old Roles... 
2026-03-22 12:31:41 [INFO]: ⚡ Seeding UserRoles Database ... 
2026-03-22 12:31:41 [INFO]: 🔥 Roles seeded: 5 successfully! 
2026-03-22 12:31:41 [INFO]: 🔥 Users seeded: 1 successfully! 
2026-03-22 12:31:41 [INFO]: ✅ All UserRole Database seeded successfully! 
2026-03-22 12:33:16 [INFO]: 🚀 Server running on port 3000 
2026-03-22 12:33:17 [INFO]: ✅ Connected to MongoDB 
2026-03-22 12:33:17 [INFO]: 🔥  Forced seeding of Exam Database enabled. 
2026-03-22 12:33:17 [INFO]: ⚠ Clearing old Questions... 
2026-03-22 12:33:17 [INFO]: ⚠ Clearing old Topics... 
2026-03-22 12:33:18 [INFO]: ⚠ Clearing old Units... 
2026-03-22 12:33:18 [INFO]: ⚠ Clearing old Subjects... 
2026-03-22 12:33:18 [INFO]: ⚠ Clearing old Exams... 
2026-03-22 12:33:18 [INFO]: ⚠ Clearing old Payments... 
2026-03-22 12:33:18 [INFO]: ⚡ Seeding Exam database... 
2026-03-22 12:33:19 [INFO]: 🔥 Exam seeded: 4 successfully! 
2026-03-22 12:33:19 [INFO]: 🔥 Subject seeded: 4 successfully! 
2026-03-22 12:33:19 [INFO]: 🔥 Unit seeded: 11 successfully! 
2026-03-22 12:33:19 [INFO]: 🔥 Topics seeded: 49 successfully! 
2026-03-22 12:33:19 [INFO]: GET / ::1 
2026-03-22 12:33:19 [INFO]: GET /css/desktopStyle.css ::1 
2026-03-22 12:33:19 [INFO]: GET /images/biobrain-logo1.png ::1 
2026-03-22 12:33:19 [INFO]: GET /js/navibar.js ::1 
2026-03-22 12:33:19 [INFO]: GET /images/dna-pattern.png ::1 
2026-03-22 12:33:19 [INFO]: GET /images/molucule-structure.png ::1 
2026-03-22 12:33:19 [INFO]: 🔥 Questions seeded: 460 successfully! 
2026-03-22 12:33:19 [INFO]: ✅ All Exam database seeded successfully! 
2026-03-22 12:33:19 [INFO]: 🔥  Forced seeding of UserRoles Database enabled. 
2026-03-22 12:33:19 [INFO]: ⚠ Clearing old Users... 
2026-03-22 12:33:19 [INFO]: ⚠ Clearing old Roles... 
2026-03-22 12:33:19 [INFO]: ⚡ Seeding UserRoles Database ... 
2026-03-22 12:33:19 [INFO]: 🔥 Roles seeded: 5 successfully! 
2026-03-22 12:33:20 [INFO]: 🔥 Users seeded: 1 successfully! 
2026-03-22 12:33:20 [INFO]: ✅ All UserRole Database seeded successfully! 
2026-03-22 12:33:21 [INFO]: GET /mocktest/init/E4/S1 ::1 
2026-03-22 12:33:22 [INFO]: GET /css/desktopStyle.css ::1 
2026-03-22 12:33:22 [INFO]: GET /images/biobrain-logo1.png ::1 
2026-03-22 12:33:22 [INFO]: GET /js/navibar.js ::1 
2026-03-22 12:33:22 [INFO]: GET /units/E4/S1 ::1 
2026-03-22 12:33:42 [INFO]: GET /mocktest/result/pdf/69beb90e375f7aacbfed290f ::1 
2026-03-22 12:35:46 [INFO]: GET / ::1 
2026-03-22 12:35:46 [INFO]: GET /css/desktopStyle.css ::1 
2026-03-22 12:35:46 [INFO]: GET /images/biobrain-logo1.png ::1 
2026-03-22 12:35:46 [INFO]: GET /js/navibar.js ::1 
2026-03-22 12:35:46 [INFO]: GET /images/dna-pattern.png ::1 
2026-03-22 12:35:46 [INFO]: GET /images/molucule-structure.png ::1 
2026-03-22 12:35:49 [INFO]: GET /mocktest/init/E4/S1 ::1 
2026-03-22 12:35:49 [INFO]: GET /css/desktopStyle.css ::1 
2026-03-22 12:35:49 [INFO]: GET /images/biobrain-logo1.png ::1 
2026-03-22 12:35:49 [INFO]: GET /js/navibar.js ::1 
2026-03-22 12:35:49 [INFO]: GET /units/E4/S1 ::1 
2026-03-22 12:35:51 [INFO]: GET /mocktest/result/pdf/69beb90e375f7aacbfed290f ::1 
2026-03-22 12:36:06 [INFO]: GET / ::1 
2026-03-22 12:36:06 [INFO]: GET /css/desktopStyle.css ::1 
2026-03-22 12:36:06 [INFO]: GET /images/biobrain-logo1.png ::1 
2026-03-22 12:36:06 [INFO]: GET /js/navibar.js ::1 
2026-03-22 12:36:13 [INFO]: GET /profile ::1 
2026-03-22 12:36:14 [INFO]: GET /css/desktopStyle.css ::1 
2026-03-22 12:36:14 [INFO]: GET /images/biobrain-logo1.png ::1 
2026-03-22 12:36:14 [INFO]: GET /js/navibar.js ::1 
2026-03-22 12:36:34 [INFO]: GET / ::1 
2026-03-22 12:36:34 [INFO]: GET /css/desktopStyle.css ::1 
2026-03-22 12:36:34 [INFO]: GET /images/biobrain-logo1.png ::1 
2026-03-22 12:36:34 [INFO]: GET /js/navibar.js ::1 
2026-03-22 12:36:39 [INFO]: GET /admin ::1 
2026-03-22 12:36:40 [INFO]: GET /css/adminStyle.css ::1 
2026-03-22 12:36:40 [INFO]: GET /js/admin.js ::1 
2026-03-22 12:36:43 [INFO]: GET /admin/logs ::1 
2026-03-22 12:36:43 [INFO]: GET /css/adminStyle.css ::1 
2026-03-22 12:36:43 [INFO]: GET /logs ::1 
2026-03-22 12:36:45 [INFO]: GET /admin/logs/files?type=rejections ::1 
2026-03-22 12:36:50 [INFO]: GET /admin/logs/files?type=exceptions ::1 
2026-03-22 12:38:19 [INFO]: 🚀 Server running on port 3000 
2026-03-22 12:38:19 [INFO]: ✅ Connected to MongoDB 
2026-03-22 12:38:19 [INFO]: 🔥  Forced seeding of Exam Database enabled. 
2026-03-22 12:38:19 [INFO]: ⚠ Clearing old Questions... 
2026-03-22 12:38:20 [INFO]: ⚠ Clearing old Topics... 
2026-03-22 12:38:21 [INFO]: ⚠ Clearing old Units... 
2026-03-22 12:38:21 [INFO]: ⚠ Clearing old Subjects... 
2026-03-22 12:38:21 [INFO]: ⚠ Clearing old Exams... 
2026-03-22 12:38:21 [INFO]: ⚠ Clearing old Payments... 
2026-03-22 12:38:21 [INFO]: ⚡ Seeding Exam database... 
2026-03-22 12:38:21 [INFO]: 🔥 Exam seeded: 4 successfully! 
2026-03-22 12:38:21 [INFO]: 🔥 Subject seeded: 4 successfully! 
2026-03-22 12:38:21 [INFO]: 🔥 Unit seeded: 11 successfully! 
2026-03-22 12:38:21 [INFO]: 🔥 Topics seeded: 49 successfully! 
2026-03-22 12:38:22 [INFO]: GET / ::1 
2026-03-22 12:38:22 [INFO]: 🔥 Questions seeded: 460 successfully! 
2026-03-22 12:38:22 [INFO]: ✅ All Exam database seeded successfully! 
2026-03-22 12:38:22 [INFO]: 🔥  Forced seeding of UserRoles Database enabled. 
2026-03-22 12:38:22 [INFO]: ⚠ Clearing old Users... 
2026-03-22 12:38:22 [INFO]: ⚠ Clearing old Roles... 
2026-03-22 12:38:22 [INFO]: GET /css/desktopStyle.css ::1 
2026-03-22 12:38:22 [INFO]: GET /images/biobrain-logo1.png ::1 
2026-03-22 12:38:22 [INFO]: GET /js/navibar.js ::1 
2026-03-22 12:38:22 [INFO]: GET /images/dna-pattern.png ::1 
2026-03-22 12:38:22 [INFO]: GET /images/molucule-structure.png ::1 
2026-03-22 12:38:22 [INFO]: ⚡ Seeding UserRoles Database ... 
2026-03-22 12:38:22 [INFO]: 🔥 Roles seeded: 5 successfully! 
2026-03-22 12:38:22 [INFO]: 🔥 Users seeded: 1 successfully! 
2026-03-22 12:38:22 [INFO]: ✅ All UserRole Database seeded successfully! 
2026-03-22 12:38:22 [INFO]: GET /keep-session-alive ::1 
2026-03-22 12:38:24 [INFO]: GET /admin ::1 
2026-03-22 12:38:32 [INFO]: GET /admin ::1 
2026-03-22 12:38:32 [INFO]: GET /css/adminStyle.css ::1 
2026-03-22 12:38:32 [INFO]: GET /js/admin.js ::1 
2026-03-22 12:38:38 [INFO]: GET /admin/logs ::1 
2026-03-22 12:38:38 [INFO]: GET /css/adminStyle.css ::1 
2026-03-22 12:38:38 [INFO]: GET /logs ::1 
2026-03-22 12:38:39 [INFO]: GET /admin/logs ::1 
2026-03-22 12:38:40 [INFO]: GET /css/adminStyle.css ::1 
2026-03-22 12:38:40 [INFO]: GET /logs ::1 
2026-03-22 12:38:45 [INFO]: GET /admin/logs/files?type=rejection ::1 
2026-03-22 12:38:47 [INFO]: GET /admin/logs/view?type=rejection&file=rejection-22-03-2026.log ::1 
2026-03-22 12:38:49 [INFO]: GET /admin/logs/files?type=exception ::1 
2026-03-22 12:38:50 [INFO]: GET /admin/logs/view?type=exception&file=exception-22-03-2026.log ::1 
2026-03-22 12:39:00 [INFO]: GET /admin/logs/files?type= ::1 
2026-03-22 12:39:02 [INFO]: GET /admin/logs/files?type=info ::1 
2026-03-22 12:39:03 [INFO]: GET /admin/logs/files?type=error ::1 
2026-03-22 12:39:05 [INFO]: GET /admin/logs/files?type=combined ::1 
2026-03-22 12:39:07 [INFO]: GET /admin/logs/files?type=exception ::1 
2026-03-22 12:39:08 [INFO]: GET /admin/logs/files?type=rejection ::1 
2026-03-22 12:39:11 [INFO]: GET /admin/logs/files?type=error ::1 
2026-03-22 12:39:13 [INFO]: GET /admin/logs/view?type=error&file=error-22-03-2026.log ::1 
2026-03-22 12:40:48 [INFO]: GET /admin/logs/download?type=error&file=error-22-03-2026.log ::1 
2026-03-22 12:41:25 [INFO]: GET / ::1 
2026-03-22 12:41:25 [INFO]: GET /css/desktopStyle.css ::1 
2026-03-22 12:41:25 [INFO]: GET /images/biobrain-logo1.png ::1 
2026-03-22 12:41:25 [INFO]: GET /js/navibar.js ::1 
2026-03-22 12:41:25 [INFO]: GET /images/dna-pattern.png ::1 
2026-03-22 12:41:25 [INFO]: GET /images/molucule-structure.png ::1 
2026-03-22 12:41:27 [INFO]: GET /admin ::1 
2026-03-22 12:41:28 [INFO]: GET /css/adminStyle.css ::1 
2026-03-22 12:41:28 [INFO]: GET /js/admin.js ::1 
2026-03-22 12:41:34 [INFO]: GET / ::1 
2026-03-22 12:41:34 [INFO]: GET /css/desktopStyle.css ::1 
2026-03-22 12:41:34 [INFO]: GET /images/biobrain-logo1.png ::1 
2026-03-22 12:41:34 [INFO]: GET /js/navibar.js ::1 
2026-03-22 12:41:54 [INFO]: GET / ::1 
2026-03-22 12:41:54 [INFO]: GET /css/desktopStyle.css ::1 
2026-03-22 12:41:54 [INFO]: GET /images/biobrain-logo1.png ::1 
2026-03-22 12:41:54 [INFO]: GET /js/navibar.js ::1 
2026-03-22 12:41:54 [INFO]: GET /admin ::1 
2026-03-22 12:41:55 [INFO]: GET /css/adminStyle.css ::1 
2026-03-22 12:41:55 [INFO]: GET /js/admin.js ::1 
2026-03-22 12:42:04 [INFO]: GET / ::1 
2026-03-22 12:42:04 [INFO]: GET /css/desktopStyle.css ::1 
2026-03-22 12:42:04 [INFO]: GET /images/biobrain-logo1.png ::1 
2026-03-22 12:42:04 [INFO]: GET /js/navibar.js ::1 
2026-03-22 12:42:09 [INFO]: GET / ::1 
2026-03-22 12:42:09 [INFO]: GET /css/desktopStyle.css ::1 
2026-03-22 12:42:09 [INFO]: GET /images/biobrain-logo1.png ::1 
2026-03-22 12:42:09 [INFO]: GET /js/navibar.js ::1 
2026-03-22 12:42:11 [INFO]: GET /admin ::1 
2026-03-22 12:42:11 [INFO]: GET /css/adminStyle.css ::1 
2026-03-22 12:42:11 [INFO]: GET /js/admin.js ::1 
2026-03-22 12:42:18 [INFO]: GET / ::1 
2026-03-22 12:42:19 [INFO]: GET /css/desktopStyle.css ::1 
2026-03-22 12:42:19 [INFO]: GET /images/biobrain-logo1.png ::1 
2026-03-22 12:42:19 [INFO]: GET /js/navibar.js ::1 
2026-03-22 12:42:20 [INFO]: GET /mocktest/init/E4/S1 ::1 
2026-03-22 12:42:21 [INFO]: GET /css/desktopStyle.css ::1 
2026-03-22 12:42:21 [INFO]: GET /images/biobrain-logo1.png ::1 
2026-03-22 12:42:21 [INFO]: GET /js/navibar.js ::1 
2026-03-22 12:42:21 [INFO]: GET /units/E4/S1 ::1 
2026-03-22 12:43:05 [INFO]: GET /topics/E4/S1/U1 ::1 
2026-03-22 12:43:07 [INFO]: POST /mocktest/createorder ::1 
2026-03-22 12:43:08 [INFO]: GET /css/desktopStyle.css ::1 
2026-03-22 12:43:22 [INFO]: GET /keep-session-alive ::1 
2026-03-22 12:43:30 [INFO]: GET /css/desktopStyle.css ::1 
2026-03-22 12:43:30 [INFO]: GET /.well-known/appspecific/com.chrome.devtools.json ::1 
2026-03-22 12:46:18 [INFO]: 🚀 Server running on port 3000 
2026-03-22 12:46:18 [INFO]: ✅ Connected to MongoDB 
2026-03-22 12:46:18 [INFO]: 🔥  Forced seeding of Exam Database enabled. 
2026-03-22 12:46:18 [INFO]: ⚠ Clearing old Questions... 
2026-03-22 12:46:19 [INFO]: ⚠ Clearing old Topics... 
2026-03-22 12:46:20 [INFO]: ⚠ Clearing old Units... 
2026-03-22 12:46:20 [INFO]: ⚠ Clearing old Subjects... 
2026-03-22 12:46:20 [INFO]: ⚠ Clearing old Exams... 
2026-03-22 12:46:20 [INFO]: ⚠ Clearing old Payments... 
2026-03-22 12:46:20 [INFO]: GET / ::1 
2026-03-22 12:46:20 [INFO]: ⚡ Seeding Exam database... 
2026-03-22 12:46:20 [INFO]: 🔥 Exam seeded: 4 successfully! 
2026-03-22 12:46:20 [INFO]: GET /css/desktopStyle.css ::1 
2026-03-22 12:46:20 [INFO]: GET /images/biobrain-logo1.png ::1 
2026-03-22 12:46:20 [INFO]: GET /js/navibar.js ::1 
2026-03-22 12:46:20 [INFO]: 🔥 Subject seeded: 4 successfully! 
2026-03-22 12:46:20 [INFO]: GET /images/dna-pattern.png ::1 
2026-03-22 12:46:20 [INFO]: GET /images/molucule-structure.png ::1 
2026-03-22 12:46:20 [INFO]: 🔥 Unit seeded: 11 successfully! 
2026-03-22 12:46:20 [INFO]: 🔥 Topics seeded: 49 successfully! 
2026-03-22 12:46:21 [INFO]: 🔥 Questions seeded: 460 successfully! 
2026-03-22 12:46:21 [INFO]: ✅ All Exam database seeded successfully! 
2026-03-22 12:46:21 [INFO]: 🔥  Forced seeding of UserRoles Database enabled. 
2026-03-22 12:46:21 [INFO]: ⚠ Clearing old Users... 
2026-03-22 12:46:21 [INFO]: ⚠ Clearing old Roles... 
2026-03-22 12:46:21 [INFO]: ⚡ Seeding UserRoles Database ... 
2026-03-22 12:46:21 [INFO]: 🔥 Roles seeded: 5 successfully! 
2026-03-22 12:46:21 [INFO]: 🔥 Users seeded: 1 successfully! 
2026-03-22 12:46:21 [INFO]: ✅ All UserRole Database seeded successfully! 
2026-03-22 12:46:23 [INFO]: GET /mocktest/init/E4/S1 ::1 
2026-03-22 12:46:23 [INFO]: GET /css/desktopStyle.css ::1 
2026-03-22 12:46:23 [INFO]: GET /images/biobrain-logo1.png ::1 
2026-03-22 12:46:23 [INFO]: GET /js/navibar.js ::1 
2026-03-22 12:46:23 [INFO]: GET /units/E4/S1 ::1 
2026-03-22 12:46:26 [INFO]: GET /topics/E4/S1/U1 ::1 
2026-03-22 12:46:28 [INFO]: POST /mocktest/createorder ::1 
2026-03-22 12:46:28 [INFO]: GET /css/desktopStyle.css ::1 
2026-03-22 12:46:33 [INFO]: POST /mocktest/submit ::1 
2026-03-22 12:46:44 [INFO]: GET / ::1 
2026-03-22 12:46:44 [INFO]: GET /css/desktopStyle.css ::1 
2026-03-22 12:46:44 [INFO]: GET /images/biobrain-logo1.png ::1 
2026-03-22 12:46:44 [INFO]: GET /js/navibar.js ::1 
2026-03-22 12:46:46 [INFO]: GET /mocktest/init/E4/S1 ::1 
2026-03-22 12:46:46 [INFO]: GET /css/desktopStyle.css ::1 
2026-03-22 12:46:46 [INFO]: GET /images/biobrain-logo1.png ::1 
2026-03-22 12:46:46 [INFO]: GET /js/navibar.js ::1 
2026-03-22 12:46:46 [INFO]: GET /units/E4/S1 ::1 
2026-03-22 12:46:49 [INFO]: GET /topics/E4/S1/U1 ::1 
2026-03-22 12:46:51 [INFO]: POST /mocktest/createorder ::1 
2026-03-22 12:46:51 [INFO]: GET /css/desktopStyle.css ::1 
2026-03-22 12:47:04 [INFO]: GET / ::1 
2026-03-22 12:47:04 [INFO]: GET /css/desktopStyle.css ::1 
2026-03-22 12:47:04 [INFO]: GET /images/biobrain-logo1.png ::1 
2026-03-22 12:47:04 [INFO]: GET /js/navibar.js ::1 
2026-03-22 12:48:22 [INFO]: GET /keep-session-alive ::1 
2026-03-22 12:49:32 [INFO]: 🚀 Server running on port 3000 
2026-03-22 12:49:33 [INFO]: ✅ Connected to MongoDB 
2026-03-22 12:49:33 [INFO]: 🔥  Forced seeding of Exam Database enabled. 
2026-03-22 12:49:33 [INFO]: ⚠ Clearing old Questions... 
2026-03-22 12:49:33 [INFO]: ⚠ Clearing old Topics... 
2026-03-22 12:49:33 [INFO]: ⚠ Clearing old Units... 
2026-03-22 12:49:34 [INFO]: ⚠ Clearing old Subjects... 
2026-03-22 12:49:34 [INFO]: ⚠ Clearing old Exams... 
2026-03-22 12:49:34 [INFO]: ⚠ Clearing old Payments... 
2026-03-22 12:49:34 [INFO]: ⚡ Seeding Exam database... 
2026-03-22 12:49:35 [INFO]: 🔥 Exam seeded: 4 successfully! 
2026-03-22 12:49:35 [INFO]: 🔥 Subject seeded: 4 successfully! 
2026-03-22 12:49:35 [INFO]: 🔥 Unit seeded: 11 successfully! 
2026-03-22 12:49:35 [INFO]: 🔥 Topics seeded: 49 successfully! 
2026-03-22 12:49:35 [INFO]: 🔥 Questions seeded: 460 successfully! 
2026-03-22 12:49:35 [INFO]: ✅ All Exam database seeded successfully! 
2026-03-22 12:49:35 [INFO]: 🔥  Forced seeding of UserRoles Database enabled. 
2026-03-22 12:49:35 [INFO]: ⚠ Clearing old Users... 
2026-03-22 12:49:35 [INFO]: ⚠ Clearing old Roles... 
2026-03-22 12:49:35 [INFO]: ⚡ Seeding UserRoles Database ... 
2026-03-22 12:49:35 [INFO]: 🔥 Roles seeded: 5 successfully! 
2026-03-22 12:49:35 [INFO]: 🔥 Users seeded: 1 successfully! 
2026-03-22 12:49:35 [INFO]: ✅ All UserRole Database seeded successfully! 
