2026-03-26 12:24:31 [ERROR]: Error: querySrv ECONNREFUSED _mongodb._tcp.biobrainmdbcluster.vxuyat6.mongodb.net
    at QueryReqWrap.onresolve [as oncomplete] (node:internal/dns/promises:294:17) {"error":"querySrv ECONNREFUSED _mongodb._tcp.biobrainmdbcluster.vxuyat6.mongodb.net"}
2026-03-26 12:24:53 [ERROR]: Error: querySrv ECONNREFUSED _mongodb._tcp.biobrainmdbcluster.vxuyat6.mongodb.net
    at QueryReqWrap.onresolve [as oncomplete] (node:internal/dns/promises:294:17) {"error":"querySrv ECONNREFUSED _mongodb._tcp.biobrainmdbcluster.vxuyat6.mongodb.net"}
2026-03-26 18:26:38 [ERROR]: ReferenceError: D:\Projects\BioBrain\views\pages\desktop\index.ejs:78
    76|                 </thead>
    77|                 <tbody>
 >> 78|                     <% leaderboard.forEach((user, index)=> { %>
    79|                         <tr
    80|                             class="<%= currentuser && currentuser._id.toString() === user.userid.toString() ? 'current-user' : '' %>">
    81|                             <td>

leaderboard is not defined
    at eval ("D:\\Projects\\BioBrain\\views\\pages\\desktop\\index.ejs":15:8)
    at index (D:\Projects\BioBrain\node_modules\ejs\lib\ejs.js:703:17)
    at tryHandleCache (D:\Projects\BioBrain\node_modules\ejs\lib\ejs.js:274:36)
    at exports.renderFile [as engine] (D:\Projects\BioBrain\node_modules\ejs\lib\ejs.js:491:10)
    at View.render (D:\Projects\BioBrain\node_modules\express\lib\view.js:139:8)
    at tryRender (D:\Projects\BioBrain\node_modules\express\lib\application.js:627:10)
    at app.render (D:\Projects\BioBrain\node_modules\express\lib\application.js:574:3)
    at ServerResponse.render (D:\Projects\BioBrain\node_modules\express\lib\response.js:923:7)
    at D:\Projects\BioBrain\server.js:167:9
    at Layer.handleRequest (D:\Projects\BioBrain\node_modules\router\lib\layer.js:152:17) {"user":"Guest","ip":"::1"}
2026-03-26 18:27:24 [ERROR]: ReferenceError: D:\Projects\BioBrain\views\pages\desktop\index.ejs:78
    76|                 </thead>
    77|                 <tbody>
 >> 78|                     <% leaderboard.forEach((user, index)=> { %>
    79|                         <tr
    80|                             class="<%= currentuser && currentuser._id.toString() === user.userid.toString() ? 'current-user' : '' %>">
    81|                             <td>

leaderboard is not defined
    at eval ("D:\\Projects\\BioBrain\\views\\pages\\desktop\\index.ejs":15:8)
    at index (D:\Projects\BioBrain\node_modules\ejs\lib\ejs.js:703:17)
    at tryHandleCache (D:\Projects\BioBrain\node_modules\ejs\lib\ejs.js:274:36)
    at exports.renderFile [as engine] (D:\Projects\BioBrain\node_modules\ejs\lib\ejs.js:491:10)
    at View.render (D:\Projects\BioBrain\node_modules\express\lib\view.js:139:8)
    at tryRender (D:\Projects\BioBrain\node_modules\express\lib\application.js:627:10)
    at app.render (D:\Projects\BioBrain\node_modules\express\lib\application.js:574:3)
    at ServerResponse.render (D:\Projects\BioBrain\node_modules\express\lib\response.js:923:7)
    at D:\Projects\BioBrain\server.js:167:9
    at Layer.handleRequest (D:\Projects\BioBrain\node_modules\router\lib\layer.js:152:17) {"user":"Guest","ip":"::1"}
2026-03-26 18:27:26 [ERROR]: ReferenceError: D:\Projects\BioBrain\views\pages\desktop\index.ejs:78
    76|                 </thead>
    77|                 <tbody>
 >> 78|                     <% leaderboard.forEach((user, index)=> { %>
    79|                         <tr
    80|                             class="<%= currentuser && currentuser._id.toString() === user.userid.toString() ? 'current-user' : '' %>">
    81|                             <td>

leaderboard is not defined
    at eval ("D:\\Projects\\BioBrain\\views\\pages\\desktop\\index.ejs":15:8)
    at index (D:\Projects\BioBrain\node_modules\ejs\lib\ejs.js:703:17)
    at tryHandleCache (D:\Projects\BioBrain\node_modules\ejs\lib\ejs.js:274:36)
    at exports.renderFile [as engine] (D:\Projects\BioBrain\node_modules\ejs\lib\ejs.js:491:10)
    at View.render (D:\Projects\BioBrain\node_modules\express\lib\view.js:139:8)
    at tryRender (D:\Projects\BioBrain\node_modules\express\lib\application.js:627:10)
    at app.render (D:\Projects\BioBrain\node_modules\express\lib\application.js:574:3)
    at ServerResponse.render (D:\Projects\BioBrain\node_modules\express\lib\response.js:923:7)
    at D:\Projects\BioBrain\server.js:167:9
    at Layer.handleRequest (D:\Projects\BioBrain\node_modules\router\lib\layer.js:152:17) {"user":"Guest","ip":"::1"}
2026-03-26 18:27:33 [ERROR]: ReferenceError: D:\Projects\BioBrain\views\pages\desktop\index.ejs:78
    76|                 </thead>
    77|                 <tbody>
 >> 78|                     <% leaderboard.forEach((user, index)=> { %>
    79|                         <tr
    80|                             class="<%= currentuser && currentuser._id.toString() === user.userid.toString() ? 'current-user' : '' %>">
    81|                             <td>

leaderboard is not defined
    at eval ("D:\\Projects\\BioBrain\\views\\pages\\desktop\\index.ejs":15:8)
    at index (D:\Projects\BioBrain\node_modules\ejs\lib\ejs.js:703:17)
    at tryHandleCache (D:\Projects\BioBrain\node_modules\ejs\lib\ejs.js:274:36)
    at exports.renderFile [as engine] (D:\Projects\BioBrain\node_modules\ejs\lib\ejs.js:491:10)
    at View.render (D:\Projects\BioBrain\node_modules\express\lib\view.js:139:8)
    at tryRender (D:\Projects\BioBrain\node_modules\express\lib\application.js:627:10)
    at app.render (D:\Projects\BioBrain\node_modules\express\lib\application.js:574:3)
    at ServerResponse.render (D:\Projects\BioBrain\node_modules\express\lib\response.js:923:7)
    at D:\Projects\BioBrain\server.js:167:9
    at Layer.handleRequest (D:\Projects\BioBrain\node_modules\router\lib\layer.js:152:17) {"user":"Guest","ip":"::1"}
2026-03-26 18:27:36 [ERROR]: ReferenceError: D:\Projects\BioBrain\views\pages\desktop\index.ejs:78
    76|                 </thead>
    77|                 <tbody>
 >> 78|                     <% leaderboard.forEach((user, index)=> { %>
    79|                         <tr
    80|                             class="<%= currentuser && currentuser._id.toString() === user.userid.toString() ? 'current-user' : '' %>">
    81|                             <td>

leaderboard is not defined
    at eval ("D:\\Projects\\BioBrain\\views\\pages\\desktop\\index.ejs":15:8)
    at index (D:\Projects\BioBrain\node_modules\ejs\lib\ejs.js:703:17)
    at tryHandleCache (D:\Projects\BioBrain\node_modules\ejs\lib\ejs.js:274:36)
    at exports.renderFile [as engine] (D:\Projects\BioBrain\node_modules\ejs\lib\ejs.js:491:10)
    at View.render (D:\Projects\BioBrain\node_modules\express\lib\view.js:139:8)
    at tryRender (D:\Projects\BioBrain\node_modules\express\lib\application.js:627:10)
    at app.render (D:\Projects\BioBrain\node_modules\express\lib\application.js:574:3)
    at ServerResponse.render (D:\Projects\BioBrain\node_modules\express\lib\response.js:923:7)
    at D:\Projects\BioBrain\server.js:167:9
    at Layer.handleRequest (D:\Projects\BioBrain\node_modules\router\lib\layer.js:152:17) {"user":"Guest","ip":"::1"}
2026-03-26 18:33:10 [ERROR]: ReferenceError: D:\Projects\BioBrain\views\pages\desktop\index.ejs:78
    76|                 </thead>
    77|                 <tbody>
 >> 78|                     <% leaderboard.forEach((user, index)=> { %>
    79|                         <tr
    80|                             class="<%= currentuser && currentuser._id.toString() === user.userid.toString() ? 'current-user' : '' %>">
    81|                             <td>

leaderboard is not defined
    at eval ("D:\\Projects\\BioBrain\\views\\pages\\desktop\\index.ejs":15:8)
    at index (D:\Projects\BioBrain\node_modules\ejs\lib\ejs.js:703:17)
    at tryHandleCache (D:\Projects\BioBrain\node_modules\ejs\lib\ejs.js:274:36)
    at exports.renderFile [as engine] (D:\Projects\BioBrain\node_modules\ejs\lib\ejs.js:491:10)
    at View.render (D:\Projects\BioBrain\node_modules\express\lib\view.js:139:8)
    at tryRender (D:\Projects\BioBrain\node_modules\express\lib\application.js:627:10)
    at app.render (D:\Projects\BioBrain\node_modules\express\lib\application.js:574:3)
    at ServerResponse.render (D:\Projects\BioBrain\node_modules\express\lib\response.js:923:7)
    at D:\Projects\BioBrain\server.js:167:9
    at Layer.handleRequest (D:\Projects\BioBrain\node_modules\router\lib\layer.js:152:17) {"user":"Guest","ip":"::1"}
2026-03-26 18:33:12 [ERROR]: ReferenceError: D:\Projects\BioBrain\views\pages\desktop\index.ejs:78
    76|                 </thead>
    77|                 <tbody>
 >> 78|                     <% leaderboard.forEach((user, index)=> { %>
    79|                         <tr
    80|                             class="<%= currentuser && currentuser._id.toString() === user.userid.toString() ? 'current-user' : '' %>">
    81|                             <td>

leaderboard is not defined
    at eval ("D:\\Projects\\BioBrain\\views\\pages\\desktop\\index.ejs":15:8)
    at index (D:\Projects\BioBrain\node_modules\ejs\lib\ejs.js:703:17)
    at tryHandleCache (D:\Projects\BioBrain\node_modules\ejs\lib\ejs.js:274:36)
    at exports.renderFile [as engine] (D:\Projects\BioBrain\node_modules\ejs\lib\ejs.js:491:10)
    at View.render (D:\Projects\BioBrain\node_modules\express\lib\view.js:139:8)
    at tryRender (D:\Projects\BioBrain\node_modules\express\lib\application.js:627:10)
    at app.render (D:\Projects\BioBrain\node_modules\express\lib\application.js:574:3)
    at ServerResponse.render (D:\Projects\BioBrain\node_modules\express\lib\response.js:923:7)
    at D:\Projects\BioBrain\server.js:167:9
    at Layer.handleRequest (D:\Projects\BioBrain\node_modules\router\lib\layer.js:152:17) {"user":"Guest","ip":"::1"}
2026-03-26 18:34:17 [ERROR]: ReferenceError: D:\Projects\BioBrain\views\pages\desktop\index.ejs:78
    76|                 </thead>
    77|                 <tbody>
 >> 78|                     <% leaderboard.forEach((user, index)=> { %>
    79|                         <tr
    80|                             class="<%= currentuser && currentuser._id.toString() === user.userid.toString() ? 'current-user' : '' %>">
    81|                             <td>

leaderboard is not defined
    at eval ("D:\\Projects\\BioBrain\\views\\pages\\desktop\\index.ejs":15:8)
    at index (D:\Projects\BioBrain\node_modules\ejs\lib\ejs.js:703:17)
    at tryHandleCache (D:\Projects\BioBrain\node_modules\ejs\lib\ejs.js:274:36)
    at exports.renderFile [as engine] (D:\Projects\BioBrain\node_modules\ejs\lib\ejs.js:491:10)
    at View.render (D:\Projects\BioBrain\node_modules\express\lib\view.js:139:8)
    at tryRender (D:\Projects\BioBrain\node_modules\express\lib\application.js:627:10)
    at app.render (D:\Projects\BioBrain\node_modules\express\lib\application.js:574:3)
    at ServerResponse.render (D:\Projects\BioBrain\node_modules\express\lib\response.js:923:7)
    at D:\Projects\BioBrain\server.js:167:9
    at Layer.handleRequest (D:\Projects\BioBrain\node_modules\router\lib\layer.js:152:17) {"user":"Guest","ip":"::1"}
2026-03-26 18:36:49 [ERROR]: ReferenceError: D:\Projects\BioBrain\views\pages\desktop\index.ejs:78
    76|                 </thead>
    77|                 <tbody>
 >> 78|                     <% leaderboard.forEach((user, index)=> { %>
    79|                         <tr
    80|                             class="<%= currentuser && currentuser._id.toString() === user.userid.toString() ? 'current-user' : '' %>">
    81|                             <td>

leaderboard is not defined
    at eval ("D:\\Projects\\BioBrain\\views\\pages\\desktop\\index.ejs":15:8)
    at index (D:\Projects\BioBrain\node_modules\ejs\lib\ejs.js:703:17)
    at tryHandleCache (D:\Projects\BioBrain\node_modules\ejs\lib\ejs.js:274:36)
    at exports.renderFile [as engine] (D:\Projects\BioBrain\node_modules\ejs\lib\ejs.js:491:10)
    at View.render (D:\Projects\BioBrain\node_modules\express\lib\view.js:139:8)
    at tryRender (D:\Projects\BioBrain\node_modules\express\lib\application.js:627:10)
    at app.render (D:\Projects\BioBrain\node_modules\express\lib\application.js:574:3)
    at ServerResponse.render (D:\Projects\BioBrain\node_modules\express\lib\response.js:923:7)
    at D:\Projects\BioBrain\server.js:167:9
    at Layer.handleRequest (D:\Projects\BioBrain\node_modules\router\lib\layer.js:152:17) {"user":"Guest","ip":"::1"}
2026-03-26 18:36:54 [ERROR]: ReferenceError: D:\Projects\BioBrain\views\pages\desktop\index.ejs:78
    76|                 </thead>
    77|                 <tbody>
 >> 78|                     <% leaderboard.forEach((user, index)=> { %>
    79|                         <tr
    80|                             class="<%= currentuser && currentuser._id.toString() === user.userid.toString() ? 'current-user' : '' %>">
    81|                             <td>

leaderboard is not defined
    at eval ("D:\\Projects\\BioBrain\\views\\pages\\desktop\\index.ejs":15:8)
    at index (D:\Projects\BioBrain\node_modules\ejs\lib\ejs.js:703:17)
    at tryHandleCache (D:\Projects\BioBrain\node_modules\ejs\lib\ejs.js:274:36)
    at exports.renderFile [as engine] (D:\Projects\BioBrain\node_modules\ejs\lib\ejs.js:491:10)
    at View.render (D:\Projects\BioBrain\node_modules\express\lib\view.js:139:8)
    at tryRender (D:\Projects\BioBrain\node_modules\express\lib\application.js:627:10)
    at app.render (D:\Projects\BioBrain\node_modules\express\lib\application.js:574:3)
    at ServerResponse.render (D:\Projects\BioBrain\node_modules\express\lib\response.js:923:7)
    at D:\Projects\BioBrain\server.js:167:9
    at Layer.handleRequest (D:\Projects\BioBrain\node_modules\router\lib\layer.js:152:17) {"user":"Guest","ip":"::1"}
2026-03-26 18:37:37 [ERROR]: ReferenceError: D:\Projects\BioBrain\views\pages\desktop\index.ejs:78
    76|                 </thead>
    77|                 <tbody>
 >> 78|                     <% leaderboard.forEach((user, index)=> { %>
    79|                         <tr
    80|                             class="<%= currentuser && currentuser._id.toString() === user.userid.toString() ? 'current-user' : '' %>">
    81|                             <td>

leaderboard is not defined
    at eval ("D:\\Projects\\BioBrain\\views\\pages\\desktop\\index.ejs":15:8)
    at index (D:\Projects\BioBrain\node_modules\ejs\lib\ejs.js:703:17)
    at tryHandleCache (D:\Projects\BioBrain\node_modules\ejs\lib\ejs.js:274:36)
    at exports.renderFile [as engine] (D:\Projects\BioBrain\node_modules\ejs\lib\ejs.js:491:10)
    at View.render (D:\Projects\BioBrain\node_modules\express\lib\view.js:139:8)
    at tryRender (D:\Projects\BioBrain\node_modules\express\lib\application.js:627:10)
    at app.render (D:\Projects\BioBrain\node_modules\express\lib\application.js:574:3)
    at ServerResponse.render (D:\Projects\BioBrain\node_modules\express\lib\response.js:923:7)
    at D:\Projects\BioBrain\server.js:167:9
    at Layer.handleRequest (D:\Projects\BioBrain\node_modules\router\lib\layer.js:152:17) {"user":"Guest","ip":"::ffff:127.0.0.1"}
2026-03-26 18:37:41 [ERROR]: ReferenceError: D:\Projects\BioBrain\views\pages\desktop\index.ejs:78
    76|                 </thead>
    77|                 <tbody>
 >> 78|                     <% leaderboard.forEach((user, index)=> { %>
    79|                         <tr
    80|                             class="<%= currentuser && currentuser._id.toString() === user.userid.toString() ? 'current-user' : '' %>">
    81|                             <td>

leaderboard is not defined
    at eval ("D:\\Projects\\BioBrain\\views\\pages\\desktop\\index.ejs":15:8)
    at index (D:\Projects\BioBrain\node_modules\ejs\lib\ejs.js:703:17)
    at tryHandleCache (D:\Projects\BioBrain\node_modules\ejs\lib\ejs.js:274:36)
    at exports.renderFile [as engine] (D:\Projects\BioBrain\node_modules\ejs\lib\ejs.js:491:10)
    at View.render (D:\Projects\BioBrain\node_modules\express\lib\view.js:139:8)
    at tryRender (D:\Projects\BioBrain\node_modules\express\lib\application.js:627:10)
    at app.render (D:\Projects\BioBrain\node_modules\express\lib\application.js:574:3)
    at ServerResponse.render (D:\Projects\BioBrain\node_modules\express\lib\response.js:923:7)
    at D:\Projects\BioBrain\server.js:167:9
    at Layer.handleRequest (D:\Projects\BioBrain\node_modules\router\lib\layer.js:152:17) {"user":"Guest","ip":"::ffff:127.0.0.1"}
2026-03-26 18:37:43 [ERROR]: ReferenceError: D:\Projects\BioBrain\views\pages\desktop\index.ejs:78
    76|                 </thead>
    77|                 <tbody>
 >> 78|                     <% leaderboard.forEach((user, index)=> { %>
    79|                         <tr
    80|                             class="<%= currentuser && currentuser._id.toString() === user.userid.toString() ? 'current-user' : '' %>">
    81|                             <td>

leaderboard is not defined
    at eval ("D:\\Projects\\BioBrain\\views\\pages\\desktop\\index.ejs":15:8)
    at index (D:\Projects\BioBrain\node_modules\ejs\lib\ejs.js:703:17)
    at tryHandleCache (D:\Projects\BioBrain\node_modules\ejs\lib\ejs.js:274:36)
    at exports.renderFile [as engine] (D:\Projects\BioBrain\node_modules\ejs\lib\ejs.js:491:10)
    at View.render (D:\Projects\BioBrain\node_modules\express\lib\view.js:139:8)
    at tryRender (D:\Projects\BioBrain\node_modules\express\lib\application.js:627:10)
    at app.render (D:\Projects\BioBrain\node_modules\express\lib\application.js:574:3)
    at ServerResponse.render (D:\Projects\BioBrain\node_modules\express\lib\response.js:923:7)
    at D:\Projects\BioBrain\server.js:167:9
    at Layer.handleRequest (D:\Projects\BioBrain\node_modules\router\lib\layer.js:152:17) {"user":"Guest","ip":"::ffff:127.0.0.1"}
2026-03-26 18:37:56 [ERROR]: ReferenceError: D:\Projects\BioBrain\views\pages\desktop\index.ejs:78
    76|                 </thead>
    77|                 <tbody>
 >> 78|                     <% leaderboard.forEach((user, index)=> { %>
    79|                         <tr
    80|                             class="<%= currentuser && currentuser._id.toString() === user.userid.toString() ? 'current-user' : '' %>">
    81|                             <td>

leaderboard is not defined
    at eval ("D:\\Projects\\BioBrain\\views\\pages\\desktop\\index.ejs":15:8)
    at index (D:\Projects\BioBrain\node_modules\ejs\lib\ejs.js:703:17)
    at tryHandleCache (D:\Projects\BioBrain\node_modules\ejs\lib\ejs.js:274:36)
    at exports.renderFile [as engine] (D:\Projects\BioBrain\node_modules\ejs\lib\ejs.js:491:10)
    at View.render (D:\Projects\BioBrain\node_modules\express\lib\view.js:139:8)
    at tryRender (D:\Projects\BioBrain\node_modules\express\lib\application.js:627:10)
    at app.render (D:\Projects\BioBrain\node_modules\express\lib\application.js:574:3)
    at ServerResponse.render (D:\Projects\BioBrain\node_modules\express\lib\response.js:923:7)
    at D:\Projects\BioBrain\server.js:167:9
    at Layer.handleRequest (D:\Projects\BioBrain\node_modules\router\lib\layer.js:152:17) {"user":"Guest","ip":"::1"}
2026-03-26 18:37:57 [ERROR]: ReferenceError: D:\Projects\BioBrain\views\pages\desktop\index.ejs:78
    76|                 </thead>
    77|                 <tbody>
 >> 78|                     <% leaderboard.forEach((user, index)=> { %>
    79|                         <tr
    80|                             class="<%= currentuser && currentuser._id.toString() === user.userid.toString() ? 'current-user' : '' %>">
    81|                             <td>

leaderboard is not defined
    at eval ("D:\\Projects\\BioBrain\\views\\pages\\desktop\\index.ejs":15:8)
    at index (D:\Projects\BioBrain\node_modules\ejs\lib\ejs.js:703:17)
    at tryHandleCache (D:\Projects\BioBrain\node_modules\ejs\lib\ejs.js:274:36)
    at exports.renderFile [as engine] (D:\Projects\BioBrain\node_modules\ejs\lib\ejs.js:491:10)
    at View.render (D:\Projects\BioBrain\node_modules\express\lib\view.js:139:8)
    at tryRender (D:\Projects\BioBrain\node_modules\express\lib\application.js:627:10)
    at app.render (D:\Projects\BioBrain\node_modules\express\lib\application.js:574:3)
    at ServerResponse.render (D:\Projects\BioBrain\node_modules\express\lib\response.js:923:7)
    at D:\Projects\BioBrain\server.js:167:9
    at Layer.handleRequest (D:\Projects\BioBrain\node_modules\router\lib\layer.js:152:17) {"user":"Guest","ip":"::1"}
2026-03-26 18:38:31 [ERROR]: ReferenceError: D:\Projects\BioBrain\views\pages\desktop\index.ejs:78
    76|                 </thead>
    77|                 <tbody>
 >> 78|                     <% leaderboard.forEach((user, index)=> { %>
    79|                         <tr
    80|                             class="<%= currentuser && currentuser._id.toString() === user.userid.toString() ? 'current-user' : '' %>">
    81|                             <td>

leaderboard is not defined
    at eval ("D:\\Projects\\BioBrain\\views\\pages\\desktop\\index.ejs":15:8)
    at index (D:\Projects\BioBrain\node_modules\ejs\lib\ejs.js:703:17)
    at tryHandleCache (D:\Projects\BioBrain\node_modules\ejs\lib\ejs.js:274:36)
    at exports.renderFile [as engine] (D:\Projects\BioBrain\node_modules\ejs\lib\ejs.js:491:10)
    at View.render (D:\Projects\BioBrain\node_modules\express\lib\view.js:139:8)
    at tryRender (D:\Projects\BioBrain\node_modules\express\lib\application.js:627:10)
    at app.render (D:\Projects\BioBrain\node_modules\express\lib\application.js:574:3)
    at ServerResponse.render (D:\Projects\BioBrain\node_modules\express\lib\response.js:923:7)
    at D:\Projects\BioBrain\server.js:167:9
    at Layer.handleRequest (D:\Projects\BioBrain\node_modules\router\lib\layer.js:152:17) {"user":"Guest","ip":"::1"}
2026-03-26 18:38:31 [ERROR]: ReferenceError: D:\Projects\BioBrain\views\pages\desktop\index.ejs:78
    76|                 </thead>
    77|                 <tbody>
 >> 78|                     <% leaderboard.forEach((user, index)=> { %>
    79|                         <tr
    80|                             class="<%= currentuser && currentuser._id.toString() === user.userid.toString() ? 'current-user' : '' %>">
    81|                             <td>

leaderboard is not defined
    at eval ("D:\\Projects\\BioBrain\\views\\pages\\desktop\\index.ejs":15:8)
    at index (D:\Projects\BioBrain\node_modules\ejs\lib\ejs.js:703:17)
    at tryHandleCache (D:\Projects\BioBrain\node_modules\ejs\lib\ejs.js:274:36)
    at exports.renderFile [as engine] (D:\Projects\BioBrain\node_modules\ejs\lib\ejs.js:491:10)
    at View.render (D:\Projects\BioBrain\node_modules\express\lib\view.js:139:8)
    at tryRender (D:\Projects\BioBrain\node_modules\express\lib\application.js:627:10)
    at app.render (D:\Projects\BioBrain\node_modules\express\lib\application.js:574:3)
    at ServerResponse.render (D:\Projects\BioBrain\node_modules\express\lib\response.js:923:7)
    at D:\Projects\BioBrain\server.js:167:9
    at Layer.handleRequest (D:\Projects\BioBrain\node_modules\router\lib\layer.js:152:17) {"user":"Guest","ip":"::1"}
2026-03-26 18:40:35 [ERROR]: ReferenceError: D:\Projects\BioBrain\views\pages\desktop\index.ejs:78
    76|                 </thead>
    77|                 <tbody>
 >> 78|                     <% leaderboard.forEach((user, index)=> { %>
    79|                         <tr
    80|                             class="<%= currentuser && currentuser._id.toString() === user.userid.toString() ? 'current-user' : '' %>">
    81|                             <td>

leaderboard is not defined
    at eval ("D:\\Projects\\BioBrain\\views\\pages\\desktop\\index.ejs":15:8)
    at index (D:\Projects\BioBrain\node_modules\ejs\lib\ejs.js:703:17)
    at tryHandleCache (D:\Projects\BioBrain\node_modules\ejs\lib\ejs.js:274:36)
    at exports.renderFile [as engine] (D:\Projects\BioBrain\node_modules\ejs\lib\ejs.js:491:10)
    at View.render (D:\Projects\BioBrain\node_modules\express\lib\view.js:139:8)
    at tryRender (D:\Projects\BioBrain\node_modules\express\lib\application.js:627:10)
    at app.render (D:\Projects\BioBrain\node_modules\express\lib\application.js:574:3)
    at ServerResponse.render (D:\Projects\BioBrain\node_modules\express\lib\response.js:923:7)
    at D:\Projects\BioBrain\server.js:167:9
    at Layer.handleRequest (D:\Projects\BioBrain\node_modules\router\lib\layer.js:152:17) {"user":"Guest","ip":"::1"}
2026-03-26 18:40:37 [ERROR]: ReferenceError: D:\Projects\BioBrain\views\pages\desktop\index.ejs:78
    76|                 </thead>
    77|                 <tbody>
 >> 78|                     <% leaderboard.forEach((user, index)=> { %>
    79|                         <tr
    80|                             class="<%= currentuser && currentuser._id.toString() === user.userid.toString() ? 'current-user' : '' %>">
    81|                             <td>

leaderboard is not defined
    at eval ("D:\\Projects\\BioBrain\\views\\pages\\desktop\\index.ejs":15:8)
    at index (D:\Projects\BioBrain\node_modules\ejs\lib\ejs.js:703:17)
    at tryHandleCache (D:\Projects\BioBrain\node_modules\ejs\lib\ejs.js:274:36)
    at exports.renderFile [as engine] (D:\Projects\BioBrain\node_modules\ejs\lib\ejs.js:491:10)
    at View.render (D:\Projects\BioBrain\node_modules\express\lib\view.js:139:8)
    at tryRender (D:\Projects\BioBrain\node_modules\express\lib\application.js:627:10)
    at app.render (D:\Projects\BioBrain\node_modules\express\lib\application.js:574:3)
    at ServerResponse.render (D:\Projects\BioBrain\node_modules\express\lib\response.js:923:7)
    at D:\Projects\BioBrain\server.js:167:9
    at Layer.handleRequest (D:\Projects\BioBrain\node_modules\router\lib\layer.js:152:17) {"user":"Guest","ip":"::1"}
