2026-03-24 16:45:30 [ERROR]: Error: Unable to find the session to touch
    at D:\Projects\BioBrainMdb\node_modules\connect-mongo\dist\index.cjs:385:194
    at process.processTicksAndRejections (node:internal/process/task_queues:103:5) {"user":"Guest","ip":"::1"}
2026-03-24 16:45:30 [ERROR]: Error: Unable to find the session to touch
    at D:\Projects\BioBrainMdb\node_modules\connect-mongo\dist\index.cjs:385:194
    at process.processTicksAndRejections (node:internal/process/task_queues:103:5) {"user":"Guest","ip":"::1"}
2026-03-24 18:16:26 [ERROR]: ReferenceError: D:\Projects\BioBrainMdb\views\pages\desktop\admin\exams\exam.ejs:108
    106| <body>
    107| 
 >> 108| <%- include('../../../../partials/admin/header') %>
    109| 
    110| <div class="admin-container">
    111| 

D:\Projects\BioBrainMdb\views\partials\admin\header.ejs:8
    6|     <div class="header-right">
    7|         <span class="welcome-text">
 >> 8|             Welcome, <%= username ? username : "ADMIN" %>
    9|         </span>
    10| 
    11|         <a href="/" class="home-btn">Home</a>

username is not defined
    at eval ("D:\\Projects\\BioBrainMdb\\views\\partials\\admin\\header.ejs":12:26)
    at header (D:\Projects\BioBrainMdb\node_modules\ejs\lib\ejs.js:703:17)
    at include (D:\Projects\BioBrainMdb\node_modules\ejs\lib\ejs.js:701:39)
    at eval ("D:\\Projects\\BioBrainMdb\\views\\pages\\desktop\\admin\\exams\\exam.ejs":12:17)
    at exam (D:\Projects\BioBrainMdb\node_modules\ejs\lib\ejs.js:703:17)
    at tryHandleCache (D:\Projects\BioBrainMdb\node_modules\ejs\lib\ejs.js:274:36)
    at exports.renderFile [as engine] (D:\Projects\BioBrainMdb\node_modules\ejs\lib\ejs.js:491:10)
    at View.render (D:\Projects\BioBrainMdb\node_modules\express\lib\view.js:139:8)
    at tryRender (D:\Projects\BioBrainMdb\node_modules\express\lib\application.js:627:10)
    at app.render (D:\Projects\BioBrainMdb\node_modules\express\lib\application.js:574:3) {"user":"Guest","ip":"::1"}
