2026-03-22 08:50:37 [ERROR]: Error: querySrv ECONNREFUSED _mongodb._tcp.biobrainmdbcluster.vxuyat6.mongodb.net
    at QueryReqWrap.onresolve [as oncomplete] (node:internal/dns/promises:294:17) {"error":"querySrv ECONNREFUSED _mongodb._tcp.biobrainmdbcluster.vxuyat6.mongodb.net"}
2026-03-22 08:52:21 [ERROR]: Error: querySrv ECONNREFUSED _mongodb._tcp.biobrainmdbcluster.vxuyat6.mongodb.net
    at QueryReqWrap.onresolve [as oncomplete] (node:internal/dns/promises:294:17) {"error":"querySrv ECONNREFUSED _mongodb._tcp.biobrainmdbcluster.vxuyat6.mongodb.net"}
2026-03-22 08:55:18 [ERROR]: Error: querySrv ECONNREFUSED _mongodb._tcp.biobrainmdbcluster.vxuyat6.mongodb.net
    at QueryReqWrap.onresolve [as oncomplete] (node:internal/dns/promises:294:17) {"error":"querySrv ECONNREFUSED _mongodb._tcp.biobrainmdbcluster.vxuyat6.mongodb.net"}
2026-03-22 09:00:44 [ERROR]: Error: querySrv ECONNREFUSED _mongodb._tcp.biobrainmdbcluster.vxuyat6.mongodb.net
    at QueryReqWrap.onresolve [as oncomplete] (node:internal/dns/promises:294:17) {"error":"querySrv ECONNREFUSED _mongodb._tcp.biobrainmdbcluster.vxuyat6.mongodb.net"}
2026-03-22 11:10:03 [ERROR]: Error: ENOENT: no such file or directory, open 'D:\Projects\BioBrainMdb\datafeed\factory\questiontable1.json'
    at Object.openSync (node:fs:559:18)
    at Object.readFileSync (node:fs:443:35)
    at autoSeedExamDb (D:\Projects\BioBrainMdb\utils\autoSeeder.js:122:41)
    at process.processTicksAndRejections (node:internal/process/task_queues:103:5)
    at async autoSeed (D:\Projects\BioBrainMdb\utils\autoSeeder.js:34:7)
    at async D:\Projects\BioBrainMdb\server.js:74:5 {"errno":-4058,"code":"ENOENT","syscall":"open","path":"D:\\Projects\\BioBrainMdb\\datafeed\\factory\\questiontable1.json"}
2026-03-22 21:20:43 [ERROR]: Error: Failed to lookup view "errors/403" in views directory "D:\Projects\BioBrainMdb\views"
    at app.render (D:\Projects\BioBrainMdb\node_modules\express\lib\application.js:562:17)
    at ServerResponse.render (D:\Projects\BioBrainMdb\node_modules\express\lib\response.js:923:7)
    at D:\Projects\BioBrainMdb\middleware\authorize.js:13:36
    at Layer.handleRequest (D:\Projects\BioBrainMdb\node_modules\router\lib\layer.js:152:17)
    at trimPrefix (D:\Projects\BioBrainMdb\node_modules\router\index.js:342:13)
    at D:\Projects\BioBrainMdb\node_modules\router\index.js:297:9
    at processParams (D:\Projects\BioBrainMdb\node_modules\router\index.js:582:12)
    at next (D:\Projects\BioBrainMdb\node_modules\router\index.js:291:5)
    at requireLogin (D:\Projects\BioBrainMdb\middleware\requireLogin.js:7:3)
    at Layer.handleRequest (D:\Projects\BioBrainMdb\node_modules\router\lib\layer.js:152:17) {"user":"Guest","ip":"::1"}
2026-03-22 21:20:52 [ERROR]: Error: Failed to lookup view "errors/403" in views directory "D:\Projects\BioBrainMdb\views"
    at app.render (D:\Projects\BioBrainMdb\node_modules\express\lib\application.js:562:17)
    at ServerResponse.render (D:\Projects\BioBrainMdb\node_modules\express\lib\response.js:923:7)
    at D:\Projects\BioBrainMdb\middleware\authorize.js:13:36
    at Layer.handleRequest (D:\Projects\BioBrainMdb\node_modules\router\lib\layer.js:152:17)
    at trimPrefix (D:\Projects\BioBrainMdb\node_modules\router\index.js:342:13)
    at D:\Projects\BioBrainMdb\node_modules\router\index.js:297:9
    at processParams (D:\Projects\BioBrainMdb\node_modules\router\index.js:582:12)
    at next (D:\Projects\BioBrainMdb\node_modules\router\index.js:291:5)
    at requireLogin (D:\Projects\BioBrainMdb\middleware\requireLogin.js:7:3)
    at Layer.handleRequest (D:\Projects\BioBrainMdb\node_modules\router\lib\layer.js:152:17) {"user":"Guest","ip":"::1"}
2026-03-22 21:21:14 [ERROR]: Error: Failed to lookup view "errors/403" in views directory "D:\Projects\BioBrainMdb\views"
    at app.render (D:\Projects\BioBrainMdb\node_modules\express\lib\application.js:562:17)
    at ServerResponse.render (D:\Projects\BioBrainMdb\node_modules\express\lib\response.js:923:7)
    at D:\Projects\BioBrainMdb\middleware\authorize.js:13:36
    at Layer.handleRequest (D:\Projects\BioBrainMdb\node_modules\router\lib\layer.js:152:17)
    at trimPrefix (D:\Projects\BioBrainMdb\node_modules\router\index.js:342:13)
    at D:\Projects\BioBrainMdb\node_modules\router\index.js:297:9
    at processParams (D:\Projects\BioBrainMdb\node_modules\router\index.js:582:12)
    at next (D:\Projects\BioBrainMdb\node_modules\router\index.js:291:5)
    at requireLogin (D:\Projects\BioBrainMdb\middleware\requireLogin.js:7:3)
    at Layer.handleRequest (D:\Projects\BioBrainMdb\node_modules\router\lib\layer.js:152:17) {"user":"Guest","ip":"::1"}
2026-03-22 21:22:25 [ERROR]: Error: Failed to lookup view "errors/403" in views directory "D:\Projects\BioBrainMdb\views"
    at app.render (D:\Projects\BioBrainMdb\node_modules\express\lib\application.js:562:17)
    at ServerResponse.render (D:\Projects\BioBrainMdb\node_modules\express\lib\response.js:923:7)
    at D:\Projects\BioBrainMdb\middleware\authorize.js:13:36
    at Layer.handleRequest (D:\Projects\BioBrainMdb\node_modules\router\lib\layer.js:152:17)
    at trimPrefix (D:\Projects\BioBrainMdb\node_modules\router\index.js:342:13)
    at D:\Projects\BioBrainMdb\node_modules\router\index.js:297:9
    at processParams (D:\Projects\BioBrainMdb\node_modules\router\index.js:582:12)
    at next (D:\Projects\BioBrainMdb\node_modules\router\index.js:291:5)
    at requireLogin (D:\Projects\BioBrainMdb\middleware\requireLogin.js:7:3)
    at Layer.handleRequest (D:\Projects\BioBrainMdb\node_modules\router\lib\layer.js:152:17) {"user":"Guest","ip":"::1"}
2026-03-22 21:27:52 [ERROR]: Error: Failed to lookup view "errors/403" in views directory "D:\Projects\BioBrainMdb\views"
    at app.render (D:\Projects\BioBrainMdb\node_modules\express\lib\application.js:562:17)
    at ServerResponse.render (D:\Projects\BioBrainMdb\node_modules\express\lib\response.js:923:7)
    at D:\Projects\BioBrainMdb\middleware\authorize.js:13:36
    at Layer.handleRequest (D:\Projects\BioBrainMdb\node_modules\router\lib\layer.js:152:17)
    at trimPrefix (D:\Projects\BioBrainMdb\node_modules\router\index.js:342:13)
    at D:\Projects\BioBrainMdb\node_modules\router\index.js:297:9
    at processParams (D:\Projects\BioBrainMdb\node_modules\router\index.js:582:12)
    at next (D:\Projects\BioBrainMdb\node_modules\router\index.js:291:5)
    at requireLogin (D:\Projects\BioBrainMdb\middleware\requireLogin.js:7:3)
    at Layer.handleRequest (D:\Projects\BioBrainMdb\node_modules\router\lib\layer.js:152:17) {"user":"Guest","ip":"::1"}
2026-03-22 22:24:39 [ERROR]: ValidationError: Question validation failed: difficulty_level: `medium` is not a valid enum value for path `difficulty_level`.
    at model.validate (D:\Projects\BioBrainMdb\node_modules\mongoose\lib\document.js:2864:36)
    at process.processTicksAndRejections (node:internal/process/task_queues:103:5) {"errors":{"difficulty_level":{"name":"ValidatorError","message":"`medium` is not a valid enum value for path `difficulty_level`.","properties":{"message":"`medium` is not a valid enum value for path `difficulty_level`.","type":"enum","enumValues":["easy","hard"],"path":"difficulty_level","value":"medium","length":6},"kind":"enum","path":"difficulty_level","value":"medium"}},"_message":"Question validation failed"}
